{"/root/PERSONAL_PROJECTS/duty/src/utils.js":{"path":"/root/PERSONAL_PROJECTS/duty/src/utils.js","s":{"1":1,"2":1,"3":1,"4":1,"5":1,"6":1,"7":18,"8":1,"9":11,"10":1,"11":2,"12":1,"13":5,"14":5,"15":5,"16":1,"17":2,"18":1,"19":2,"20":2,"21":0,"22":2,"23":1,"24":7,"25":7,"26":4,"27":4,"28":4,"29":3,"30":1,"31":3,"32":3,"33":1,"34":1,"35":1,"36":2,"37":1,"38":3,"39":3,"40":1,"41":1,"42":1,"43":2,"44":1,"45":3,"46":3,"47":1,"48":1,"49":1,"50":2,"51":1,"52":3,"53":3,"54":1,"55":1,"56":1,"57":2,"58":1,"59":3,"60":3,"61":1,"62":1,"63":1,"64":2,"65":1,"66":5,"67":5,"68":2,"69":2,"70":2,"71":3,"72":1,"73":6,"74":6,"75":5,"76":5,"77":6,"78":6,"79":5,"80":1,"81":1},"b":{"1":[0,11],"2":[0,2],"3":[2,1,1],"4":[0,0],"5":[0,6]},"f":{"1":2,"2":7,"3":3,"4":3,"5":3,"6":3,"7":3,"8":5,"9":6},"fnMap":{"1":{"name":"isExists","line":31,"loc":{"start":{"line":31,"column":0},"end":{"line":31,"column":34}}},"2":{"name":"addOption","line":48,"loc":{"start":{"line":48,"column":0},"end":{"line":48,"column":51}}},"3":{"name":"appendOption","line":73,"loc":{"start":{"line":73,"column":0},"end":{"line":73,"column":36}}},"4":{"name":"replaceOption","line":95,"loc":{"start":{"line":95,"column":0},"end":{"line":95,"column":44}}},"5":{"name":"markCompletedOption","line":115,"loc":{"start":{"line":115,"column":0},"end":{"line":115,"column":38}}},"6":{"name":"noteOption","line":137,"loc":{"start":{"line":137,"column":0},"end":{"line":137,"column":34}}},"7":{"name":"removenoteOption","line":156,"loc":{"start":{"line":156,"column":0},"end":{"line":156,"column":35}}},"8":{"name":"dueOption","line":175,"loc":{"start":{"line":175,"column":0},"end":{"line":175,"column":33}}},"9":{"name":"readOption","line":193,"loc":{"start":{"line":193,"column":0},"end":{"line":193,"column":33}}}},"statementMap":{"1":{"start":{"line":1,"column":0},"end":{"line":1,"column":33}},"2":{"start":{"line":2,"column":0},"end":{"line":2,"column":38}},"3":{"start":{"line":3,"column":0},"end":{"line":3,"column":42}},"4":{"start":{"line":4,"column":0},"end":{"line":4,"column":29}},"5":{"start":{"line":5,"column":0},"end":{"line":5,"column":25}},"6":{"start":{"line":7,"column":0},"end":{"line":9,"column":2}},"7":{"start":{"line":8,"column":4},"end":{"line":8,"column":50}},"8":{"start":{"line":11,"column":0},"end":{"line":13,"column":2}},"9":{"start":{"line":12,"column":4},"end":{"line":12,"column":58}},"10":{"start":{"line":14,"column":0},"end":{"line":19,"column":2}},"11":{"start":{"line":15,"column":4},"end":{"line":18,"column":6}},"12":{"start":{"line":21,"column":0},"end":{"line":27,"column":2}},"13":{"start":{"line":23,"column":4},"end":{"line":23,"column":41}},"14":{"start":{"line":24,"column":4},"end":{"line":24,"column":39}},"15":{"start":{"line":26,"column":4},"end":{"line":26,"column":29}},"16":{"start":{"line":28,"column":0},"end":{"line":30,"column":2}},"17":{"start":{"line":29,"column":4},"end":{"line":29,"column":49}},"18":{"start":{"line":31,"column":0},"end":{"line":45,"column":1}},"19":{"start":{"line":33,"column":4},"end":{"line":34,"column":57}},"20":{"start":{"line":36,"column":4},"end":{"line":41,"column":5}},"21":{"start":{"line":39,"column":8},"end":{"line":39,"column":64}},"22":{"start":{"line":43,"column":4},"end":{"line":43,"column":45}},"23":{"start":{"line":48,"column":0},"end":{"line":71,"column":1}},"24":{"start":{"line":49,"column":4},"end":{"line":50,"column":29}},"25":{"start":{"line":52,"column":4},"end":{"line":70,"column":11}},"26":{"start":{"line":55,"column":12},"end":{"line":60,"column":15}},"27":{"start":{"line":62,"column":12},"end":{"line":62,"column":20}},"28":{"start":{"line":64,"column":12},"end":{"line":64,"column":31}},"29":{"start":{"line":68,"column":12},"end":{"line":68,"column":23}},"30":{"start":{"line":73,"column":0},"end":{"line":93,"column":1}},"31":{"start":{"line":75,"column":4},"end":{"line":75,"column":45}},"32":{"start":{"line":77,"column":4},"end":{"line":91,"column":11}},"33":{"start":{"line":79,"column":12},"end":{"line":82,"column":15}},"34":{"start":{"line":84,"column":12},"end":{"line":84,"column":27}},"35":{"start":{"line":86,"column":12},"end":{"line":86,"column":51}},"36":{"start":{"line":89,"column":12},"end":{"line":89,"column":23}},"37":{"start":{"line":95,"column":0},"end":{"line":113,"column":1}},"38":{"start":{"line":97,"column":4},"end":{"line":97,"column":45}},"39":{"start":{"line":99,"column":4},"end":{"line":112,"column":7}},"40":{"start":{"line":101,"column":8},"end":{"line":104,"column":11}},"41":{"start":{"line":106,"column":8},"end":{"line":106,"column":23}},"42":{"start":{"line":108,"column":8},"end":{"line":108,"column":47}},"43":{"start":{"line":111,"column":8},"end":{"line":111,"column":19}},"44":{"start":{"line":115,"column":0},"end":{"line":135,"column":1}},"45":{"start":{"line":117,"column":4},"end":{"line":117,"column":45}},"46":{"start":{"line":119,"column":4},"end":{"line":134,"column":7}},"47":{"start":{"line":121,"column":8},"end":{"line":124,"column":11}},"48":{"start":{"line":126,"column":8},"end":{"line":126,"column":23}},"49":{"start":{"line":128,"column":8},"end":{"line":130,"column":10}},"50":{"start":{"line":132,"column":8},"end":{"line":132,"column":19}},"51":{"start":{"line":137,"column":0},"end":{"line":154,"column":1}},"52":{"start":{"line":138,"column":4},"end":{"line":138,"column":45}},"53":{"start":{"line":139,"column":4},"end":{"line":153,"column":7}},"54":{"start":{"line":141,"column":8},"end":{"line":144,"column":11}},"55":{"start":{"line":146,"column":8},"end":{"line":146,"column":23}},"56":{"start":{"line":148,"column":8},"end":{"line":148,"column":42}},"57":{"start":{"line":151,"column":8},"end":{"line":151,"column":19}},"58":{"start":{"line":156,"column":0},"end":{"line":173,"column":1}},"59":{"start":{"line":157,"column":4},"end":{"line":157,"column":45}},"60":{"start":{"line":158,"column":4},"end":{"line":172,"column":7}},"61":{"start":{"line":160,"column":8},"end":{"line":163,"column":11}},"62":{"start":{"line":165,"column":8},"end":{"line":165,"column":23}},"63":{"start":{"line":167,"column":8},"end":{"line":167,"column":42}},"64":{"start":{"line":170,"column":8},"end":{"line":170,"column":19}},"65":{"start":{"line":175,"column":0},"end":{"line":191,"column":1}},"66":{"start":{"line":176,"column":4},"end":{"line":176,"column":46}},"67":{"start":{"line":178,"column":4},"end":{"line":190,"column":11}},"68":{"start":{"line":181,"column":12},"end":{"line":184,"column":15}},"69":{"start":{"line":186,"column":12},"end":{"line":186,"column":27}},"70":{"start":{"line":187,"column":12},"end":{"line":187,"column":26}},"71":{"start":{"line":189,"column":12},"end":{"line":189,"column":23}},"72":{"start":{"line":193,"column":0},"end":{"line":212,"column":1}},"73":{"start":{"line":195,"column":4},"end":{"line":195,"column":57}},"74":{"start":{"line":197,"column":4},"end":{"line":210,"column":11}},"75":{"start":{"line":199,"column":12},"end":{"line":199,"column":33}},"76":{"start":{"line":200,"column":12},"end":{"line":203,"column":15}},"77":{"start":{"line":201,"column":16},"end":{"line":201,"column":47}},"78":{"start":{"line":202,"column":16},"end":{"line":202,"column":109}},"79":{"start":{"line":205,"column":12},"end":{"line":205,"column":29}},"80":{"start":{"line":209,"column":12},"end":{"line":209,"column":23}},"81":{"start":{"line":213,"column":0},"end":{"line":224,"column":2}}},"branchMap":{"1":{"line":12,"type":"cond-expr","locations":[{"start":{"line":12,"column":24},"end":{"line":12,"column":48}},{"start":{"line":12,"column":50},"end":{"line":12,"column":57}}]},"2":{"line":36,"type":"if","locations":[{"start":{"line":36,"column":4},"end":{"line":36,"column":4}},{"start":{"line":36,"column":4},"end":{"line":36,"column":4}}]},"3":{"line":36,"type":"binary-expr","locations":[{"start":{"line":36,"column":9},"end":{"line":36,"column":29}},{"start":{"line":36,"column":34},"end":{"line":36,"column":70}},{"start":{"line":37,"column":0},"end":{"line":37,"column":58}}]},"4":{"line":39,"type":"cond-expr","locations":[{"start":{"line":39,"column":28},"end":{"line":39,"column":50}},{"start":{"line":39,"column":53},"end":{"line":39,"column":63}}]},"5":{"line":202,"type":"cond-expr","locations":[{"start":{"line":202,"column":36},"end":{"line":202,"column":103}},{"start":{"line":202,"column":106},"end":{"line":202,"column":108}}]}}},"/root/PERSONAL_PROJECTS/duty/src/duty.js":{"path":"/root/PERSONAL_PROJECTS/duty/src/duty.js","s":{"1":1,"2":1,"3":1,"4":1,"5":1,"6":1,"7":1,"8":1,"9":1,"10":1,"11":1,"12":1,"13":32,"14":0,"15":0,"16":0,"17":0,"18":0,"19":0,"20":0,"21":0,"22":0,"23":0,"24":0,"25":0,"26":0,"27":0,"28":0,"29":0,"30":0,"31":0,"32":0,"33":4,"34":4,"35":0,"36":4,"37":4,"38":3,"39":1,"40":0,"41":2,"42":1,"43":1,"44":1,"45":1,"46":0,"47":0,"48":0,"49":2,"50":2,"51":2,"52":2,"53":2,"54":7,"55":0,"56":6,"57":3,"58":1,"59":1,"60":1,"61":3,"62":1,"63":1,"64":2,"65":1,"66":31,"67":31,"68":31,"69":31,"70":73,"71":73,"72":0,"73":0,"74":3,"75":3,"76":1,"77":1,"78":6,"79":6,"80":1,"81":1,"82":3,"83":3,"84":1,"85":1,"86":1,"87":1,"88":1,"89":1,"90":1,"91":1,"92":2,"93":2,"94":53,"95":5,"96":53,"97":73,"98":0,"99":6,"100":11,"101":4,"102":4,"103":4,"104":4,"105":4,"106":4,"107":0,"108":0,"109":0,"110":4,"111":4,"112":0,"113":4,"114":31,"115":31,"116":73,"117":7,"118":7,"119":1,"120":6,"121":6,"122":12,"123":12,"124":3,"125":3,"126":9,"127":3,"128":6,"129":3,"130":1,"131":2,"132":4,"133":4,"134":1,"135":1,"136":1,"137":3,"138":1,"139":2,"140":3,"141":1,"142":2,"143":2,"144":4,"145":4,"146":1,"147":1,"148":1,"149":3,"150":1,"151":2,"152":3,"153":1,"154":2,"155":4,"156":4,"157":1,"158":1,"159":3,"160":0,"161":3,"162":1,"163":2,"164":3,"165":1,"166":2,"167":4,"168":4,"169":1,"170":1,"171":3,"172":0,"173":0,"174":0,"175":3,"176":1,"177":2,"178":3,"179":1,"180":2,"181":4,"182":4,"183":1,"184":1,"185":3,"186":0,"187":3,"188":1,"189":2,"190":6,"191":6,"192":0,"193":6,"194":0,"195":6,"196":0,"197":6,"198":6,"199":6,"200":6,"201":0,"202":0,"203":0,"204":0,"205":0,"206":0,"207":0,"208":0,"209":0,"210":0,"211":0,"212":0,"213":0,"214":0,"215":0,"216":0,"217":0,"218":0,"219":0,"220":0,"221":0,"222":0,"223":0,"224":0,"225":0,"226":0,"227":0,"228":0,"229":0,"230":0,"231":0,"232":0,"233":0,"234":0,"235":0,"236":0,"237":0,"238":0,"239":0,"240":0,"241":0,"242":0,"243":0,"244":0,"245":0,"246":0,"247":0,"248":0,"249":0,"250":0,"251":0,"252":0,"253":0,"254":0,"255":0,"256":0,"257":0,"258":0,"259":0,"260":0,"261":0,"262":0,"263":0,"264":0,"265":0,"266":0,"267":0,"268":0,"269":0,"270":0,"271":0,"272":0,"273":0,"274":0,"275":0,"276":0,"277":0,"278":0,"279":0,"280":0,"281":0,"282":0,"283":0,"284":0,"285":0,"286":0,"287":0,"288":0,"289":0,"290":0,"291":0,"292":0,"293":0,"294":0,"295":0,"296":0,"297":0,"298":0,"299":0,"300":0,"301":0,"302":0,"303":0,"304":0,"305":0,"306":0,"307":0,"308":0,"309":0,"310":0,"311":0,"312":0,"313":5,"314":1,"315":4,"316":1,"317":3,"318":8,"319":8,"320":2,"321":2,"322":6,"323":1,"324":3,"325":0,"326":0,"327":0,"328":0,"329":0,"330":0,"331":0,"332":0,"333":0,"334":0,"335":6,"336":6,"337":6,"338":0,"339":0,"340":6,"341":0,"342":0,"343":6,"344":0,"345":0,"346":6,"347":0,"348":0,"349":6,"350":18,"351":18,"352":6,"353":6,"354":12,"355":4,"356":6,"357":0,"358":0,"359":0,"360":0,"361":0,"362":0,"363":0,"364":0,"365":0,"366":0,"367":0,"368":0,"369":0,"370":0,"371":0,"372":0,"373":0,"374":0,"375":0,"376":0,"377":0,"378":0,"379":0,"380":0,"381":0,"382":0,"383":0,"384":0,"385":0,"386":0,"387":0,"388":0,"389":0,"390":0,"391":0,"392":0,"393":0,"394":0,"395":0,"396":0,"397":1},"b":{"1":[0,0],"2":[0,0],"3":[0,0],"4":[0,4],"5":[3,1],"6":[4,4,3,3,3],"7":[1,1,0,0],"8":[6,1],"9":[0,3,1,6,1,3,1,1,1,1,2,53],"10":[5,48],"11":[53,5],"12":[4,0],"13":[4,4],"14":[0,0],"15":[0,0],"16":[0,4],"17":[1,6],"18":[3,9],"19":[3,6],"20":[9,3],"21":[1,2],"22":[1,3],"23":[1,2],"24":[1,2],"25":[1,3],"26":[1,2],"27":[1,2],"28":[1,3],"29":[4,1],"30":[0,3],"31":[3,0],"32":[1,2],"33":[1,2],"34":[1,3],"35":[4,1],"36":[0,3],"37":[3,0],"38":[1,2],"39":[1,2],"40":[1,3],"41":[4,1],"42":[0,3],"43":[3,0],"44":[1,2],"45":[0,6],"46":[6,0,0],"47":[0,6],"48":[6,0],"49":[0,6],"50":[6,6,0],"51":[0,0],"52":[0,0],"53":[0,0],"54":[0,0],"55":[0,0],"56":[0,0,0],"57":[0,0],"58":[0,0],"59":[0,0],"60":[0,0],"61":[0,0],"62":[0,0],"63":[0,0],"64":[0,0,0,0,0,0],"65":[0,0],"66":[0,0],"67":[0,0],"68":[0,0],"69":[0,0],"70":[0,0],"71":[0,0],"72":[0,0],"73":[0,0],"74":[0,0],"75":[0,0],"76":[0,0,0],"77":[0,0],"78":[0,0],"79":[0,0],"80":[0,0],"81":[0,0],"82":[0,0],"83":[0,0],"84":[0,0],"85":[0,0],"86":[0,0],"87":[0,0],"88":[1,4],"89":[1,3],"90":[2,6],"91":[1,5],"92":[0,0],"93":[0,0],"94":[0,0,0],"95":[6,3],"96":[0,6],"97":[0,6],"98":[6,6],"99":[0,6],"100":[0,6],"101":[6,12],"102":[4,8],"103":[0,0],"104":[0,0],"105":[0,0],"106":[0,0],"107":[0,0],"108":[0,0],"109":[0,0],"110":[0,0]},"f":{"1":32,"2":0,"3":4,"4":0,"5":2,"6":7,"7":0,"8":6,"9":3,"10":1,"11":1,"12":1,"13":3,"14":1,"15":1,"16":2,"17":1,"18":31,"19":0,"20":6,"21":11,"22":4,"23":31,"24":7,"25":3,"26":3,"27":3,"28":3,"29":3,"30":6,"31":0,"32":0,"33":0,"34":0,"35":5,"36":0,"37":6,"38":6,"39":6,"40":0,"41":0,"42":0,"43":0,"44":0},"fnMap":{"1":{"name":"(anonymous_1)","line":28,"loc":{"start":{"line":28,"column":15},"end":{"line":33,"column":7}}},"2":{"name":"(anonymous_2)","line":44,"loc":{"start":{"line":44,"column":21},"end":{"line":44,"column":29}}},"3":{"name":"(anonymous_3)","line":102,"loc":{"start":{"line":102,"column":22},"end":{"line":102,"column":29}}},"4":{"name":"(anonymous_4)","line":123,"loc":{"start":{"line":123,"column":16},"end":{"line":123,"column":23}}},"5":{"name":"(anonymous_5)","line":126,"loc":{"start":{"line":126,"column":24},"end":{"line":133,"column":7}}},"6":{"name":"(anonymous_6)","line":168,"loc":{"start":{"line":168,"column":19},"end":{"line":170,"column":7}}},"7":{"name":"(anonymous_7)","line":173,"loc":{"start":{"line":173,"column":24},"end":{"line":173,"column":27}}},"8":{"name":"(anonymous_8)","line":176,"loc":{"start":{"line":176,"column":21},"end":{"line":176,"column":24}}},"9":{"name":"(anonymous_9)","line":179,"loc":{"start":{"line":179,"column":23},"end":{"line":179,"column":26}}},"10":{"name":"(anonymous_10)","line":182,"loc":{"start":{"line":182,"column":29},"end":{"line":182,"column":32}}},"11":{"name":"(anonymous_11)","line":185,"loc":{"start":{"line":185,"column":23},"end":{"line":185,"column":26}}},"12":{"name":"(anonymous_12)","line":188,"loc":{"start":{"line":188,"column":24},"end":{"line":188,"column":27}}},"13":{"name":"(anonymous_13)","line":191,"loc":{"start":{"line":191,"column":21},"end":{"line":191,"column":24}}},"14":{"name":"(anonymous_14)","line":194,"loc":{"start":{"line":194,"column":23},"end":{"line":194,"column":26}}},"15":{"name":"(anonymous_15)","line":197,"loc":{"start":{"line":197,"column":21},"end":{"line":197,"column":24}}},"16":{"name":"(anonymous_16)","line":200,"loc":{"start":{"line":200,"column":23},"end":{"line":200,"column":26}}},"17":{"name":"(anonymous_17)","line":203,"loc":{"start":{"line":203,"column":18},"end":{"line":203,"column":21}}},"18":{"name":"(anonymous_18)","line":206,"loc":{"start":{"line":206,"column":29},"end":{"line":206,"column":41}}},"19":{"name":"(anonymous_19)","line":276,"loc":{"start":{"line":276,"column":21},"end":{"line":276,"column":27}}},"20":{"name":"(anonymous_20)","line":279,"loc":{"start":{"line":279,"column":25},"end":{"line":279,"column":32}}},"21":{"name":"(anonymous_21)","line":282,"loc":{"start":{"line":282,"column":20},"end":{"line":285,"column":7}}},"22":{"name":"(anonymous_22)","line":288,"loc":{"start":{"line":288,"column":19},"end":{"line":298,"column":7}}},"23":{"name":"(anonymous_23)","line":339,"loc":{"start":{"line":339,"column":17},"end":{"line":339,"column":20}}},"24":{"name":"(anonymous_24)","line":351,"loc":{"start":{"line":351,"column":7},"end":{"line":355,"column":15}}},"25":{"name":"(anonymous_25)","line":380,"loc":{"start":{"line":380,"column":10},"end":{"line":383,"column":7}}},"26":{"name":"(anonymous_26)","line":424,"loc":{"start":{"line":424,"column":11},"end":{"line":428,"column":7}}},"27":{"name":"(anonymous_27)","line":466,"loc":{"start":{"line":466,"column":17},"end":{"line":468,"column":7}}},"28":{"name":"(anonymous_28)","line":501,"loc":{"start":{"line":501,"column":8},"end":{"line":504,"column":7}}},"29":{"name":"(anonymous_29)","line":543,"loc":{"start":{"line":543,"column":14},"end":{"line":545,"column":7}}},"30":{"name":"(anonymous_30)","line":574,"loc":{"start":{"line":574,"column":8},"end":{"line":574,"column":25}}},"31":{"name":"(anonymous_31)","line":611,"loc":{"start":{"line":611,"column":10},"end":{"line":611,"column":27}}},"32":{"name":"(anonymous_32)","line":651,"loc":{"start":{"line":651,"column":11},"end":{"line":654,"column":7}}},"33":{"name":"(anonymous_33)","line":738,"loc":{"start":{"line":738,"column":15},"end":{"line":741,"column":7}}},"34":{"name":"(anonymous_34)","line":785,"loc":{"start":{"line":785,"column":14},"end":{"line":788,"column":7}}},"35":{"name":"(anonymous_35)","line":857,"loc":{"start":{"line":857,"column":7},"end":{"line":860,"column":12}}},"36":{"name":"(anonymous_36)","line":892,"loc":{"start":{"line":892,"column":11},"end":{"line":895,"column":7}}},"37":{"name":"(anonymous_37)","line":916,"loc":{"start":{"line":916,"column":26},"end":{"line":916,"column":41}}},"38":{"name":"(anonymous_38)","line":919,"loc":{"start":{"line":919,"column":21},"end":{"line":919,"column":31}}},"39":{"name":"(anonymous_39)","line":922,"loc":{"start":{"line":922,"column":14},"end":{"line":925,"column":7}}},"40":{"name":"(anonymous_40)","line":979,"loc":{"start":{"line":979,"column":8},"end":{"line":979,"column":22}}},"41":{"name":"(anonymous_41)","line":1029,"loc":{"start":{"line":1029,"column":10},"end":{"line":1029,"column":25}}},"42":{"name":"(anonymous_42)","line":1051,"loc":{"start":{"line":1051,"column":14},"end":{"line":1051,"column":17}}},"43":{"name":"(anonymous_43)","line":1061,"loc":{"start":{"line":1061,"column":10},"end":{"line":1061,"column":13}}},"44":{"name":"(anonymous_44)","line":1072,"loc":{"start":{"line":1072,"column":23},"end":{"line":1078,"column":23}}}},"statementMap":{"1":{"start":{"line":1,"column":0},"end":{"line":1,"column":33}},"2":{"start":{"line":2,"column":0},"end":{"line":2,"column":33}},"3":{"start":{"line":3,"column":0},"end":{"line":3,"column":25}},"4":{"start":{"line":4,"column":0},"end":{"line":4,"column":39}},"5":{"start":{"line":5,"column":0},"end":{"line":5,"column":43}},"6":{"start":{"line":6,"column":0},"end":{"line":6,"column":43}},"7":{"start":{"line":9,"column":0},"end":{"line":9,"column":35}},"8":{"start":{"line":10,"column":0},"end":{"line":10,"column":33}},"9":{"start":{"line":12,"column":0},"end":{"line":15,"column":18}},"10":{"start":{"line":18,"column":0},"end":{"line":18,"column":38}},"11":{"start":{"line":20,"column":0},"end":{"line":23,"column":20}},"12":{"start":{"line":24,"column":0},"end":{"line":24,"column":41}},"13":{"start":{"line":35,"column":8},"end":{"line":40,"column":10}},"14":{"start":{"line":46,"column":8},"end":{"line":74,"column":14}},"15":{"start":{"line":57,"column":16},"end":{"line":57,"column":20}},"16":{"start":{"line":59,"column":16},"end":{"line":68,"column":17}},"17":{"start":{"line":61,"column":20},"end":{"line":64,"column":21}},"18":{"start":{"line":62,"column":24},"end":{"line":62,"column":73}},"19":{"start":{"line":63,"column":24},"end":{"line":63,"column":33}},"20":{"start":{"line":66,"column":20},"end":{"line":66,"column":45}},"21":{"start":{"line":70,"column":16},"end":{"line":72,"column":17}},"22":{"start":{"line":71,"column":20},"end":{"line":71,"column":32}},"23":{"start":{"line":76,"column":8},"end":{"line":92,"column":10}},"24":{"start":{"line":78,"column":12},"end":{"line":80,"column":33}},"25":{"start":{"line":82,"column":12},"end":{"line":89,"column":13}},"26":{"start":{"line":83,"column":16},"end":{"line":83,"column":49}},"27":{"start":{"line":85,"column":16},"end":{"line":85,"column":54}},"28":{"start":{"line":87,"column":16},"end":{"line":87,"column":46}},"29":{"start":{"line":91,"column":12},"end":{"line":91,"column":21}},"30":{"start":{"line":94,"column":8},"end":{"line":100,"column":11}},"31":{"start":{"line":96,"column":12},"end":{"line":96,"column":57}},"32":{"start":{"line":98,"column":12},"end":{"line":98,"column":47}},"33":{"start":{"line":104,"column":8},"end":{"line":104,"column":46}},"34":{"start":{"line":106,"column":8},"end":{"line":108,"column":9}},"35":{"start":{"line":107,"column":12},"end":{"line":107,"column":25}},"36":{"start":{"line":110,"column":8},"end":{"line":110,"column":52}},"37":{"start":{"line":113,"column":8},"end":{"line":117,"column":9}},"38":{"start":{"line":116,"column":12},"end":{"line":116,"column":24}},"39":{"start":{"line":119,"column":8},"end":{"line":119,"column":21}},"40":{"start":{"line":124,"column":8},"end":{"line":124,"column":48}},"41":{"start":{"line":136,"column":8},"end":{"line":148,"column":9}},"42":{"start":{"line":138,"column":12},"end":{"line":138,"column":50}},"43":{"start":{"line":139,"column":12},"end":{"line":139,"column":18}},"44":{"start":{"line":141,"column":12},"end":{"line":141,"column":43}},"45":{"start":{"line":142,"column":12},"end":{"line":142,"column":18}},"46":{"start":{"line":144,"column":12},"end":{"line":144,"column":27}},"47":{"start":{"line":145,"column":12},"end":{"line":145,"column":18}},"48":{"start":{"line":147,"column":12},"end":{"line":147,"column":58}},"49":{"start":{"line":150,"column":8},"end":{"line":154,"column":31}},"50":{"start":{"line":156,"column":8},"end":{"line":156,"column":56}},"51":{"start":{"line":157,"column":8},"end":{"line":157,"column":47}},"52":{"start":{"line":158,"column":8},"end":{"line":163,"column":11}},"53":{"start":{"line":165,"column":8},"end":{"line":165,"column":31}},"54":{"start":{"line":171,"column":8},"end":{"line":171,"column":68}},"55":{"start":{"line":174,"column":8},"end":{"line":174,"column":31}},"56":{"start":{"line":177,"column":8},"end":{"line":177,"column":28}},"57":{"start":{"line":180,"column":8},"end":{"line":180,"column":30}},"58":{"start":{"line":183,"column":8},"end":{"line":183,"column":36}},"59":{"start":{"line":186,"column":8},"end":{"line":186,"column":30}},"60":{"start":{"line":189,"column":8},"end":{"line":189,"column":31}},"61":{"start":{"line":192,"column":8},"end":{"line":192,"column":28}},"62":{"start":{"line":195,"column":8},"end":{"line":195,"column":30}},"63":{"start":{"line":198,"column":8},"end":{"line":198,"column":28}},"64":{"start":{"line":201,"column":8},"end":{"line":201,"column":30}},"65":{"start":{"line":204,"column":8},"end":{"line":204,"column":25}},"66":{"start":{"line":210,"column":8},"end":{"line":273,"column":11}},"67":{"start":{"line":212,"column":12},"end":{"line":212,"column":44}},"68":{"start":{"line":214,"column":12},"end":{"line":215,"column":18}},"69":{"start":{"line":217,"column":12},"end":{"line":271,"column":13}},"70":{"start":{"line":226,"column":16},"end":{"line":226,"column":33}},"71":{"start":{"line":228,"column":16},"end":{"line":269,"column":17}},"72":{"start":{"line":230,"column":24},"end":{"line":230,"column":41}},"73":{"start":{"line":231,"column":24},"end":{"line":231,"column":30}},"74":{"start":{"line":233,"column":24},"end":{"line":233,"column":59}},"75":{"start":{"line":234,"column":24},"end":{"line":234,"column":30}},"76":{"start":{"line":236,"column":24},"end":{"line":236,"column":82}},"77":{"start":{"line":237,"column":24},"end":{"line":237,"column":30}},"78":{"start":{"line":239,"column":24},"end":{"line":239,"column":53}},"79":{"start":{"line":240,"column":24},"end":{"line":240,"column":30}},"80":{"start":{"line":242,"column":24},"end":{"line":242,"column":42}},"81":{"start":{"line":243,"column":24},"end":{"line":243,"column":30}},"82":{"start":{"line":245,"column":24},"end":{"line":245,"column":34}},"83":{"start":{"line":246,"column":24},"end":{"line":246,"column":30}},"84":{"start":{"line":248,"column":24},"end":{"line":248,"column":42}},"85":{"start":{"line":249,"column":24},"end":{"line":249,"column":30}},"86":{"start":{"line":251,"column":24},"end":{"line":251,"column":42}},"87":{"start":{"line":252,"column":24},"end":{"line":252,"column":30}},"88":{"start":{"line":254,"column":24},"end":{"line":254,"column":42}},"89":{"start":{"line":255,"column":24},"end":{"line":255,"column":30}},"90":{"start":{"line":257,"column":24},"end":{"line":257,"column":42}},"91":{"start":{"line":258,"column":24},"end":{"line":258,"column":30}},"92":{"start":{"line":260,"column":24},"end":{"line":260,"column":42}},"93":{"start":{"line":261,"column":24},"end":{"line":261,"column":30}},"94":{"start":{"line":264,"column":25},"end":{"line":266,"column":25}},"95":{"start":{"line":265,"column":28},"end":{"line":265,"column":39}},"96":{"start":{"line":268,"column":24},"end":{"line":268,"column":30}},"97":{"start":{"line":270,"column":16},"end":{"line":270,"column":32}},"98":{"start":{"line":277,"column":8},"end":{"line":277,"column":58}},"99":{"start":{"line":280,"column":8},"end":{"line":280,"column":87}},"100":{"start":{"line":286,"column":8},"end":{"line":286,"column":69}},"101":{"start":{"line":300,"column":8},"end":{"line":300,"column":28}},"102":{"start":{"line":302,"column":8},"end":{"line":302,"column":47}},"103":{"start":{"line":304,"column":8},"end":{"line":306,"column":30}},"104":{"start":{"line":309,"column":8},"end":{"line":317,"column":10}},"105":{"start":{"line":320,"column":8},"end":{"line":330,"column":9}},"106":{"start":{"line":322,"column":12},"end":{"line":324,"column":15}},"107":{"start":{"line":326,"column":15},"end":{"line":330,"column":9}},"108":{"start":{"line":327,"column":12},"end":{"line":327,"column":96}},"109":{"start":{"line":329,"column":12},"end":{"line":329,"column":25}},"110":{"start":{"line":332,"column":8},"end":{"line":335,"column":11}},"111":{"start":{"line":336,"column":8},"end":{"line":336,"column":127}},"112":{"start":{"line":336,"column":54},"end":{"line":336,"column":127}},"113":{"start":{"line":337,"column":8},"end":{"line":337,"column":31}},"114":{"start":{"line":340,"column":8},"end":{"line":342,"column":25}},"115":{"start":{"line":347,"column":8},"end":{"line":349,"column":9}},"116":{"start":{"line":348,"column":12},"end":{"line":348,"column":35}},"117":{"start":{"line":357,"column":8},"end":{"line":357,"column":36}},"118":{"start":{"line":359,"column":8},"end":{"line":361,"column":9}},"119":{"start":{"line":360,"column":12},"end":{"line":360,"column":37}},"120":{"start":{"line":362,"column":8},"end":{"line":363,"column":28}},"121":{"start":{"line":364,"column":8},"end":{"line":375,"column":10}},"122":{"start":{"line":367,"column":12},"end":{"line":367,"column":16}},"123":{"start":{"line":369,"column":12},"end":{"line":374,"column":13}},"124":{"start":{"line":370,"column":16},"end":{"line":370,"column":31}},"125":{"start":{"line":371,"column":16},"end":{"line":371,"column":47}},"126":{"start":{"line":372,"column":19},"end":{"line":374,"column":13}},"127":{"start":{"line":373,"column":16},"end":{"line":373,"column":45}},"128":{"start":{"line":377,"column":8},"end":{"line":377,"column":53}},"129":{"start":{"line":385,"column":8},"end":{"line":387,"column":9}},"130":{"start":{"line":386,"column":12},"end":{"line":386,"column":49}},"131":{"start":{"line":389,"column":8},"end":{"line":420,"column":14}},"132":{"start":{"line":400,"column":16},"end":{"line":400,"column":20}},"133":{"start":{"line":401,"column":16},"end":{"line":419,"column":17}},"134":{"start":{"line":403,"column":20},"end":{"line":403,"column":42}},"135":{"start":{"line":405,"column":20},"end":{"line":412,"column":23}},"136":{"start":{"line":414,"column":20},"end":{"line":414,"column":52}},"137":{"start":{"line":415,"column":23},"end":{"line":419,"column":17}},"138":{"start":{"line":418,"column":20},"end":{"line":418,"column":49}},"139":{"start":{"line":422,"column":8},"end":{"line":422,"column":53}},"140":{"start":{"line":429,"column":8},"end":{"line":431,"column":9}},"141":{"start":{"line":430,"column":12},"end":{"line":430,"column":49}},"142":{"start":{"line":433,"column":8},"end":{"line":436,"column":25}},"143":{"start":{"line":437,"column":8},"end":{"line":462,"column":14}},"144":{"start":{"line":445,"column":16},"end":{"line":445,"column":20}},"145":{"start":{"line":446,"column":16},"end":{"line":461,"column":17}},"146":{"start":{"line":448,"column":20},"end":{"line":448,"column":43}},"147":{"start":{"line":450,"column":20},"end":{"line":457,"column":23}},"148":{"start":{"line":458,"column":20},"end":{"line":458,"column":51}},"149":{"start":{"line":459,"column":23},"end":{"line":461,"column":17}},"150":{"start":{"line":460,"column":20},"end":{"line":460,"column":49}},"151":{"start":{"line":464,"column":8},"end":{"line":464,"column":52}},"152":{"start":{"line":470,"column":8},"end":{"line":473,"column":9}},"153":{"start":{"line":472,"column":12},"end":{"line":472,"column":49}},"154":{"start":{"line":475,"column":8},"end":{"line":497,"column":14}},"155":{"start":{"line":486,"column":16},"end":{"line":486,"column":20}},"156":{"start":{"line":487,"column":16},"end":{"line":496,"column":17}},"157":{"start":{"line":488,"column":20},"end":{"line":490,"column":23}},"158":{"start":{"line":491,"column":20},"end":{"line":491,"column":57}},"159":{"start":{"line":492,"column":23},"end":{"line":496,"column":17}},"160":{"start":{"line":493,"column":20},"end":{"line":493,"column":57}},"161":{"start":{"line":494,"column":23},"end":{"line":496,"column":17}},"162":{"start":{"line":495,"column":20},"end":{"line":495,"column":49}},"163":{"start":{"line":499,"column":8},"end":{"line":499,"column":52}},"164":{"start":{"line":505,"column":8},"end":{"line":507,"column":9}},"165":{"start":{"line":506,"column":12},"end":{"line":506,"column":50}},"166":{"start":{"line":509,"column":8},"end":{"line":538,"column":14}},"167":{"start":{"line":519,"column":16},"end":{"line":519,"column":20}},"168":{"start":{"line":520,"column":16},"end":{"line":537,"column":17}},"169":{"start":{"line":522,"column":20},"end":{"line":524,"column":23}},"170":{"start":{"line":525,"column":20},"end":{"line":525,"column":49}},"171":{"start":{"line":527,"column":23},"end":{"line":537,"column":17}},"172":{"start":{"line":529,"column":20},"end":{"line":529,"column":61}},"173":{"start":{"line":531,"column":20},"end":{"line":533,"column":23}},"174":{"start":{"line":534,"column":20},"end":{"line":534,"column":49}},"175":{"start":{"line":535,"column":23},"end":{"line":537,"column":17}},"176":{"start":{"line":536,"column":20},"end":{"line":536,"column":49}},"177":{"start":{"line":540,"column":8},"end":{"line":540,"column":53}},"178":{"start":{"line":547,"column":8},"end":{"line":549,"column":9}},"179":{"start":{"line":548,"column":12},"end":{"line":548,"column":50}},"180":{"start":{"line":551,"column":8},"end":{"line":570,"column":14}},"181":{"start":{"line":561,"column":16},"end":{"line":561,"column":20}},"182":{"start":{"line":562,"column":16},"end":{"line":569,"column":17}},"183":{"start":{"line":563,"column":20},"end":{"line":563,"column":48}},"184":{"start":{"line":564,"column":20},"end":{"line":564,"column":51}},"185":{"start":{"line":565,"column":23},"end":{"line":569,"column":17}},"186":{"start":{"line":566,"column":20},"end":{"line":566,"column":51}},"187":{"start":{"line":567,"column":23},"end":{"line":569,"column":17}},"188":{"start":{"line":568,"column":20},"end":{"line":568,"column":49}},"189":{"start":{"line":572,"column":8},"end":{"line":572,"column":53}},"190":{"start":{"line":577,"column":8},"end":{"line":580,"column":16}},"191":{"start":{"line":582,"column":8},"end":{"line":589,"column":9}},"192":{"start":{"line":583,"column":12},"end":{"line":583,"column":119}},"193":{"start":{"line":584,"column":15},"end":{"line":589,"column":9}},"194":{"start":{"line":585,"column":12},"end":{"line":585,"column":70}},"195":{"start":{"line":587,"column":15},"end":{"line":589,"column":9}},"196":{"start":{"line":588,"column":12},"end":{"line":588,"column":118}},"197":{"start":{"line":592,"column":8},"end":{"line":609,"column":9}},"198":{"start":{"line":593,"column":12},"end":{"line":593,"column":44}},"199":{"start":{"line":594,"column":12},"end":{"line":594,"column":30}},"200":{"start":{"line":598,"column":12},"end":{"line":603,"column":15}},"201":{"start":{"line":605,"column":12},"end":{"line":608,"column":13}},"202":{"start":{"line":606,"column":16},"end":{"line":606,"column":31}},"203":{"start":{"line":607,"column":16},"end":{"line":607,"column":66}},"204":{"start":{"line":613,"column":8},"end":{"line":615,"column":16}},"205":{"start":{"line":617,"column":8},"end":{"line":633,"column":9}},"206":{"start":{"line":618,"column":12},"end":{"line":618,"column":65}},"207":{"start":{"line":619,"column":12},"end":{"line":619,"column":25}},"208":{"start":{"line":620,"column":15},"end":{"line":633,"column":9}},"209":{"start":{"line":621,"column":12},"end":{"line":621,"column":115}},"210":{"start":{"line":622,"column":12},"end":{"line":622,"column":25}},"211":{"start":{"line":623,"column":15},"end":{"line":633,"column":9}},"212":{"start":{"line":625,"column":12},"end":{"line":625,"column":53}},"213":{"start":{"line":626,"column":12},"end":{"line":626,"column":25}},"214":{"start":{"line":627,"column":15},"end":{"line":633,"column":9}},"215":{"start":{"line":628,"column":12},"end":{"line":628,"column":66}},"216":{"start":{"line":629,"column":12},"end":{"line":629,"column":25}},"217":{"start":{"line":630,"column":15},"end":{"line":633,"column":9}},"218":{"start":{"line":631,"column":12},"end":{"line":631,"column":118}},"219":{"start":{"line":634,"column":8},"end":{"line":649,"column":9}},"220":{"start":{"line":635,"column":12},"end":{"line":635,"column":46}},"221":{"start":{"line":637,"column":12},"end":{"line":637,"column":30}},"222":{"start":{"line":639,"column":12},"end":{"line":644,"column":15}},"223":{"start":{"line":647,"column":12},"end":{"line":647,"column":60}},"224":{"start":{"line":648,"column":12},"end":{"line":648,"column":25}},"225":{"start":{"line":655,"column":8},"end":{"line":664,"column":9}},"226":{"start":{"line":656,"column":12},"end":{"line":656,"column":79}},"227":{"start":{"line":657,"column":12},"end":{"line":657,"column":25}},"228":{"start":{"line":658,"column":15},"end":{"line":664,"column":9}},"229":{"start":{"line":659,"column":12},"end":{"line":659,"column":75}},"230":{"start":{"line":660,"column":12},"end":{"line":660,"column":25}},"231":{"start":{"line":661,"column":15},"end":{"line":664,"column":9}},"232":{"start":{"line":662,"column":12},"end":{"line":662,"column":70}},"233":{"start":{"line":663,"column":12},"end":{"line":663,"column":25}},"234":{"start":{"line":666,"column":8},"end":{"line":666,"column":63}},"235":{"start":{"line":668,"column":8},"end":{"line":687,"column":9}},"236":{"start":{"line":670,"column":12},"end":{"line":670,"column":18}},"237":{"start":{"line":672,"column":12},"end":{"line":672,"column":18}},"238":{"start":{"line":674,"column":12},"end":{"line":674,"column":18}},"239":{"start":{"line":676,"column":12},"end":{"line":676,"column":18}},"240":{"start":{"line":678,"column":12},"end":{"line":678,"column":18}},"241":{"start":{"line":680,"column":12},"end":{"line":685,"column":21}},"242":{"start":{"line":686,"column":12},"end":{"line":686,"column":25}},"243":{"start":{"line":689,"column":8},"end":{"line":723,"column":14}},"244":{"start":{"line":700,"column":16},"end":{"line":700,"column":20}},"245":{"start":{"line":701,"column":16},"end":{"line":722,"column":17}},"246":{"start":{"line":703,"column":20},"end":{"line":705,"column":21}},"247":{"start":{"line":704,"column":24},"end":{"line":704,"column":56}},"248":{"start":{"line":707,"column":20},"end":{"line":707,"column":43}},"249":{"start":{"line":708,"column":20},"end":{"line":710,"column":23}},"250":{"start":{"line":712,"column":20},"end":{"line":712,"column":32}},"251":{"start":{"line":713,"column":23},"end":{"line":722,"column":17}},"252":{"start":{"line":714,"column":20},"end":{"line":714,"column":37}},"253":{"start":{"line":715,"column":20},"end":{"line":715,"column":43}},"254":{"start":{"line":716,"column":20},"end":{"line":718,"column":23}},"255":{"start":{"line":719,"column":20},"end":{"line":719,"column":32}},"256":{"start":{"line":720,"column":23},"end":{"line":722,"column":17}},"257":{"start":{"line":721,"column":20},"end":{"line":721,"column":33}},"258":{"start":{"line":724,"column":8},"end":{"line":736,"column":15}},"259":{"start":{"line":726,"column":16},"end":{"line":729,"column":19}},"260":{"start":{"line":731,"column":16},"end":{"line":733,"column":17}},"261":{"start":{"line":732,"column":20},"end":{"line":732,"column":104}},"262":{"start":{"line":735,"column":16},"end":{"line":735,"column":61}},"263":{"start":{"line":742,"column":8},"end":{"line":760,"column":9}},"264":{"start":{"line":743,"column":12},"end":{"line":743,"column":79}},"265":{"start":{"line":744,"column":12},"end":{"line":744,"column":25}},"266":{"start":{"line":745,"column":15},"end":{"line":760,"column":9}},"267":{"start":{"line":746,"column":12},"end":{"line":746,"column":75}},"268":{"start":{"line":747,"column":12},"end":{"line":747,"column":25}},"269":{"start":{"line":748,"column":15},"end":{"line":760,"column":9}},"270":{"start":{"line":749,"column":12},"end":{"line":749,"column":72}},"271":{"start":{"line":750,"column":12},"end":{"line":750,"column":25}},"272":{"start":{"line":751,"column":15},"end":{"line":760,"column":9}},"273":{"start":{"line":752,"column":12},"end":{"line":759,"column":13}},"274":{"start":{"line":754,"column":16},"end":{"line":754,"column":22}},"275":{"start":{"line":756,"column":16},"end":{"line":756,"column":22}},"276":{"start":{"line":758,"column":16},"end":{"line":758,"column":91}},"277":{"start":{"line":762,"column":8},"end":{"line":781,"column":14}},"278":{"start":{"line":772,"column":16},"end":{"line":772,"column":20}},"279":{"start":{"line":773,"column":16},"end":{"line":780,"column":17}},"280":{"start":{"line":774,"column":20},"end":{"line":776,"column":23}},"281":{"start":{"line":777,"column":20},"end":{"line":777,"column":32}},"282":{"start":{"line":778,"column":23},"end":{"line":780,"column":17}},"283":{"start":{"line":779,"column":20},"end":{"line":779,"column":33}},"284":{"start":{"line":783,"column":8},"end":{"line":783,"column":52}},"285":{"start":{"line":790,"column":8},"end":{"line":805,"column":9}},"286":{"start":{"line":792,"column":12},"end":{"line":792,"column":79}},"287":{"start":{"line":793,"column":12},"end":{"line":793,"column":25}},"288":{"start":{"line":795,"column":15},"end":{"line":805,"column":9}},"289":{"start":{"line":797,"column":12},"end":{"line":797,"column":75}},"290":{"start":{"line":798,"column":12},"end":{"line":798,"column":25}},"291":{"start":{"line":800,"column":15},"end":{"line":805,"column":9}},"292":{"start":{"line":802,"column":12},"end":{"line":802,"column":96}},"293":{"start":{"line":803,"column":12},"end":{"line":803,"column":25}},"294":{"start":{"line":807,"column":8},"end":{"line":844,"column":14}},"295":{"start":{"line":818,"column":16},"end":{"line":818,"column":20}},"296":{"start":{"line":819,"column":16},"end":{"line":843,"column":17}},"297":{"start":{"line":822,"column":20},"end":{"line":823,"column":63}},"298":{"start":{"line":822,"column":42},"end":{"line":822,"column":69}},"299":{"start":{"line":823,"column":39},"end":{"line":823,"column":61}},"300":{"start":{"line":825,"column":20},"end":{"line":827,"column":23}},"301":{"start":{"line":829,"column":20},"end":{"line":829,"column":32}},"302":{"start":{"line":831,"column":23},"end":{"line":843,"column":17}},"303":{"start":{"line":833,"column":20},"end":{"line":833,"column":39}},"304":{"start":{"line":835,"column":20},"end":{"line":835,"column":69}},"305":{"start":{"line":835,"column":44},"end":{"line":835,"column":67}},"306":{"start":{"line":836,"column":20},"end":{"line":838,"column":23}},"307":{"start":{"line":840,"column":20},"end":{"line":840,"column":32}},"308":{"start":{"line":841,"column":23},"end":{"line":843,"column":17}},"309":{"start":{"line":842,"column":20},"end":{"line":842,"column":33}},"310":{"start":{"line":846,"column":8},"end":{"line":854,"column":15}},"311":{"start":{"line":848,"column":16},"end":{"line":851,"column":19}},"312":{"start":{"line":853,"column":16},"end":{"line":853,"column":61}},"313":{"start":{"line":862,"column":8},"end":{"line":866,"column":9}},"314":{"start":{"line":863,"column":12},"end":{"line":863,"column":50}},"315":{"start":{"line":864,"column":15},"end":{"line":866,"column":9}},"316":{"start":{"line":865,"column":12},"end":{"line":865,"column":112}},"317":{"start":{"line":868,"column":8},"end":{"line":888,"column":14}},"318":{"start":{"line":878,"column":16},"end":{"line":878,"column":20}},"319":{"start":{"line":879,"column":16},"end":{"line":884,"column":17}},"320":{"start":{"line":880,"column":20},"end":{"line":882,"column":23}},"321":{"start":{"line":883,"column":20},"end":{"line":883,"column":51}},"322":{"start":{"line":885,"column":16},"end":{"line":887,"column":17}},"323":{"start":{"line":886,"column":20},"end":{"line":886,"column":49}},"324":{"start":{"line":890,"column":8},"end":{"line":890,"column":53}},"325":{"start":{"line":896,"column":8},"end":{"line":901,"column":9}},"326":{"start":{"line":897,"column":12},"end":{"line":897,"column":72}},"327":{"start":{"line":898,"column":12},"end":{"line":898,"column":25}},"328":{"start":{"line":899,"column":15},"end":{"line":901,"column":9}},"329":{"start":{"line":900,"column":12},"end":{"line":900,"column":33}},"330":{"start":{"line":903,"column":8},"end":{"line":914,"column":9}},"331":{"start":{"line":904,"column":12},"end":{"line":904,"column":54}},"332":{"start":{"line":905,"column":12},"end":{"line":905,"column":30}},"333":{"start":{"line":906,"column":12},"end":{"line":911,"column":15}},"334":{"start":{"line":913,"column":12},"end":{"line":913,"column":67}},"335":{"start":{"line":917,"column":8},"end":{"line":917,"column":67}},"336":{"start":{"line":920,"column":8},"end":{"line":920,"column":39}},"337":{"start":{"line":927,"column":8},"end":{"line":933,"column":9}},"338":{"start":{"line":928,"column":12},"end":{"line":928,"column":79}},"339":{"start":{"line":929,"column":12},"end":{"line":929,"column":25}},"340":{"start":{"line":930,"column":15},"end":{"line":933,"column":9}},"341":{"start":{"line":931,"column":12},"end":{"line":931,"column":87}},"342":{"start":{"line":932,"column":12},"end":{"line":932,"column":25}},"343":{"start":{"line":935,"column":8},"end":{"line":938,"column":9}},"344":{"start":{"line":936,"column":12},"end":{"line":936,"column":89}},"345":{"start":{"line":937,"column":12},"end":{"line":937,"column":25}},"346":{"start":{"line":940,"column":8},"end":{"line":943,"column":9}},"347":{"start":{"line":941,"column":12},"end":{"line":941,"column":104}},"348":{"start":{"line":942,"column":12},"end":{"line":942,"column":25}},"349":{"start":{"line":945,"column":8},"end":{"line":966,"column":14}},"350":{"start":{"line":955,"column":16},"end":{"line":955,"column":20}},"351":{"start":{"line":956,"column":16},"end":{"line":962,"column":17}},"352":{"start":{"line":957,"column":20},"end":{"line":960,"column":23}},"353":{"start":{"line":961,"column":20},"end":{"line":961,"column":32}},"354":{"start":{"line":963,"column":16},"end":{"line":965,"column":17}},"355":{"start":{"line":964,"column":20},"end":{"line":964,"column":33}},"356":{"start":{"line":968,"column":8},"end":{"line":976,"column":15}},"357":{"start":{"line":970,"column":16},"end":{"line":973,"column":19}},"358":{"start":{"line":975,"column":16},"end":{"line":975,"column":72}},"359":{"start":{"line":980,"column":8},"end":{"line":986,"column":9}},"360":{"start":{"line":981,"column":12},"end":{"line":981,"column":79}},"361":{"start":{"line":982,"column":12},"end":{"line":982,"column":25}},"362":{"start":{"line":983,"column":15},"end":{"line":986,"column":9}},"363":{"start":{"line":984,"column":12},"end":{"line":984,"column":87}},"364":{"start":{"line":985,"column":12},"end":{"line":985,"column":25}},"365":{"start":{"line":988,"column":8},"end":{"line":1014,"column":14}},"366":{"start":{"line":998,"column":16},"end":{"line":998,"column":20}},"367":{"start":{"line":999,"column":16},"end":{"line":1010,"column":17}},"368":{"start":{"line":1000,"column":20},"end":{"line":1000,"column":40}},"369":{"start":{"line":1001,"column":20},"end":{"line":1008,"column":23}},"370":{"start":{"line":1009,"column":20},"end":{"line":1009,"column":32}},"371":{"start":{"line":1011,"column":16},"end":{"line":1013,"column":17}},"372":{"start":{"line":1012,"column":20},"end":{"line":1012,"column":33}},"373":{"start":{"line":1018,"column":8},"end":{"line":1026,"column":15}},"374":{"start":{"line":1020,"column":16},"end":{"line":1023,"column":19}},"375":{"start":{"line":1025,"column":16},"end":{"line":1025,"column":72}},"376":{"start":{"line":1031,"column":8},"end":{"line":1047,"column":9}},"377":{"start":{"line":1033,"column":12},"end":{"line":1037,"column":21}},"378":{"start":{"line":1039,"column":12},"end":{"line":1039,"column":85}},"379":{"start":{"line":1041,"column":12},"end":{"line":1041,"column":38}},"380":{"start":{"line":1043,"column":15},"end":{"line":1047,"column":9}},"381":{"start":{"line":1044,"column":12},"end":{"line":1044,"column":38}},"382":{"start":{"line":1046,"column":12},"end":{"line":1046,"column":60}},"383":{"start":{"line":1052,"column":8},"end":{"line":1058,"column":9}},"384":{"start":{"line":1053,"column":12},"end":{"line":1053,"column":44}},"385":{"start":{"line":1054,"column":12},"end":{"line":1054,"column":58}},"386":{"start":{"line":1055,"column":12},"end":{"line":1055,"column":28}},"387":{"start":{"line":1057,"column":12},"end":{"line":1057,"column":21}},"388":{"start":{"line":1062,"column":8},"end":{"line":1062,"column":26}},"389":{"start":{"line":1064,"column":8},"end":{"line":1101,"column":18}},"390":{"start":{"line":1066,"column":12},"end":{"line":1096,"column":14}},"391":{"start":{"line":1080,"column":24},"end":{"line":1080,"column":56}},"392":{"start":{"line":1080,"column":43},"end":{"line":1080,"column":56}},"393":{"start":{"line":1082,"column":24},"end":{"line":1091,"column":44}},"394":{"start":{"line":1083,"column":28},"end":{"line":1089,"column":31}},"395":{"start":{"line":1098,"column":12},"end":{"line":1098,"column":53}},"396":{"start":{"line":1099,"column":12},"end":{"line":1099,"column":52}},"397":{"start":{"line":1105,"column":0},"end":{"line":1105,"column":26}}},"branchMap":{"1":{"line":61,"type":"if","locations":[{"start":{"line":61,"column":20},"end":{"line":61,"column":20}},{"start":{"line":61,"column":20},"end":{"line":61,"column":20}}]},"2":{"line":70,"type":"if","locations":[{"start":{"line":70,"column":16},"end":{"line":70,"column":16}},{"start":{"line":70,"column":16},"end":{"line":70,"column":16}}]},"3":{"line":82,"type":"if","locations":[{"start":{"line":82,"column":12},"end":{"line":82,"column":12}},{"start":{"line":82,"column":12},"end":{"line":82,"column":12}}]},"4":{"line":106,"type":"if","locations":[{"start":{"line":106,"column":8},"end":{"line":106,"column":8}},{"start":{"line":106,"column":8},"end":{"line":106,"column":8}}]},"5":{"line":113,"type":"if","locations":[{"start":{"line":113,"column":8},"end":{"line":113,"column":8}},{"start":{"line":113,"column":8},"end":{"line":113,"column":8}}]},"6":{"line":113,"type":"binary-expr","locations":[{"start":{"line":113,"column":13},"end":{"line":113,"column":23}},{"start":{"line":113,"column":27},"end":{"line":113,"column":38}},{"start":{"line":114,"column":13},"end":{"line":114,"column":21}},{"start":{"line":114,"column":25},"end":{"line":114,"column":34}},{"start":{"line":115,"column":13},"end":{"line":115,"column":38}}]},"7":{"line":136,"type":"switch","locations":[{"start":{"line":137,"column":8},"end":{"line":139,"column":18}},{"start":{"line":140,"column":8},"end":{"line":142,"column":18}},{"start":{"line":143,"column":8},"end":{"line":145,"column":18}},{"start":{"line":146,"column":8},"end":{"line":147,"column":58}}]},"8":{"line":171,"type":"cond-expr","locations":[{"start":{"line":171,"column":55},"end":{"line":171,"column":59}},{"start":{"line":171,"column":62},"end":{"line":171,"column":67}}]},"9":{"line":228,"type":"switch","locations":[{"start":{"line":229,"column":20},"end":{"line":231,"column":30}},{"start":{"line":232,"column":20},"end":{"line":234,"column":30}},{"start":{"line":235,"column":20},"end":{"line":237,"column":30}},{"start":{"line":238,"column":20},"end":{"line":240,"column":30}},{"start":{"line":241,"column":20},"end":{"line":243,"column":30}},{"start":{"line":244,"column":20},"end":{"line":246,"column":30}},{"start":{"line":247,"column":20},"end":{"line":249,"column":30}},{"start":{"line":250,"column":20},"end":{"line":252,"column":30}},{"start":{"line":253,"column":20},"end":{"line":255,"column":30}},{"start":{"line":256,"column":20},"end":{"line":258,"column":30}},{"start":{"line":259,"column":20},"end":{"line":261,"column":30}},{"start":{"line":262,"column":20},"end":{"line":268,"column":30}}]},"10":{"line":264,"type":"if","locations":[{"start":{"line":264,"column":25},"end":{"line":264,"column":25}},{"start":{"line":264,"column":25},"end":{"line":264,"column":25}}]},"11":{"line":264,"type":"binary-expr","locations":[{"start":{"line":264,"column":30},"end":{"line":264,"column":46}},{"start":{"line":264,"column":50},"end":{"line":264,"column":64}}]},"12":{"line":320,"type":"if","locations":[{"start":{"line":320,"column":8},"end":{"line":320,"column":8}},{"start":{"line":320,"column":8},"end":{"line":320,"column":8}}]},"13":{"line":320,"type":"binary-expr","locations":[{"start":{"line":320,"column":12},"end":{"line":320,"column":20}},{"start":{"line":320,"column":24},"end":{"line":320,"column":47}}]},"14":{"line":326,"type":"if","locations":[{"start":{"line":326,"column":15},"end":{"line":326,"column":15}},{"start":{"line":326,"column":15},"end":{"line":326,"column":15}}]},"15":{"line":326,"type":"binary-expr","locations":[{"start":{"line":326,"column":19},"end":{"line":326,"column":27}},{"start":{"line":326,"column":32},"end":{"line":326,"column":56}}]},"16":{"line":336,"type":"if","locations":[{"start":{"line":336,"column":8},"end":{"line":336,"column":8}},{"start":{"line":336,"column":8},"end":{"line":336,"column":8}}]},"17":{"line":359,"type":"if","locations":[{"start":{"line":359,"column":8},"end":{"line":359,"column":8}},{"start":{"line":359,"column":8},"end":{"line":359,"column":8}}]},"18":{"line":369,"type":"if","locations":[{"start":{"line":369,"column":12},"end":{"line":369,"column":12}},{"start":{"line":369,"column":12},"end":{"line":369,"column":12}}]},"19":{"line":372,"type":"if","locations":[{"start":{"line":372,"column":19},"end":{"line":372,"column":19}},{"start":{"line":372,"column":19},"end":{"line":372,"column":19}}]},"20":{"line":372,"type":"binary-expr","locations":[{"start":{"line":372,"column":24},"end":{"line":372,"column":59}},{"start":{"line":372,"column":65},"end":{"line":372,"column":73}}]},"21":{"line":385,"type":"if","locations":[{"start":{"line":385,"column":8},"end":{"line":385,"column":8}},{"start":{"line":385,"column":8},"end":{"line":385,"column":8}}]},"22":{"line":401,"type":"if","locations":[{"start":{"line":401,"column":16},"end":{"line":401,"column":16}},{"start":{"line":401,"column":16},"end":{"line":401,"column":16}}]},"23":{"line":415,"type":"if","locations":[{"start":{"line":415,"column":23},"end":{"line":415,"column":23}},{"start":{"line":415,"column":23},"end":{"line":415,"column":23}}]},"24":{"line":429,"type":"if","locations":[{"start":{"line":429,"column":8},"end":{"line":429,"column":8}},{"start":{"line":429,"column":8},"end":{"line":429,"column":8}}]},"25":{"line":446,"type":"if","locations":[{"start":{"line":446,"column":16},"end":{"line":446,"column":16}},{"start":{"line":446,"column":16},"end":{"line":446,"column":16}}]},"26":{"line":459,"type":"if","locations":[{"start":{"line":459,"column":23},"end":{"line":459,"column":23}},{"start":{"line":459,"column":23},"end":{"line":459,"column":23}}]},"27":{"line":470,"type":"if","locations":[{"start":{"line":470,"column":8},"end":{"line":470,"column":8}},{"start":{"line":470,"column":8},"end":{"line":470,"column":8}}]},"28":{"line":487,"type":"if","locations":[{"start":{"line":487,"column":16},"end":{"line":487,"column":16}},{"start":{"line":487,"column":16},"end":{"line":487,"column":16}}]},"29":{"line":487,"type":"binary-expr","locations":[{"start":{"line":487,"column":20},"end":{"line":487,"column":44}},{"start":{"line":487,"column":48},"end":{"line":487,"column":58}}]},"30":{"line":492,"type":"if","locations":[{"start":{"line":492,"column":23},"end":{"line":492,"column":23}},{"start":{"line":492,"column":23},"end":{"line":492,"column":23}}]},"31":{"line":492,"type":"binary-expr","locations":[{"start":{"line":492,"column":27},"end":{"line":492,"column":51}},{"start":{"line":492,"column":55},"end":{"line":492,"column":64}}]},"32":{"line":494,"type":"if","locations":[{"start":{"line":494,"column":23},"end":{"line":494,"column":23}},{"start":{"line":494,"column":23},"end":{"line":494,"column":23}}]},"33":{"line":505,"type":"if","locations":[{"start":{"line":505,"column":8},"end":{"line":505,"column":8}},{"start":{"line":505,"column":8},"end":{"line":505,"column":8}}]},"34":{"line":520,"type":"if","locations":[{"start":{"line":520,"column":16},"end":{"line":520,"column":16}},{"start":{"line":520,"column":16},"end":{"line":520,"column":16}}]},"35":{"line":520,"type":"binary-expr","locations":[{"start":{"line":520,"column":20},"end":{"line":520,"column":44}},{"start":{"line":520,"column":48},"end":{"line":520,"column":69}}]},"36":{"line":527,"type":"if","locations":[{"start":{"line":527,"column":23},"end":{"line":527,"column":23}},{"start":{"line":527,"column":23},"end":{"line":527,"column":23}}]},"37":{"line":527,"type":"binary-expr","locations":[{"start":{"line":527,"column":27},"end":{"line":527,"column":51}},{"start":{"line":527,"column":55},"end":{"line":527,"column":75}}]},"38":{"line":535,"type":"if","locations":[{"start":{"line":535,"column":23},"end":{"line":535,"column":23}},{"start":{"line":535,"column":23},"end":{"line":535,"column":23}}]},"39":{"line":547,"type":"if","locations":[{"start":{"line":547,"column":8},"end":{"line":547,"column":8}},{"start":{"line":547,"column":8},"end":{"line":547,"column":8}}]},"40":{"line":562,"type":"if","locations":[{"start":{"line":562,"column":16},"end":{"line":562,"column":16}},{"start":{"line":562,"column":16},"end":{"line":562,"column":16}}]},"41":{"line":562,"type":"binary-expr","locations":[{"start":{"line":562,"column":20},"end":{"line":562,"column":44}},{"start":{"line":562,"column":48},"end":{"line":562,"column":68}}]},"42":{"line":565,"type":"if","locations":[{"start":{"line":565,"column":23},"end":{"line":565,"column":23}},{"start":{"line":565,"column":23},"end":{"line":565,"column":23}}]},"43":{"line":565,"type":"binary-expr","locations":[{"start":{"line":565,"column":27},"end":{"line":565,"column":51}},{"start":{"line":565,"column":55},"end":{"line":565,"column":76}}]},"44":{"line":567,"type":"if","locations":[{"start":{"line":567,"column":23},"end":{"line":567,"column":23}},{"start":{"line":567,"column":23},"end":{"line":567,"column":23}}]},"45":{"line":582,"type":"if","locations":[{"start":{"line":582,"column":8},"end":{"line":582,"column":8}},{"start":{"line":582,"column":8},"end":{"line":582,"column":8}}]},"46":{"line":582,"type":"binary-expr","locations":[{"start":{"line":582,"column":12},"end":{"line":582,"column":27}},{"start":{"line":582,"column":32},"end":{"line":582,"column":37}},{"start":{"line":582,"column":41},"end":{"line":582,"column":54}}]},"47":{"line":584,"type":"if","locations":[{"start":{"line":584,"column":15},"end":{"line":584,"column":15}},{"start":{"line":584,"column":15},"end":{"line":584,"column":15}}]},"48":{"line":584,"type":"binary-expr","locations":[{"start":{"line":584,"column":19},"end":{"line":584,"column":33}},{"start":{"line":584,"column":37},"end":{"line":584,"column":42}}]},"49":{"line":587,"type":"if","locations":[{"start":{"line":587,"column":15},"end":{"line":587,"column":15}},{"start":{"line":587,"column":15},"end":{"line":587,"column":15}}]},"50":{"line":587,"type":"binary-expr","locations":[{"start":{"line":587,"column":20},"end":{"line":587,"column":24}},{"start":{"line":587,"column":28},"end":{"line":587,"column":40}},{"start":{"line":587,"column":45},"end":{"line":587,"column":72}}]},"51":{"line":605,"type":"if","locations":[{"start":{"line":605,"column":12},"end":{"line":605,"column":12}},{"start":{"line":605,"column":12},"end":{"line":605,"column":12}}]},"52":{"line":617,"type":"if","locations":[{"start":{"line":617,"column":8},"end":{"line":617,"column":8}},{"start":{"line":617,"column":8},"end":{"line":617,"column":8}}]},"53":{"line":620,"type":"if","locations":[{"start":{"line":620,"column":15},"end":{"line":620,"column":15}},{"start":{"line":620,"column":15},"end":{"line":620,"column":15}}]},"54":{"line":620,"type":"binary-expr","locations":[{"start":{"line":620,"column":19},"end":{"line":620,"column":34}},{"start":{"line":620,"column":39},"end":{"line":620,"column":45}}]},"55":{"line":623,"type":"if","locations":[{"start":{"line":623,"column":15},"end":{"line":623,"column":15}},{"start":{"line":623,"column":15},"end":{"line":623,"column":15}}]},"56":{"line":623,"type":"binary-expr","locations":[{"start":{"line":623,"column":19},"end":{"line":623,"column":34}},{"start":{"line":623,"column":39},"end":{"line":623,"column":45}},{"start":{"line":623,"column":49},"end":{"line":623,"column":66}}]},"57":{"line":627,"type":"if","locations":[{"start":{"line":627,"column":15},"end":{"line":627,"column":15}},{"start":{"line":627,"column":15},"end":{"line":627,"column":15}}]},"58":{"line":627,"type":"binary-expr","locations":[{"start":{"line":627,"column":19},"end":{"line":627,"column":38}},{"start":{"line":627,"column":43},"end":{"line":627,"column":49}}]},"59":{"line":630,"type":"if","locations":[{"start":{"line":630,"column":15},"end":{"line":630,"column":15}},{"start":{"line":630,"column":15},"end":{"line":630,"column":15}}]},"60":{"line":630,"type":"binary-expr","locations":[{"start":{"line":630,"column":19},"end":{"line":630,"column":34}},{"start":{"line":630,"column":38},"end":{"line":630,"column":66}}]},"61":{"line":655,"type":"if","locations":[{"start":{"line":655,"column":8},"end":{"line":655,"column":8}},{"start":{"line":655,"column":8},"end":{"line":655,"column":8}}]},"62":{"line":658,"type":"if","locations":[{"start":{"line":658,"column":15},"end":{"line":658,"column":15}},{"start":{"line":658,"column":15},"end":{"line":658,"column":15}}]},"63":{"line":661,"type":"if","locations":[{"start":{"line":661,"column":15},"end":{"line":661,"column":15}},{"start":{"line":661,"column":15},"end":{"line":661,"column":15}}]},"64":{"line":668,"type":"switch","locations":[{"start":{"line":669,"column":8},"end":{"line":670,"column":18}},{"start":{"line":671,"column":8},"end":{"line":672,"column":18}},{"start":{"line":673,"column":8},"end":{"line":674,"column":18}},{"start":{"line":675,"column":8},"end":{"line":676,"column":18}},{"start":{"line":677,"column":8},"end":{"line":678,"column":18}},{"start":{"line":679,"column":8},"end":{"line":686,"column":25}}]},"65":{"line":701,"type":"if","locations":[{"start":{"line":701,"column":16},"end":{"line":701,"column":16}},{"start":{"line":701,"column":16},"end":{"line":701,"column":16}}]},"66":{"line":701,"type":"binary-expr","locations":[{"start":{"line":701,"column":20},"end":{"line":701,"column":44}},{"start":{"line":701,"column":48},"end":{"line":701,"column":70}}]},"67":{"line":703,"type":"if","locations":[{"start":{"line":703,"column":20},"end":{"line":703,"column":20}},{"start":{"line":703,"column":20},"end":{"line":703,"column":20}}]},"68":{"line":713,"type":"if","locations":[{"start":{"line":713,"column":23},"end":{"line":713,"column":23}},{"start":{"line":713,"column":23},"end":{"line":713,"column":23}}]},"69":{"line":713,"type":"binary-expr","locations":[{"start":{"line":713,"column":27},"end":{"line":713,"column":51}},{"start":{"line":713,"column":55},"end":{"line":713,"column":63}}]},"70":{"line":720,"type":"if","locations":[{"start":{"line":720,"column":23},"end":{"line":720,"column":23}},{"start":{"line":720,"column":23},"end":{"line":720,"column":23}}]},"71":{"line":731,"type":"if","locations":[{"start":{"line":731,"column":16},"end":{"line":731,"column":16}},{"start":{"line":731,"column":16},"end":{"line":731,"column":16}}]},"72":{"line":742,"type":"if","locations":[{"start":{"line":742,"column":8},"end":{"line":742,"column":8}},{"start":{"line":742,"column":8},"end":{"line":742,"column":8}}]},"73":{"line":745,"type":"if","locations":[{"start":{"line":745,"column":15},"end":{"line":745,"column":15}},{"start":{"line":745,"column":15},"end":{"line":745,"column":15}}]},"74":{"line":748,"type":"if","locations":[{"start":{"line":748,"column":15},"end":{"line":748,"column":15}},{"start":{"line":748,"column":15},"end":{"line":748,"column":15}}]},"75":{"line":751,"type":"if","locations":[{"start":{"line":751,"column":15},"end":{"line":751,"column":15}},{"start":{"line":751,"column":15},"end":{"line":751,"column":15}}]},"76":{"line":752,"type":"switch","locations":[{"start":{"line":753,"column":12},"end":{"line":754,"column":22}},{"start":{"line":755,"column":12},"end":{"line":756,"column":22}},{"start":{"line":757,"column":12},"end":{"line":758,"column":91}}]},"77":{"line":773,"type":"if","locations":[{"start":{"line":773,"column":16},"end":{"line":773,"column":16}},{"start":{"line":773,"column":16},"end":{"line":773,"column":16}}]},"78":{"line":778,"type":"if","locations":[{"start":{"line":778,"column":23},"end":{"line":778,"column":23}},{"start":{"line":778,"column":23},"end":{"line":778,"column":23}}]},"79":{"line":790,"type":"if","locations":[{"start":{"line":790,"column":8},"end":{"line":790,"column":8}},{"start":{"line":790,"column":8},"end":{"line":790,"column":8}}]},"80":{"line":795,"type":"if","locations":[{"start":{"line":795,"column":15},"end":{"line":795,"column":15}},{"start":{"line":795,"column":15},"end":{"line":795,"column":15}}]},"81":{"line":800,"type":"if","locations":[{"start":{"line":800,"column":15},"end":{"line":800,"column":15}},{"start":{"line":800,"column":15},"end":{"line":800,"column":15}}]},"82":{"line":800,"type":"binary-expr","locations":[{"start":{"line":800,"column":19},"end":{"line":800,"column":28}},{"start":{"line":800,"column":32},"end":{"line":800,"column":56}}]},"83":{"line":819,"type":"if","locations":[{"start":{"line":819,"column":16},"end":{"line":819,"column":16}},{"start":{"line":819,"column":16},"end":{"line":819,"column":16}}]},"84":{"line":819,"type":"binary-expr","locations":[{"start":{"line":819,"column":20},"end":{"line":819,"column":44}},{"start":{"line":819,"column":48},"end":{"line":819,"column":61}}]},"85":{"line":831,"type":"if","locations":[{"start":{"line":831,"column":23},"end":{"line":831,"column":23}},{"start":{"line":831,"column":23},"end":{"line":831,"column":23}}]},"86":{"line":831,"type":"binary-expr","locations":[{"start":{"line":831,"column":27},"end":{"line":831,"column":51}},{"start":{"line":831,"column":55},"end":{"line":831,"column":69}}]},"87":{"line":841,"type":"if","locations":[{"start":{"line":841,"column":23},"end":{"line":841,"column":23}},{"start":{"line":841,"column":23},"end":{"line":841,"column":23}}]},"88":{"line":862,"type":"if","locations":[{"start":{"line":862,"column":8},"end":{"line":862,"column":8}},{"start":{"line":862,"column":8},"end":{"line":862,"column":8}}]},"89":{"line":864,"type":"if","locations":[{"start":{"line":864,"column":15},"end":{"line":864,"column":15}},{"start":{"line":864,"column":15},"end":{"line":864,"column":15}}]},"90":{"line":879,"type":"if","locations":[{"start":{"line":879,"column":16},"end":{"line":879,"column":16}},{"start":{"line":879,"column":16},"end":{"line":879,"column":16}}]},"91":{"line":885,"type":"if","locations":[{"start":{"line":885,"column":16},"end":{"line":885,"column":16}},{"start":{"line":885,"column":16},"end":{"line":885,"column":16}}]},"92":{"line":896,"type":"if","locations":[{"start":{"line":896,"column":8},"end":{"line":896,"column":8}},{"start":{"line":896,"column":8},"end":{"line":896,"column":8}}]},"93":{"line":899,"type":"if","locations":[{"start":{"line":899,"column":15},"end":{"line":899,"column":15}},{"start":{"line":899,"column":15},"end":{"line":899,"column":15}}]},"94":{"line":899,"type":"binary-expr","locations":[{"start":{"line":899,"column":20},"end":{"line":899,"column":24}},{"start":{"line":899,"column":29},"end":{"line":899,"column":49}},{"start":{"line":899,"column":53},"end":{"line":899,"column":72}}]},"95":{"line":917,"type":"binary-expr","locations":[{"start":{"line":917,"column":17},"end":{"line":917,"column":39}},{"start":{"line":917,"column":43},"end":{"line":917,"column":64}}]},"96":{"line":927,"type":"if","locations":[{"start":{"line":927,"column":8},"end":{"line":927,"column":8}},{"start":{"line":927,"column":8},"end":{"line":927,"column":8}}]},"97":{"line":930,"type":"if","locations":[{"start":{"line":930,"column":15},"end":{"line":930,"column":15}},{"start":{"line":930,"column":15},"end":{"line":930,"column":15}}]},"98":{"line":930,"type":"binary-expr","locations":[{"start":{"line":930,"column":19},"end":{"line":930,"column":23}},{"start":{"line":930,"column":27},"end":{"line":930,"column":42}}]},"99":{"line":935,"type":"if","locations":[{"start":{"line":935,"column":8},"end":{"line":935,"column":8}},{"start":{"line":935,"column":8},"end":{"line":935,"column":8}}]},"100":{"line":940,"type":"if","locations":[{"start":{"line":940,"column":8},"end":{"line":940,"column":8}},{"start":{"line":940,"column":8},"end":{"line":940,"column":8}}]},"101":{"line":956,"type":"if","locations":[{"start":{"line":956,"column":16},"end":{"line":956,"column":16}},{"start":{"line":956,"column":16},"end":{"line":956,"column":16}}]},"102":{"line":963,"type":"if","locations":[{"start":{"line":963,"column":16},"end":{"line":963,"column":16}},{"start":{"line":963,"column":16},"end":{"line":963,"column":16}}]},"103":{"line":980,"type":"if","locations":[{"start":{"line":980,"column":8},"end":{"line":980,"column":8}},{"start":{"line":980,"column":8},"end":{"line":980,"column":8}}]},"104":{"line":983,"type":"if","locations":[{"start":{"line":983,"column":15},"end":{"line":983,"column":15}},{"start":{"line":983,"column":15},"end":{"line":983,"column":15}}]},"105":{"line":983,"type":"binary-expr","locations":[{"start":{"line":983,"column":19},"end":{"line":983,"column":23}},{"start":{"line":983,"column":27},"end":{"line":983,"column":42}}]},"106":{"line":999,"type":"if","locations":[{"start":{"line":999,"column":16},"end":{"line":999,"column":16}},{"start":{"line":999,"column":16},"end":{"line":999,"column":16}}]},"107":{"line":1011,"type":"if","locations":[{"start":{"line":1011,"column":16},"end":{"line":1011,"column":16}},{"start":{"line":1011,"column":16},"end":{"line":1011,"column":16}}]},"108":{"line":1031,"type":"if","locations":[{"start":{"line":1031,"column":8},"end":{"line":1031,"column":8}},{"start":{"line":1031,"column":8},"end":{"line":1031,"column":8}}]},"109":{"line":1043,"type":"if","locations":[{"start":{"line":1043,"column":15},"end":{"line":1043,"column":15}},{"start":{"line":1043,"column":15},"end":{"line":1043,"column":15}}]},"110":{"line":1080,"type":"if","locations":[{"start":{"line":1080,"column":24},"end":{"line":1080,"column":24}},{"start":{"line":1080,"column":24},"end":{"line":1080,"column":24}}]}}},"/root/PERSONAL_PROJECTS/duty/src/readtodo.js":{"path":"/root/PERSONAL_PROJECTS/duty/src/readtodo.js","s":{"1":1,"2":1,"3":6,"4":3,"5":3,"6":3,"7":3,"8":3,"9":3,"10":3,"11":3,"12":3,"13":0,"14":0,"15":0,"16":0,"17":0,"18":0,"19":0,"20":0,"21":0,"22":0,"23":0,"24":0,"25":0,"26":6,"27":6,"28":6,"29":6,"30":6,"31":6,"32":6,"33":6,"34":6,"35":3,"36":3,"37":1,"38":2,"39":2,"40":1,"41":1,"42":2,"43":2,"44":1,"45":1,"46":2,"47":5,"48":5,"49":3,"50":3,"51":3,"52":5,"53":5,"54":2,"55":2,"56":1,"57":4,"58":4,"59":1,"60":1,"61":4,"62":4,"63":1,"64":1,"65":0,"66":15,"67":1,"68":14,"69":5,"70":9,"71":0,"72":0,"73":0,"74":0,"75":0,"76":0,"77":0,"78":0,"79":0,"80":0,"81":2,"82":4,"83":4,"84":1,"85":1,"86":4,"87":4,"88":2,"89":2,"90":0,"91":0,"92":0,"93":0,"94":0,"95":0,"96":0,"97":0,"98":0,"99":0,"100":0,"101":0,"102":0,"103":0,"104":0,"105":0,"106":0,"107":0,"108":0,"109":0,"110":0,"111":0,"112":0,"113":0,"114":0,"115":0,"116":0,"117":0,"118":0,"119":0,"120":0,"121":0,"122":0,"123":0,"124":0,"125":0,"126":0,"127":0,"128":0,"129":0,"130":0,"131":0,"132":0,"133":0,"134":0,"135":0,"136":0,"137":1},"b":{"1":[3,0],"2":[0,0],"3":[0,0],"4":[0,0],"5":[0,0],"6":[0,0],"7":[0,0],"8":[0,0],"9":[0,0],"10":[0,0],"11":[0,0],"12":[0,0],"13":[0,0],"14":[3,3],"15":[3,3],"16":[1,1],"17":[1,1],"18":[3,2],"19":[3,0],"20":[2,3],"21":[4,0],"22":[1,3],"23":[4,2],"24":[1,3],"25":[1,14],"26":[15,6],"27":[5,9],"28":[14,9],"29":[0,0],"30":[0,0],"31":[0,0],"32":[0,0],"33":[1,3],"34":[4,4,4],"35":[2,2],"36":[0,0,0,0,0,0],"37":[0,0],"38":[0,0,0],"39":[0,0],"40":[0,0],"41":[0,0],"42":[0,0],"43":[0,0],"44":[0,0],"45":[0,0,0,0],"46":[0,0],"47":[0,0,0],"48":[0,0]},"f":{"1":6,"2":6,"3":3,"4":3,"5":0,"6":0,"7":0,"8":0,"9":0,"10":0,"11":0,"12":6,"13":1,"14":2,"15":1,"16":15,"17":0,"18":2,"19":0,"20":0,"21":0,"22":0},"fnMap":{"1":{"name":"(anonymous_1)","line":9,"loc":{"start":{"line":9,"column":15},"end":{"line":9,"column":18}}},"2":{"name":"(anonymous_2)","line":10,"loc":{"start":{"line":10,"column":21},"end":{"line":10,"column":24}}},"3":{"name":"(anonymous_3)","line":13,"loc":{"start":{"line":13,"column":25},"end":{"line":13,"column":28}}},"4":{"name":"(anonymous_4)","line":27,"loc":{"start":{"line":27,"column":26},"end":{"line":27,"column":39}}},"5":{"name":"(anonymous_5)","line":47,"loc":{"start":{"line":47,"column":26},"end":{"line":47,"column":29}}},"6":{"name":"(anonymous_6)","line":50,"loc":{"start":{"line":50,"column":23},"end":{"line":50,"column":26}}},"7":{"name":"(anonymous_7)","line":53,"loc":{"start":{"line":53,"column":18},"end":{"line":53,"column":21}}},"8":{"name":"(anonymous_8)","line":56,"loc":{"start":{"line":56,"column":22},"end":{"line":56,"column":25}}},"9":{"name":"(anonymous_9)","line":59,"loc":{"start":{"line":59,"column":21},"end":{"line":59,"column":24}}},"10":{"name":"(anonymous_10)","line":62,"loc":{"start":{"line":62,"column":26},"end":{"line":62,"column":37}}},"11":{"name":"(anonymous_11)","line":66,"loc":{"start":{"line":66,"column":21},"end":{"line":66,"column":101}}},"12":{"name":"(anonymous_12)","line":104,"loc":{"start":{"line":104,"column":14},"end":{"line":104,"column":48}}},"13":{"name":"(anonymous_13)","line":125,"loc":{"start":{"line":125,"column":7},"end":{"line":125,"column":10}}},"14":{"name":"(anonymous_14)","line":142,"loc":{"start":{"line":142,"column":16},"end":{"line":142,"column":19}}},"15":{"name":"(anonymous_15)","line":162,"loc":{"start":{"line":162,"column":8},"end":{"line":162,"column":20}}},"16":{"name":"(anonymous_16)","line":184,"loc":{"start":{"line":184,"column":21},"end":{"line":184,"column":62}}},"17":{"name":"(anonymous_17)","line":193,"loc":{"start":{"line":193,"column":7},"end":{"line":193,"column":10}}},"18":{"name":"(anonymous_18)","line":220,"loc":{"start":{"line":220,"column":12},"end":{"line":220,"column":27}}},"19":{"name":"(anonymous_19)","line":239,"loc":{"start":{"line":239,"column":11},"end":{"line":239,"column":25}}},"20":{"name":"(anonymous_20)","line":269,"loc":{"start":{"line":269,"column":13},"end":{"line":269,"column":16}}},"21":{"name":"(anonymous_21)","line":288,"loc":{"start":{"line":288,"column":16},"end":{"line":288,"column":19}}},"22":{"name":"(anonymous_22)","line":308,"loc":{"start":{"line":308,"column":8},"end":{"line":308,"column":11}}}},"statementMap":{"1":{"start":{"line":5,"column":0},"end":{"line":5,"column":33}},"2":{"start":{"line":6,"column":0},"end":{"line":6,"column":33}},"3":{"start":{"line":11,"column":8},"end":{"line":11,"column":30}},"4":{"start":{"line":14,"column":8},"end":{"line":14,"column":33}},"5":{"start":{"line":15,"column":8},"end":{"line":25,"column":10}},"6":{"start":{"line":29,"column":8},"end":{"line":29,"column":50}},"7":{"start":{"line":31,"column":8},"end":{"line":31,"column":56}},"8":{"start":{"line":32,"column":8},"end":{"line":32,"column":50}},"9":{"start":{"line":34,"column":8},"end":{"line":34,"column":71}},"10":{"start":{"line":36,"column":8},"end":{"line":36,"column":81}},"11":{"start":{"line":38,"column":8},"end":{"line":44,"column":9}},"12":{"start":{"line":39,"column":12},"end":{"line":39,"column":48}},"13":{"start":{"line":40,"column":15},"end":{"line":44,"column":9}},"14":{"start":{"line":41,"column":12},"end":{"line":41,"column":65}},"15":{"start":{"line":42,"column":15},"end":{"line":44,"column":9}},"16":{"start":{"line":43,"column":12},"end":{"line":43,"column":45}},"17":{"start":{"line":48,"column":8},"end":{"line":48,"column":33}},"18":{"start":{"line":51,"column":8},"end":{"line":51,"column":30}},"19":{"start":{"line":54,"column":8},"end":{"line":54,"column":25}},"20":{"start":{"line":57,"column":8},"end":{"line":57,"column":29}},"21":{"start":{"line":60,"column":8},"end":{"line":60,"column":28}},"22":{"start":{"line":63,"column":8},"end":{"line":63,"column":73}},"23":{"start":{"line":68,"column":8},"end":{"line":81,"column":16}},"24":{"start":{"line":83,"column":8},"end":{"line":83,"column":49}},"25":{"start":{"line":88,"column":8},"end":{"line":101,"column":3}},"26":{"start":{"line":105,"column":8},"end":{"line":105,"column":42}},"27":{"start":{"line":106,"column":8},"end":{"line":106,"column":25}},"28":{"start":{"line":107,"column":8},"end":{"line":107,"column":33}},"29":{"start":{"line":108,"column":8},"end":{"line":108,"column":36}},"30":{"start":{"line":109,"column":8},"end":{"line":109,"column":27}},"31":{"start":{"line":110,"column":8},"end":{"line":110,"column":24}},"32":{"start":{"line":112,"column":8},"end":{"line":112,"column":87}},"33":{"start":{"line":113,"column":8},"end":{"line":113,"column":82}},"34":{"start":{"line":115,"column":8},"end":{"line":118,"column":9}},"35":{"start":{"line":116,"column":12},"end":{"line":116,"column":44}},"36":{"start":{"line":120,"column":8},"end":{"line":120,"column":33}},"37":{"start":{"line":127,"column":8},"end":{"line":138,"column":14}},"38":{"start":{"line":130,"column":16},"end":{"line":130,"column":20}},"39":{"start":{"line":131,"column":16},"end":{"line":134,"column":17}},"40":{"start":{"line":132,"column":20},"end":{"line":132,"column":34}},"41":{"start":{"line":133,"column":20},"end":{"line":133,"column":42}},"42":{"start":{"line":135,"column":16},"end":{"line":135,"column":89}},"43":{"start":{"line":137,"column":16},"end":{"line":137,"column":44}},"44":{"start":{"line":137,"column":30},"end":{"line":137,"column":44}},"45":{"start":{"line":140,"column":8},"end":{"line":140,"column":54}},"46":{"start":{"line":143,"column":8},"end":{"line":158,"column":14}},"47":{"start":{"line":147,"column":16},"end":{"line":147,"column":20}},"48":{"start":{"line":148,"column":16},"end":{"line":153,"column":17}},"49":{"start":{"line":149,"column":20},"end":{"line":152,"column":21}},"50":{"start":{"line":150,"column":24},"end":{"line":150,"column":38}},"51":{"start":{"line":151,"column":24},"end":{"line":151,"column":46}},"52":{"start":{"line":155,"column":16},"end":{"line":155,"column":89}},"53":{"start":{"line":157,"column":16},"end":{"line":157,"column":44}},"54":{"start":{"line":157,"column":30},"end":{"line":157,"column":44}},"55":{"start":{"line":160,"column":8},"end":{"line":160,"column":54}},"56":{"start":{"line":164,"column":8},"end":{"line":180,"column":13}},"57":{"start":{"line":169,"column":16},"end":{"line":174,"column":17}},"58":{"start":{"line":170,"column":20},"end":{"line":173,"column":21}},"59":{"start":{"line":171,"column":24},"end":{"line":171,"column":38}},"60":{"start":{"line":172,"column":24},"end":{"line":172,"column":46}},"61":{"start":{"line":176,"column":16},"end":{"line":176,"column":89}},"62":{"start":{"line":178,"column":16},"end":{"line":178,"column":44}},"63":{"start":{"line":178,"column":30},"end":{"line":178,"column":44}},"64":{"start":{"line":182,"column":8},"end":{"line":182,"column":80}},"65":{"start":{"line":182,"column":65},"end":{"line":182,"column":79}},"66":{"start":{"line":185,"column":8},"end":{"line":190,"column":9}},"67":{"start":{"line":186,"column":12},"end":{"line":186,"column":38}},"68":{"start":{"line":187,"column":15},"end":{"line":190,"column":9}},"69":{"start":{"line":189,"column":12},"end":{"line":189,"column":30}},"70":{"start":{"line":191,"column":8},"end":{"line":191,"column":25}},"71":{"start":{"line":195,"column":8},"end":{"line":214,"column":14}},"72":{"start":{"line":200,"column":16},"end":{"line":200,"column":20}},"73":{"start":{"line":202,"column":16},"end":{"line":209,"column":17}},"74":{"start":{"line":204,"column":20},"end":{"line":207,"column":21}},"75":{"start":{"line":205,"column":24},"end":{"line":205,"column":38}},"76":{"start":{"line":206,"column":24},"end":{"line":206,"column":46}},"77":{"start":{"line":211,"column":16},"end":{"line":211,"column":89}},"78":{"start":{"line":213,"column":16},"end":{"line":213,"column":44}},"79":{"start":{"line":213,"column":30},"end":{"line":213,"column":44}},"80":{"start":{"line":217,"column":8},"end":{"line":217,"column":53}},"81":{"start":{"line":222,"column":8},"end":{"line":235,"column":14}},"82":{"start":{"line":226,"column":16},"end":{"line":226,"column":20}},"83":{"start":{"line":227,"column":16},"end":{"line":230,"column":17}},"84":{"start":{"line":228,"column":20},"end":{"line":228,"column":34}},"85":{"start":{"line":229,"column":20},"end":{"line":229,"column":42}},"86":{"start":{"line":232,"column":16},"end":{"line":232,"column":89}},"87":{"start":{"line":234,"column":16},"end":{"line":234,"column":44}},"88":{"start":{"line":234,"column":30},"end":{"line":234,"column":44}},"89":{"start":{"line":237,"column":8},"end":{"line":237,"column":53}},"90":{"start":{"line":241,"column":8},"end":{"line":241,"column":50}},"91":{"start":{"line":242,"column":8},"end":{"line":250,"column":9}},"92":{"start":{"line":243,"column":23},"end":{"line":243,"column":29}},"93":{"start":{"line":244,"column":23},"end":{"line":244,"column":29}},"94":{"start":{"line":245,"column":24},"end":{"line":245,"column":30}},"95":{"start":{"line":246,"column":21},"end":{"line":246,"column":27}},"96":{"start":{"line":247,"column":22},"end":{"line":247,"column":28}},"97":{"start":{"line":249,"column":12},"end":{"line":249,"column":66}},"98":{"start":{"line":252,"column":8},"end":{"line":264,"column":14}},"99":{"start":{"line":255,"column":16},"end":{"line":255,"column":20}},"100":{"start":{"line":256,"column":16},"end":{"line":259,"column":17}},"101":{"start":{"line":257,"column":20},"end":{"line":257,"column":34}},"102":{"start":{"line":258,"column":20},"end":{"line":258,"column":42}},"103":{"start":{"line":261,"column":16},"end":{"line":261,"column":89}},"104":{"start":{"line":263,"column":16},"end":{"line":263,"column":44}},"105":{"start":{"line":263,"column":30},"end":{"line":263,"column":44}},"106":{"start":{"line":266,"column":8},"end":{"line":266,"column":53}},"107":{"start":{"line":270,"column":8},"end":{"line":283,"column":14}},"108":{"start":{"line":274,"column":16},"end":{"line":274,"column":20}},"109":{"start":{"line":275,"column":16},"end":{"line":278,"column":17}},"110":{"start":{"line":276,"column":20},"end":{"line":276,"column":34}},"111":{"start":{"line":277,"column":20},"end":{"line":277,"column":42}},"112":{"start":{"line":280,"column":16},"end":{"line":280,"column":89}},"113":{"start":{"line":282,"column":16},"end":{"line":282,"column":44}},"114":{"start":{"line":282,"column":30},"end":{"line":282,"column":44}},"115":{"start":{"line":285,"column":8},"end":{"line":285,"column":53}},"116":{"start":{"line":290,"column":8},"end":{"line":303,"column":14}},"117":{"start":{"line":294,"column":16},"end":{"line":29
[...]
:{"line":302,"type":"if","locations":[{"start":{"line":302,"column":16},"end":{"line":302,"column":16}},{"start":{"line":302,"column":16},"end":{"line":302,"column":16}}]},"44":{"line":315,"type":"if","locations":[{"start":{"line":315,"column":16},"end":{"line":315,"column":16}},{"start":{"line":315,"column":16},"end":{"line":315,"column":16}}]},"45":{"line":315,"type":"binary-expr","locations":[{"start":{"line":315,"column":22},"end":{"line":315,"column":31}},{"start":{"line":315,"column":35},"end":{"line":315,"column":53}},{"start":{"line":315,"column":59},"end":{"line":315,"column":76}},{"start":{"line":315,"column":80},"end":{"line":315,"column":114}}]},"46":{"line":319,"type":"if","locations":[{"start":{"line":319,"column":23},"end":{"line":319,"column":23}},{"start":{"line":319,"column":23},"end":{"line":319,"column":23}}]},"47":{"line":319,"type":"binary-expr","locations":[{"start":{"line":319,"column":29},"end":{"line":319,"column":38}},{"start":{"line":319,"column":42},"end":{"line":319,"column":60}},{"start":{"line":319,"column":65},"end":{"line":319,"column":83}}]},"48":{"line":326,"type":"if","locations":[{"start":{"line":326,"column":16},"end":{"line":326,"column":16}},{"start":{"line":326,"column":16},"end":{"line":326,"column":16}}]}}},"/root/PERSONAL_PROJECTS/duty/src/deletetodo.js":{"path":"/root/PERSONAL_PROJECTS/duty/src/deletetodo.js","s":{"1":0,"2":0,"3":0,"4":0,"5":0,"6":0,"7":0,"8":0,"9":0,"10":0,"11":0,"12":0,"13":0,"14":0,"15":0,"16":0,"17":0,"18":0,"19":0,"20":0,"21":0,"22":0,"23":0,"24":0,"25":0,"26":0,"27":0,"28":0,"29":0,"30":0,"31":0,"32":0,"33":0,"34":0,"35":0,"36":0,"37":0,"38":0,"39":0,"40":0,"41":0,"42":0,"43":0,"44":0,"45":0,"46":0,"47":0,"48":0,"49":0,"50":0,"51":0,"52":0,"53":0,"54":0,"55":0,"56":0,"57":0,"58":0,"59":0,"60":0,"61":0,"62":0,"63":0,"64":0,"65":1},"b":{"1":[0,0],"2":[0,0],"3":[0,0],"4":[0,0],"5":[0,0],"6":[0,0],"7":[0,0],"8":[0,0],"9":[0,0],"10":[0,0],"11":[0,0],"12":[0,0],"13":[0,0],"14":[0,0],"15":[0,0],"16":[0,0],"17":[0,0],"18":[0,0]},"f":{"1":0,"2":0,"3":0,"4":0,"5":0,"6":0,"7":0,"8":0},"fnMap":{"1":{"name":"(anonymous_1)","line":2,"loc":{"start":{"line":2,"column":15},"end":{"line":2,"column":18}}},"2":{"name":"(anonymous_2)","line":3,"loc":{"start":{"line":3,"column":21},"end":{"line":3,"column":24}}},"3":{"name":"(anonymous_3)","line":6,"loc":{"start":{"line":6,"column":16},"end":{"line":11,"column":7}}},"4":{"name":"(anonymous_4)","line":27,"loc":{"start":{"line":27,"column":7},"end":{"line":27,"column":10}}},"5":{"name":"(anonymous_5)","line":49,"loc":{"start":{"line":49,"column":8},"end":{"line":49,"column":11}}},"6":{"name":"(anonymous_6)","line":84,"loc":{"start":{"line":84,"column":13},"end":{"line":84,"column":16}}},"7":{"name":"(anonymous_7)","line":123,"loc":{"start":{"line":123,"column":8},"end":{"line":123,"column":11}}},"8":{"name":"(anonymous_8)","line":164,"loc":{"start":{"line":164,"column":12},"end":{"line":164,"column":15}}}},"statementMap":{"1":{"start":{"line":4,"column":8},"end":{"line":4,"column":32}},"2":{"start":{"line":13,"column":8},"end":{"line":16,"column":26}},"3":{"start":{"line":18,"column":8},"end":{"line":18,"column":25}},"4":{"start":{"line":19,"column":8},"end":{"line":19,"column":33}},"5":{"start":{"line":20,"column":8},"end":{"line":20,"column":35}},"6":{"start":{"line":21,"column":8},"end":{"line":21,"column":27}},"7":{"start":{"line":22,"column":8},"end":{"line":22,"column":24}},"8":{"start":{"line":23,"column":8},"end":{"line":23,"column":33}},"9":{"start":{"line":25,"column":8},"end":{"line":25,"column":26}},"10":{"start":{"line":29,"column":8},"end":{"line":36,"column":17}},"11":{"start":{"line":38,"column":8},"end":{"line":38,"column":34}},"12":{"start":{"line":40,"column":8},"end":{"line":40,"column":23}},"13":{"start":{"line":42,"column":8},"end":{"line":45,"column":11}},"14":{"start":{"line":47,"column":8},"end":{"line":47,"column":20}},"15":{"start":{"line":50,"column":8},"end":{"line":72,"column":14}},"16":{"start":{"line":65,"column":16},"end":{"line":65,"column":20}},"17":{"start":{"line":66,"column":16},"end":{"line":71,"column":17}},"18":{"start":{"line":67,"column":20},"end":{"line":67,"column":43}},"19":{"start":{"line":68,"column":20},"end":{"line":68,"column":32}},"20":{"start":{"line":69,"column":23},"end":{"line":71,"column":17}},"21":{"start":{"line":70,"column":20},"end":{"line":70,"column":33}},"22":{"start":{"line":74,"column":8},"end":{"line":82,"column":15}},"23":{"start":{"line":76,"column":16},"end":{"line":79,"column":19}},"24":{"start":{"line":81,"column":16},"end":{"line":81,"column":61}},"25":{"start":{"line":85,"column":8},"end":{"line":110,"column":14}},"26":{"start":{"line":98,"column":16},"end":{"line":98,"column":20}},"27":{"start":{"line":99,"column":16},"end":{"line":103,"column":17}},"28":{"start":{"line":100,"column":20},"end":{"line":100,"column":43}},"29":{"start":{"line":101,"column":20},"end":{"line":101,"column":36}},"30":{"start":{"line":102,"column":20},"end":{"line":102,"column":24}},"31":{"start":{"line":105,"column":16},"end":{"line":109,"column":17}},"32":{"start":{"line":106,"column":20},"end":{"line":106,"column":33}},"33":{"start":{"line":107,"column":23},"end":{"line":109,"column":17}},"34":{"start":{"line":108,"column":20},"end":{"line":108,"column":32}},"35":{"start":{"line":112,"column":8},"end":{"line":121,"column":15}},"36":{"start":{"line":114,"column":16},"end":{"line":117,"column":19}},"37":{"start":{"line":118,"column":16},"end":{"line":118,"column":76}},"38":{"start":{"line":120,"column":16},"end":{"line":120,"column":59}},"39":{"start":{"line":125,"column":8},"end":{"line":151,"column":14}},"40":{"start":{"line":139,"column":16},"end":{"line":139,"column":20}},"41":{"start":{"line":140,"column":16},"end":{"line":144,"column":17}},"42":{"start":{"line":141,"column":20},"end":{"line":141,"column":43}},"43":{"start":{"line":142,"column":20},"end":{"line":142,"column":34}},"44":{"start":{"line":143,"column":20},"end":{"line":143,"column":24}},"45":{"start":{"line":146,"column":16},"end":{"line":150,"column":17}},"46":{"start":{"line":147,"column":20},"end":{"line":147,"column":33}},"47":{"start":{"line":148,"column":23},"end":{"line":150,"column":17}},"48":{"start":{"line":149,"column":20},"end":{"line":149,"column":32}},"49":{"start":{"line":153,"column":8},"end":{"line":162,"column":15}},"50":{"start":{"line":155,"column":16},"end":{"line":158,"column":19}},"51":{"start":{"line":161,"column":16},"end":{"line":161,"column":84}},"52":{"start":{"line":165,"column":8},"end":{"line":193,"column":14}},"53":{"start":{"line":180,"column":16},"end":{"line":180,"column":20}},"54":{"start":{"line":182,"column":16},"end":{"line":186,"column":17}},"55":{"start":{"line":183,"column":20},"end":{"line":183,"column":43}},"56":{"start":{"line":184,"column":20},"end":{"line":184,"column":36}},"57":{"start":{"line":185,"column":20},"end":{"line":185,"column":24}},"58":{"start":{"line":188,"column":16},"end":{"line":192,"column":17}},"59":{"start":{"line":189,"column":20},"end":{"line":189,"column":33}},"60":{"start":{"line":190,"column":23},"end":{"line":192,"column":17}},"61":{"start":{"line":191,"column":20},"end":{"line":191,"column":32}},"62":{"start":{"line":195,"column":8},"end":{"line":203,"column":15}},"63":{"start":{"line":197,"column":16},"end":{"line":200,"column":19}},"64":{"start":{"line":202,"column":16},"end":{"line":202,"column":65}},"65":{"start":{"line":207,"column":0},"end":{"line":207,"column":28}}},"branchMap":{"1":{"line":66,"type":"if","locations":[{"start":{"line":66,"column":16},"end":{"line":66,"column":16}},{"start":{"line":66,"column":16},"end":{"line":66,"column":16}}]},"2":{"line":69,"type":"if","locations":[{"start":{"line":69,"column":23},"end":{"line":69,"column":23}},{"start":{"line":69,"column":23},"end":{"line":69,"column":23}}]},"3":{"line":99,"type":"if","locations":[{"start":{"line":99,"column":16},"end":{"line":99,"column":16}},{"start":{"line":99,"column":16},"end":{"line":99,"column":16}}]},"4":{"line":105,"type":"if","locations":[{"start":{"line":105,"column":16},"end":{"line":105,"column":16}},{"start":{"line":105,"column":16},"end":{"line":105,"column":16}}]},"5":{"line":105,"type":"binary-expr","locations":[{"start":{"line":105,"column":20},"end":{"line":105,"column":29}},{"start":{"line":105,"column":33},"end":{"line":105,"column":68}}]},"6":{"line":107,"type":"if","locations":[{"start":{"line":107,"column":23},"end":{"line":107,"column":23}},{"start":{"line":107,"column":23},"end":{"line":107,"column":23}}]},"7":{"line":107,"type":"binary-expr","locations":[{"start":{"line":107,"column":27},"end":{"line":107,"column":35}},{"start":{"line":107,"column":39},"end":{"line":107,"column":74}}]},"8":{"line":140,"type":"if","locations":[{"start":{"line":140,"column":16},"end":{"line":140,"column":16}},{"start":{"line":140,"column":16},"end":{"line":140,"column":16}}]},"9":{"line":146,"type":"if","locations":[{"start":{"line":146,"column":16},"end":{"line":146,"column":16}},{"start":{"line":146,"column":16},"end":{"line":146,"column":16}}]},"10":{"line":146,"type":"binary-expr","locations":[{"start":{"line":146,"column":20},"end":{"line":146,"column":27}},{"start":{"line":146,"column":31},"end":{"line":146,"column":66}}]},"11":{"line":148,"type":"if","locations":[{"start":{"line":148,"column":23},"end":{"line":148,"column":23}},{"start":{"line":148,"column":23},"end":{"line":148,"column":23}}]},"12":{"line":148,"type":"binary-expr","locations":[{"start":{"line":148,"column":27},"end":{"line":148,"column":33}},{"start":{"line":148,"column":37},"end":{"line":148,"column":72}}]},"13":{"line":182,"type":"if","locations":[{"start":{"line":182,"column":16},"end":{"line":182,"column":16}},{"start":{"line":182,"column":16},"end":{"line":182,"column":16}}]},"14":{"line":182,"type":"binary-expr","locations":[{"start":{"line":182,"column":20},"end":{"line":182,"column":29}},{"start":{"line":182,"column":33},"end":{"line":182,"column":61}}]},"15":{"line":188,"type":"if","locations":[{"start":{"line":188,"column":16},"end":{"line":188,"column":16}},{"start":{"line":188,"column":16},"end":{"line":188,"column":16}}]},"16":{"line":188,"type":"binary-expr","locations":[{"start":{"line":188,"column":20},"end":{"line":188,"column":55}},{"start":{"line":188,"column":60},"end":{"line":188,"column":69}}]},"17":{"line":190,"type":"if","locations":[{"start":{"line":190,"column":23},"end":{"line":190,"column":23}},{"start":{"line":190,"column":23},"end":{"line":190,"column":23}}]},"18":{"line":190,"type":"binary-expr","locations":[{"start":{"line":190,"column":27},"end":{"line":190,"column":62}},{"start":{"line":190,"column":67},"end":{"line":190,"column":75}}]}}},"/root/PERSONAL_PROJECTS/duty/src/exporttodo.js":{"path":"/root/PERSONAL_PROJECTS/duty/src/exporttodo.js","s":{"1":1,"2":1,"3":1,"4":1,"5":0,"6":0,"7":0,"8":0,"9":0,"10":0,"11":0,"12":0,"13":0,"14":0,"15":0,"16":0,"17":0,"18":0,"19":0,"20":0,"21":0,"22":0,"23":0,"24":0,"25":0,"26":0,"27":0,"28":0,"29":0,"30":0,"31":0,"32":0,"33":0,"34":0,"35":0,"36":0,"37":0,"38":0,"39":0,"40":0,"41":0,"42":0,"43":0,"44":0,"45":0,"46":0,"47":0,"48":0,"49":0,"50":0,"51":0,"52":0,"53":0,"54":0,"55":0,"56":0,"57":0,"58":0,"59":0,"60":0,"61":0,"62":0,"63":0,"64":0,"65":0,"66":0,"67":1},"b":{"1":[0,0],"2":[0,0],"3":[0,0],"4":[0,0],"5":[0,0],"6":[0,0],"7":[0,0]},"f":{"1":0,"2":0,"3":0,"4":0,"5":0,"6":0,"7":0,"8":0},"fnMap":{"1":{"name":"(anonymous_1)","line":8,"loc":{"start":{"line":8,"column":15},"end":{"line":8,"column":18}}},"2":{"name":"(anonymous_2)","line":10,"loc":{"start":{"line":10,"column":23},"end":{"line":10,"column":26}}},"3":{"name":"(anonymous_3)","line":13,"loc":{"start":{"line":13,"column":10},"end":{"line":13,"column":38}}},"4":{"name":"(anonymous_4)","line":24,"loc":{"start":{"line":24,"column":20},"end":{"line":24,"column":46}}},"5":{"name":"(anonymous_5)","line":35,"loc":{"start":{"line":35,"column":23},"end":{"line":35,"column":45}}},"6":{"name":"(anonymous_6)","line":54,"loc":{"start":{"line":54,"column":8},"end":{"line":54,"column":11}}},"7":{"name":"(anonymous_7)","line":129,"loc":{"start":{"line":129,"column":8},"end":{"line":129,"column":11}}},"8":{"name":"(anonymous_8)","line":141,"loc":{"start":{"line":141,"column":7},"end":{"line":141,"column":10}}}},"statementMap":{"1":{"start":{"line":1,"column":0},"end":{"line":1,"column":37}},"2":{"start":{"line":2,"column":0},"end":{"line":2,"column":89}},"3":{"start":{"line":3,"column":0},"end":{"line":3,"column":47}},"4":{"start":{"line":4,"column":0},"end":{"line":4,"column":25}},"5":{"start":{"line":11,"column":8},"end":{"line":11,"column":32}},"6":{"start":{"line":14,"column":8},"end":{"line":14,"column":25}},"7":{"start":{"line":15,"column":8},"end":{"line":15,"column":33}},"8":{"start":{"line":16,"column":8},"end":{"line":16,"column":26}},"9":{"start":{"line":17,"column":8},"end":{"line":18,"column":39}},"10":{"start":{"line":20,"column":8},"end":{"line":20,"column":44}},"11":{"start":{"line":21,"column":8},"end":{"line":21,"column":26}},"12":{"start":{"line":26,"column":8},"end":{"line":31,"column":2}},"13":{"start":{"line":33,"column":8},"end":{"line":33,"column":26}},"14":{"start":{"line":37,"column":8},"end":{"line":37,"column":39}},"15":{"start":{"line":39,"column":8},"end":{"line":47,"column":9}},"16":{"start":{"line":41,"column":12},"end":{"line":45,"column":2}},"17":{"start":{"line":49,"column":8},"end":{"line":49,"column":43}},"18":{"start":{"line":51,"column":8},"end":{"line":51,"column":26}},"19":{"start":{"line":55,"column":8},"end":{"line":67,"column":2}},"20":{"start":{"line":69,"column":8},"end":{"line":69,"column":33}},"21":{"start":{"line":72,"column":8},"end":{"line":110,"column":14}},"22":{"start":{"line":75,"column":16},"end":{"line":75,"column":20}},"23":{"start":{"line":76,"column":16},"end":{"line":76,"column":35}},"24":{"start":{"line":77,"column":16},"end":{"line":83,"column":2}},"25":{"start":{"line":85,"column":16},"end":{"line":91,"column":17}},"26":{"start":{"line":87,"column":20},"end":{"line":87,"column":50}},"27":{"start":{"line":87,"column":40},"end":{"line":87,"column":50}},"28":{"start":{"line":88,"column":20},"end":{"line":88,"column":71}},"29":{"start":{"line":90,"column":20},"end":{"line":90,"column":43}},"30":{"start":{"line":93,"column":16},"end":{"line":93,"column":40}},"31":{"start":{"line":95,"column":16},"end":{"line":95,"column":49}},"32":{"start":{"line":97,"column":16},"end":{"line":97,"column":31}},"33":{"start":{"line":99,"column":16},"end":{"line":109,"column":17}},"34":{"start":{"line":101,"column":20},"end":{"line":105,"column":2}},"35":{"start":{"line":106,"column":20},"end":{"line":106,"column":53}},"36":{"start":{"line":108,"column":20},"end":{"line":108,"column":32}},"37":{"start":{"line":112,"column":8},"end":{"line":127,"column":15}},"38":{"start":{"line":115,"column":16},"end":{"line":117,"column":18}},"39":{"start":{"line":119,"column":16},"end":{"line":121,"column":18}},"40":{"start":{"line":123,"column":16},"end":{"line":123,"column":59}},"41":{"start":{"line":126,"column":16},"end":{"line":126,"column":76}},"42":{"start":{"line":131,"column":8},"end":{"line":131,"column":72}},"43":{"start":{"line":133,"column":8},"end":{"line":138,"column":9}},"44":{"start":{"line":134,"column":12},"end":{"line":134,"column":75}},"45":{"start":{"line":135,"column":12},"end":{"line":135,"column":55}},"46":{"start":{"line":137,"column":12},"end":{"line":137,"column":72}},"47":{"start":{"line":142,"column":8},"end":{"line":145,"column":2}},"48":{"start":{"line":147,"column":8},"end":{"line":147,"column":33}},"49":{"start":{"line":149,"column":8},"end":{"line":191,"column":14}},"50":{"start":{"line":153,"column":16},"end":{"line":153,"column":20}},"51":{"start":{"line":155,"column":16},"end":{"line":155,"column":35}},"52":{"start":{"line":157,"column":16},"end":{"line":159,"column":2}},"53":{"start":{"line":160,"column":16},"end":{"line":171,"column":17}},"54":{"start":{"line":162,"column":20},"end":{"line":162,"column":50}},"55":{"start":{"line":162,"column":40},"end":{"line":162,"column":50}},"56":{"start":{"line":164,"column":20},"end":{"line":170,"column":2}},"57":{"start":{"line":174,"column":16},"end":{"line":176,"column":2}},"58":{"start":{"line":178,"column":16},"end":{"line":178,"column":49}},"59":{"start":{"line":180,"column":16},"end":{"line":180,"column":31}},"60":{"start":{"line":182,"column":16},"end":{"line":190,"column":17}},"61":{"start":{"line":184,"column":20},"end":{"line":186,"column":2}},"62":{"start":{"line":187,"column":20},"end":{"line":187,"column":53}},"63":{"start":{"line":189,"column":20},"end":{"line":189,"column":32}},"64":{"start":{"line":193,"column":8},"end":{"line":199,"column":15}},"65":{"start":{"line":195,"column":16},"end":{"line":195,"column":59}},"66":{"start":{"line":198,"column":16},"end":{"line":198,"column":75}},"67":{"start":{"line":204,"column":0},"end":{"line":204,"column":28}}},"branchMap":{"1":{"line":17,"type":"cond-expr","locations":[{"start":{"line":18,"column":14},"end":{"line":18,"column":31}},{"start":{"line":18,"column":34},"end":{"line":18,"column":38}}]},"2":{"line":29,"type":"cond-expr","locations":[{"start":{"line":29,"column":29},"end":{"line":29,"column":69}},{"start":{"line":29,"column":72},"end":{"line":29,"column":77}}]},"3":{"line":87,"type":"if","locations":[{"start":{"line":87,"column":20},"end":{"line":87,"column":20}},{"start":{"line":87,"column":20},"end":{"line":87,"column":20}}]},"4":{"line":99,"type":"if","locations":[{"start":{"line":99,"column":16},"end":{"line":99,"column":16}},{"start":{"line":99,"column":16},"end":{"line":99,"column":16}}]},"5":{"line":162,"type":"if","locations":[{"start":{"line":162,"column":20},"end":{"line":162,"column":20}},{"start":{"line":162,"column":20},"end":{"line":162,"column":20}}]},"6":{"line":166,"type":"cond-expr","locations":[{"start":{"line":167,"column":10},"end":{"line":167,"column":58}},{"start":{"line":168,"column":10},"end":{"line":168,"column":14}}]},"7":{"line":182,"type":"if","locations":[{"start":{"line":182,"column":16},"end":{"line":182,"column":16}},{"start":{"line":182,"column":16},"end":{"line":182,"column":16}}]}}},"/root/PERSONAL_PROJECTS/duty/src/daemon.js":{"path":"/root/PERSONAL_PROJECTS/duty/src/daemon.js","s":{"1":1,"2":1,"3":1,"4":0,"5":0,"6":0,"7":0,"8":0,"9":0,"10":0,"11":0,"12":0,"13":0},"b":{},"f":{"1":0,"2":0,"3":0,"4":0,"5":0,"6":0},"fnMap":{"1":{"name":"(anonymous_1)","line":5,"loc":{"start":{"line":5,"column":23},"end":{"line":5,"column":34}}},"2":{"name":"(anonymous_2)","line":12,"loc":{"start":{"line":12,"column":15},"end":{"line":12,"column":18}}},"3":{"name":"(anonymous_3)","line":15,"loc":{"start":{"line":15,"column":26},"end":{"line":15,"column":29}}},"4":{"name":"(anonymous_4)","line":27,"loc":{"start":{"line":27,"column":16},"end":{"line":27,"column":19}}},"5":{"name":"(anonymous_5)","line":30,"loc":{"start":{"line":30,"column":18},"end":{"line":30,"column":21}}},"6":{"name":"(anonymous_6)","line":33,"loc":{"start":{"line":33,"column":17},"end":{"line":33,"column":20}}}},"statementMap":{"1":{"start":{"line":1,"column":0},"end":{"line":1,"column":25}},"2":{"start":{"line":2,"column":0},"end":{"line":2,"column":36}},"3":{"start":{"line":4,"column":0},"end":{"line":36,"column":2}},"4":{"start":{"line":10,"column":8},"end":{"line":10,"column":27}},"5":{"start":{"line":13,"column":8},"end":{"line":13,"column":73}},"6":{"start":{"line":16,"column":8},"end":{"line":16,"column":22}},"7":{"start":{"line":17,"column":8},"end":{"line":22,"column":9}},"8":{"start":{"line":18,"column":12},"end":{"line":18,"column":57}},"9":{"start":{"line":20,"column":12},"end":{"line":20,"column":28}},"10":{"start":{"line":21,"column":12},"end":{"line":21,"column":62}},"11":{"start":{"line":24,"column":8},"end":{"line":24,"column":20}},"12":{"start":{"line":28,"column":8},"end":{"line":28,"column":40}},"13":{"start":{"line":34,"column":8},"end":{"line":34,"column":40}}},"branchMap":{}}}