{"/root/PERSONAL_PROJECTS/duty/src/utils.js":{"path":"/root/PERSONAL_PROJECTS/duty/src/utils.js","s":{"1":1,"2":1,"3":1,"4":1,"5":1,"6":8,"7":1,"8":2,"9":2,"10":0,"11":0,"12":0,"13":0,"14":2,"15":1,"16":4,"17":4,"18":2,"19":2,"20":2,"21":2,"22":2,"23":1,"24":3,"25":3,"26":1,"27":1,"28":1,"29":1,"30":1,"31":2,"32":2,"33":1},"b":{"1":[0,2],"2":[2,1,1],"3":[0,0],"4":[0,2],"5":[0,2],"6":[0,1],"7":[0,2],"8":[0,0]},"f":{"1":2,"2":4,"3":3},"fnMap":{"1":{"name":"isExists","line":10,"loc":{"start":{"line":10,"column":0},"end":{"line":10,"column":34}}},"2":{"name":"addOption","line":31,"loc":{"start":{"line":31,"column":0},"end":{"line":31,"column":51}}},"3":{"name":"appendOption","line":61,"loc":{"start":{"line":61,"column":0},"end":{"line":61,"column":36}}}},"statementMap":{"1":{"start":{"line":1,"column":0},"end":{"line":1,"column":33}},"2":{"start":{"line":2,"column":0},"end":{"line":2,"column":38}},"3":{"start":{"line":3,"column":0},"end":{"line":3,"column":29}},"4":{"start":{"line":4,"column":0},"end":{"line":4,"column":25}},"5":{"start":{"line":6,"column":0},"end":{"line":8,"column":1}},"6":{"start":{"line":7,"column":4},"end":{"line":7,"column":50}},"7":{"start":{"line":10,"column":0},"end":{"line":28,"column":1}},"8":{"start":{"line":12,"column":4},"end":{"line":13,"column":57}},"9":{"start":{"line":15,"column":4},"end":{"line":24,"column":5}},"10":{"start":{"line":18,"column":8},"end":{"line":21,"column":9}},"11":{"start":{"line":19,"column":12},"end":{"line":19,"column":35}},"12":{"start":{"line":20,"column":12},"end":{"line":20,"column":19}},"13":{"start":{"line":23,"column":8},"end":{"line":23,"column":26}},"14":{"start":{"line":26,"column":4},"end":{"line":26,"column":45}},"15":{"start":{"line":31,"column":0},"end":{"line":59,"column":1}},"16":{"start":{"line":32,"column":4},"end":{"line":33,"column":29}},"17":{"start":{"line":35,"column":4},"end":{"line":58,"column":11}},"18":{"start":{"line":38,"column":12},"end":{"line":43,"column":15}},"19":{"start":{"line":44,"column":12},"end":{"line":44,"column":56}},"20":{"start":{"line":46,"column":12},"end":{"line":51,"column":14}},"21":{"start":{"line":55,"column":12},"end":{"line":55,"column":53}},"22":{"start":{"line":56,"column":12},"end":{"line":56,"column":28}},"23":{"start":{"line":61,"column":0},"end":{"line":87,"column":1}},"24":{"start":{"line":63,"column":4},"end":{"line":63,"column":45}},"25":{"start":{"line":65,"column":4},"end":{"line":85,"column":15}},"26":{"start":{"line":67,"column":16},"end":{"line":70,"column":19}},"27":{"start":{"line":72,"column":16},"end":{"line":72,"column":60}},"28":{"start":{"line":74,"column":16},"end":{"line":74,"column":53}},"29":{"start":{"line":75,"column":16},"end":{"line":75,"column":51}},"30":{"start":{"line":77,"column":16},"end":{"line":80,"column":17}},"31":{"start":{"line":83,"column":16},"end":{"line":83,"column":115}},"32":{"start":{"line":84,"column":16},"end":{"line":84,"column":32}},"33":{"start":{"line":91,"column":0},"end":{"line":96,"column":2}}},"branchMap":{"1":{"line":15,"type":"if","locations":[{"start":{"line":15,"column":4},"end":{"line":15,"column":4}},{"start":{"line":15,"column":4},"end":{"line":15,"column":4}}]},"2":{"line":15,"type":"binary-expr","locations":[{"start":{"line":15,"column":9},"end":{"line":15,"column":29}},{"start":{"line":15,"column":34},"end":{"line":15,"column":70}},{"start":{"line":16,"column":0},"end":{"line":16,"column":58}}]},"3":{"line":18,"type":"if","locations":[{"start":{"line":18,"column":8},"end":{"line":18,"column":8}},{"start":{"line":18,"column":8},"end":{"line":18,"column":8}}]},"4":{"line":44,"type":"cond-expr","locations":[{"start":{"line":44,"column":25},"end":{"line":44,"column":50}},{"start":{"line":44,"column":53},"end":{"line":44,"column":55}}]},"5":{"line":55,"type":"cond-expr","locations":[{"start":{"line":55,"column":25},"end":{"line":55,"column":47}},{"start":{"line":55,"column":50},"end":{"line":55,"column":52}}]},"6":{"line":72,"type":"cond-expr","locations":[{"start":{"line":72,"column":29},"end":{"line":72,"column":54}},{"start":{"line":72,"column":57},"end":{"line":72,"column":59}}]},"7":{"line":83,"type":"cond-expr","locations":[{"start":{"line":83,"column":29},"end":{"line":83,"column":98}},{"start":{"line":83,"column":101},"end":{"line":83,"column":114}}]},"8":{"line":83,"type":"cond-expr","locations":[{"start":{"line":83,"column":53},"end":{"line":83,"column":54}},{"start":{"line":83,"column":57},"end":{"line":83,"column":97}}]}}},"/root/PERSONAL_PROJECTS/duty/src/duty.js":{"path":"/root/PERSONAL_PROJECTS/duty/src/duty.js","s":{"1":1,"2":1,"3":1,"4":1,"5":1,"6":1,"7":1,"8":1,"9":1,"10":1,"11":1,"12":1,"13":10,"14":0,"15":0,"16":0,"17":0,"18":0,"19":0,"20":0,"21":0,"22":0,"23":0,"24":0,"25":0,"26":0,"27":0,"28":0,"29":0,"30":0,"31":0,"32":0,"33":0,"34":0,"35":0,"36":0,"37":0,"38":0,"39":0,"40":0,"41":1,"42":0,"43":0,"44":1,"45":1,"46":0,"47":0,"48":0,"49":1,"50":1,"51":1,"52":1,"53":1,"54":4,"55":6,"56":0,"57":0,"58":7,"59":7,"60":5,"61":5,"62":5,"63":5,"64":8,"65":8,"66":0,"67":0,"68":8,"69":2,"70":2,"71":6,"72":0,"73":0,"74":6,"75":1,"76":5,"77":2,"78":6,"79":0,"80":3,"81":2,"82":2,"83":2,"84":2,"85":2,"86":2,"87":0,"88":0,"89":0,"90":2,"91":2,"92":5,"93":5,"94":8,"95":4,"96":4,"97":1,"98":3,"99":3,"100":4,"101":4,"102":2,"103":2,"104":2,"105":1,"106":3,"107":3,"108":1,"109":2,"110":4,"111":4,"112":1,"113":1,"114":1,"115":3,"116":1,"117":2,"118":0,"119":0,"120":0,"121":0,"122":0,"123":0,"124":0,"125":0,"126":0,"127":0,"128":0,"129":0,"130":0,"131":0,"132":0,"133":0,"134":0,"135":0,"136":0,"137":0,"138":0,"139":0,"140":0,"141":0,"142":0,"143":0,"144":0,"145":0,"146":0,"147":0,"148":0,"149":0,"150":0,"151":0,"152":0,"153":0,"154":0,"155":0,"156":0,"157":0,"158":0,"159":0,"160":0,"161":0,"162":0,"163":0,"164":0,"165":0,"166":0,"167":0,"168":0,"169":0,"170":0,"171":0,"172":0,"173":0,"174":0,"175":0,"176":0,"177":0,"178":0,"179":0,"180":0,"181":0,"182":0,"183":0,"184":0,"185":0,"186":0,"187":0,"188":0,"189":0,"190":0,"191":0,"192":0,"193":0,"194":0,"195":0,"196":0,"197":0,"198":0,"199":0,"200":0,"201":0,"202":0,"203":0,"204":0,"205":0,"206":0,"207":0,"208":0,"209":0,"210":0,"211":0,"212":0,"213":0,"214":0,"215":0,"216":0,"217":0,"218":0,"219":0,"220":0,"221":0,"222":0,"223":0,"224":0,"225":0,"226":0,"227":0,"228":0,"229":0,"230":0,"231":0,"232":0,"233":0,"234":0,"235":0,"236":0,"237":0,"238":0,"239":0,"240":0,"241":0,"242":0,"243":0,"244":0,"245":0,"246":0,"247":0,"248":0,"249":0,"250":0,"251":0,"252":0,"253":0,"254":0,"255":0,"256":0,"257":0,"258":0,"259":0,"260":0,"261":0,"262":0,"263":0,"264":0,"265":0,"266":0,"267":0,"268":0,"269":0,"270":0,"271":0,"272":0,"273":0,"274":0,"275":0,"276":0,"277":0,"278":0,"279":0,"280":0,"281":0,"282":0,"283":0,"284":0,"285":0,"286":0,"287":0,"288":0,"289":0,"290":0,"291":0,"292":0,"293":0,"294":0,"295":0,"296":0,"297":0,"298":0,"299":0,"300":0,"301":0,"302":0,"303":0,"304":0,"305":0,"306":0,"307":0,"308":0,"309":0,"310":0,"311":0,"312":0,"313":0,"314":0,"315":0,"316":0,"317":0,"318":0,"319":0,"320":0,"321":0,"322":0,"323":0,"324":0,"325":0,"326":0,"327":0,"328":0,"329":0,"330":0,"331":0,"332":0,"333":0,"334":0,"335":0,"336":0,"337":0,"338":0,"339":0,"340":0,"341":0,"342":0,"343":0,"344":0,"345":0,"346":0,"347":0,"348":0,"349":0,"350":0,"351":0,"352":0,"353":0,"354":0,"355":0,"356":0,"357":0,"358":0,"359":0,"360":0,"361":0,"362":0,"363":0,"364":0,"365":0,"366":0,"367":0,"368":0,"369":0,"370":0,"371":0,"372":0,"373":0,"374":0,"375":0,"376":0,"377":0,"378":0,"379":0,"380":0,"381":0,"382":0,"383":0,"384":0,"385":0,"386":0,"387":0,"388":0,"389":0,"390":0,"391":0,"392":0,"393":0,"394":0,"395":0,"396":0,"397":0,"398":0,"399":0,"400":0,"401":0,"402":0,"403":0,"404":0,"405":0,"406":0,"407":0,"408":0,"409":0,"410":0,"411":0,"412":0,"413":0,"414":0,"415":0,"416":0,"417":0,"418":0,"419":0,"420":0,"421":1},"b":{"1":[0,0],"2":[0,0],"3":[0,0],"4":[0,0],"5":[0,0],"6":[0,0,0,0,0],"7":[0,1,0,0],"8":[3,1],"9":[0,8],"10":[2,6],"11":[0,6],"12":[1,5],"13":[2,3],"14":[2,0],"15":[2,2],"16":[0,0],"17":[0,0],"18":[1,3],"19":[2,2],"20":[1,1],"21":[2,1],"22":[1,2],"23":[1,3],"24":[1,2],"25":[0,0],"26":[0,0],"27":[0,0],"28":[0,0],"29":[0,0],"30":[0,0],"31":[0,0],"32":[0,0],"33":[0,0],"34":[0,0],"35":[0,0],"36":[0,0],"37":[0,0],"38":[0,0],"39":[0,0],"40":[0,0],"41":[0,0],"42":[0,0],"43":[0,0],"44":[0,0],"45":[0,0],"46":[0,0],"47":[0,0],"48":[0,0],"49":[0,0],"50":[0,0],"51":[0,0],"52":[0,0],"53":[0,0],"54":[0,0],"55":[0,0,0],"56":[0,0],"57":[0,0],"58":[0,0],"59":[0,0,0],"60":[0,0],"61":[0,0],"62":[0,0],"63":[0,0],"64":[0,0,0],"65":[0,0],"66":[0,0],"67":[0,0],"68":[0,0],"69":[0,0],"70":[0,0],"71":[0,0],"72":[0,0,0,0,0,0],"73":[0,0],"74":[0,0],"75":[0,0],"76":[0,0],"77":[0,0],"78":[0,0],"79":[0,0],"80":[0,0],"81":[0,0],"82":[0,0],"83":[0,0],"84":[0,0,0],"85":[0,0],"86":[0,0],"87":[0,0],"88":[0,0],"89":[0,0],"90":[0,0],"91":[0,0],"92":[0,0],"93":[0,0],"94":[0,0],"95":[0,0],"96":[0,0],"97":[0,0],"98":[0,0],"99":[0,0],"100":[0,0],"101":[0,0],"102":[0,0],"103":[0,0],"104":[0,0],"105":[0,0,0],"106":[0,0],"107":[0,0],"108":[0,0],"109":[0,0],"110":[0,0],"111":[0,0],"112":[0,0],"113":[0,0],"114":[0,0],"115":[0,0],"116":[0,0],"117":[0,0],"118":[0,0],"119":[0,0],"120":[0,0]},"f":{"1":10,"2":0,"3":0,"4":0,"5":1,"6":4,"7":6,"8":0,"9":0,"10":7,"11":7,"12":5,"13":0,"14":3,"15":2,"16":5,"17":4,"18":3,"19":0,"20":0,"21":0,"22":0,"23":0,"24":0,"25":0,"26":0,"27":0,"28":0,"29":0,"30":0,"31":0,"32":0,"33":0,"34":0,"35":0,"36":0,"37":0},"fnMap":{"1":{"name":"(anonymous_1)","line":28,"loc":{"start":{"line":28,"column":15},"end":{"line":33,"column":7}}},"2":{"name":"(anonymous_2)","line":44,"loc":{"start":{"line":44,"column":21},"end":{"line":44,"column":29}}},"3":{"name":"(anonymous_3)","line":102,"loc":{"start":{"line":102,"column":22},"end":{"line":102,"column":29}}},"4":{"name":"(anonymous_4)","line":123,"loc":{"start":{"line":123,"column":16},"end":{"line":123,"column":23}}},"5":{"name":"(anonymous_5)","line":126,"loc":{"start":{"line":126,"column":24},"end":{"line":133,"column":7}}},"6":{"name":"(anonymous_6)","line":168,"loc":{"start":{"line":168,"column":19},"end":{"line":170,"column":7}}},"7":{"name":"(anonymous_7)","line":173,"loc":{"start":{"line":173,"column":24},"end":{"line":173,"column":27}}},"8":{"name":"(anonymous_8)","line":176,"loc":{"start":{"line":176,"column":25},"end":{"line":176,"column":28}}},"9":{"name":"(anonymous_9)","line":179,"loc":{"start":{"line":179,"column":22},"end":{"line":179,"column":25}}},"10":{"name":"(anonymous_10)","line":182,"loc":{"start":{"line":182,"column":21},"end":{"line":182,"column":24}}},"11":{"name":"(anonymous_11)","line":185,"loc":{"start":{"line":185,"column":23},"end":{"line":185,"column":26}}},"12":{"name":"(anonymous_12)","line":188,"loc":{"start":{"line":188,"column":29},"end":{"line":188,"column":41}}},"13":{"name":"(anonymous_13)","line":234,"loc":{"start":{"line":234,"column":21},"end":{"line":234,"column":27}}},"14":{"name":"(anonymous_14)","line":237,"loc":{"start":{"line":237,"column":20},"end":{"line":240,"column":7}}},"15":{"name":"(anonymous_15)","line":243,"loc":{"start":{"line":243,"column":19},"end":{"line":253,"column":7}}},"16":{"name":"(anonymous_16)","line":293,"loc":{"start":{"line":293,"column":17},"end":{"line":293,"column":20}}},"17":{"name":"(anonymous_17)","line":305,"loc":{"start":{"line":305,"column":7},"end":{"line":309,"column":15}}},"18":{"name":"(anonymous_18)","line":334,"loc":{"start":{"line":334,"column":10},"end":{"line":337,"column":7}}},"19":{"name":"(anonymous_19)","line":378,"loc":{"start":{"line":378,"column":11},"end":{"line":382,"column":7}}},"20":{"name":"(anonymous_20)","line":438,"loc":{"start":{"line":438,"column":17},"end":{"line":440,"column":7}}},"21":{"name":"(anonymous_21)","line":484,"loc":{"start":{"line":484,"column":8},"end":{"line":487,"column":7}}},"22":{"name":"(anonymous_22)","line":541,"loc":{"start":{"line":541,"column":14},"end":{"line":543,"column":7}}},"23":{"name":"(anonymous_23)","line":585,"loc":{"start":{"line":585,"column":8},"end":{"line":585,"column":25}}},"24":{"name":"(anonymous_24)","line":622,"loc":{"start":{"line":622,"column":10},"end":{"line":622,"column":27}}},"25":{"name":"(anonymous_25)","line":662,"loc":{"start":{"line":662,"column":11},"end":{"line":665,"column":7}}},"26":{"name":"(anonymous_26)","line":749,"loc":{"start":{"line":749,"column":15},"end":{"line":752,"column":7}}},"27":{"name":"(anonymous_27)","line":804,"loc":{"start":{"line":804,"column":14},"end":{"line":807,"column":7}}},"28":{"name":"(anonymous_28)","line":876,"loc":{"start":{"line":876,"column":7},"end":{"line":879,"column":12}}},"29":{"name":"(anonymous_29)","line":923,"loc":{"start":{"line":923,"column":11},"end":{"line":926,"column":7}}},"30":{"name":"(anonymous_30)","line":947,"loc":{"start":{"line":947,"column":26},"end":{"line":947,"column":41}}},"31":{"name":"(anonymous_31)","line":950,"loc":{"start":{"line":950,"column":21},"end":{"line":950,"column":31}}},"32":{"name":"(anonymous_32)","line":953,"loc":{"start":{"line":953,"column":14},"end":{"line":956,"column":7}}},"33":{"name":"(anonymous_33)","line":1010,"loc":{"start":{"line":1010,"column":8},"end":{"line":1010,"column":22}}},"34":{"name":"(anonymous_34)","line":1060,"loc":{"start":{"line":1060,"column":10},"end":{"line":1060,"column":25}}},"35":{"name":"(anonymous_35)","line":1082,"loc":{"start":{"line":1082,"column":14},"end":{"line":1082,"column":17}}},"36":{"name":"(anonymous_36)","line":1092,"loc":{"start":{"line":1092,"column":10},"end":{"line":1092,"column":13}}},"37":{"name":"(anonymous_37)","line":1103,"loc":{"start":{"line":1103,"column":23},"end":{"line":1109,"column":23}}}},"statementMap":{"1":{"start":{"line":1,"column":0},"end":{"line":1,"column":33}},"2":{"start":{"line":2,"column":0},"end":{"line":2,"column":33}},"3":{"start":{"line":3,"column":0},"end":{"line":3,"column":25}},"4":{"start":{"line":4,"column":0},"end":{"line":4,"column":39}},"5":{"start":{"line":5,"column":0},"end":{"line":5,"column":43}},"6":{"start":{"line":6,"column":0},"end":{"line":6,"column":43}},"7":{"start":{"line":9,"column":0},"end":{"line":9,"column":35}},"8":{"start":{"line":10,"column":0},"end":{"line":10,"column":33}},"9":{"start":{"line":12,"column":0},"end":{"line":15,"column":18}},"10":{"start":{"line":18,"column":0},"end":{"line":18,"column":38}},"11":{"start":{"line":20,"column":0},"end":{"line":23,"column":20}},"12":{"start":{"line":24,"column":0},"end":{"line":24,"column":41}},"13":{"start":{"line":35,"column":8},"end":{"line":40,"column":10}},"14":{"start":{"line":46,"column":8},"end":{"line":74,"column":14}},"15":{"start":{"line":57,"column":16},"end":{"line":57,"column":20}},"16":{"start":{"line":59,"column":16},"end":{"line":68,"column":17}},"17":{"start":{"line":61,"column":20},"end":{"line":64,"column":21}},"18":{"start":{"line":62,"column":24},"end":{"line":62,"column":73}},"19":{"start":{"line":63,"column":24},"end":{"line":63,"column":33}},"20":{"start":{"line":66,"column":20},"end":{"line":66,"column":45}},"21":{"start":{"line":70,"column":16},"end":{"line":72,"column":17}},"22":{"start":{"line":71,"column":20},"end":{"line":71,"column":32}},"23":{"start":{"line":76,"column":8},"end":{"line":92,"column":10}},"24":{"start":{"line":78,"column":12},"end":{"line":80,"column":33}},"25":{"start":{"line":82,"column":12},"end":{"line":89,"column":13}},"26":{"start":{"line":83,"column":16},"end":{"line":83,"column":49}},"27":{"start":{"line":85,"column":16},"end":{"line":85,"column":54}},"28":{"start":{"line":87,"column":16},"end":{"line":87,"column":46}},"29":{"start":{"line":91,"column":12},"end":{"line":91,"column":21}},"30":{"start":{"line":94,"column":8},"end":{"line":100,"column":11}},"31":{"start":{"line":96,"column":12},"end":{"line":96,"column":57}},"32":{"start":{"line":98,"column":12},"end":{"line":98,"column":47}},"33":{"start":{"line":104,"column":8},"end":{"line":104,"column":46}},"34":{"start":{"line":106,"column":8},"end":{"line":108,"column":9}},"35":{"start":{"line":107,"column":12},"end":{"line":107,"column":25}},"36":{"start":{"line":110,"column":8},"end":{"line":110,"column":52}},"37":{"start":{"line":113,"column":8},"end":{"line":117,"column":9}},"38":{"start":{"line":116,"column":12},"end":{"line":116,"column":24}},"39":{"start":{"line":119,"column":8},"end":{"line":119,"column":21}},"40":{"start":{"line":124,"column":8},"end":{"line":124,"column":48}},"41":{"start":{"line":136,"column":8},"end":{"line":148,"column":9}},"42":{"start":{"line":138,"column":12},"end":{"line":138,"column":50}},"43":{"start":{"line":139,"column":12},"end":{"line":139,"column":18}},"44":{"start":{"line":141,"column":12},"end":{"line":141,"column":43}},"45":{"start":{"line":142,"column":12},"end":{"line":142,"column":18}},"46":{"start":{"line":144,"column":12},"end":{"line":144,"column":27}},"47":{"start":{"line":145,"column":12},"end":{"line":145,"column":18}},"48":{"start":{"line":147,"column":12},"end":{"line":147,"column":58}},"49":{"start":{"line":150,"column":8},"end":{"line":154,"column":31}},"50":{"start":{"line":156,"column":8},"end":{"line":156,"column":56}},"51":{"start":{"line":157,"column":8},"end":{"line":157,"column":47}},"52":{"start":{"line":158,"column":8},"end":{"line":163,"column":11}},"53":{"start":{"line":165,"column":8},"end":{"line":165,"column":31}},"54":{"start":{"line":171,"column":8},"end":{"line":171,"column":68}},"55":{"start":{"line":174,"column":8},"end":{"line":174,"column":31}},"56":{"start":{"line":177,"column":8},"end":{"line":177,"column":32}},"57":{"start":{"line":180,"column":8},"end":{"line":180,"column":29}},"58":{"start":{"line":183,"column":8},"end":{"line":183,"column":28}},"59":{"start":{"line":186,"column":8},"end":{"line":186,"column":30}},"60":{"start":{"line":192,"column":8},"end":{"line":231,"column":11}},"61":{"start":{"line":194,"column":12},"end":{"line":194,"column":44}},"62":{"start":{"line":196,"column":12},"end":{"line":197,"column":18}},"63":{"start":{"line":199,"column":12},"end":{"line":229,"column":13}},"64":{"start":{"line":208,"column":16},"end":{"line":208,"column":33}},"65":{"start":{"line":214,"column":16},"end":{"line":227,"column":17}},"66":{"start":{"line":215,"column":20},"end":{"line":215,"column":29}},"67":{"start":{"line":216,"column":20},"end":{"line":216,"column":26}},"68":{"start":{"line":217,"column":23},"end":{"line":227,"column":17}},"69":{"start":{"line":218,"column":20},"end":{"line":218,"column":30}},"70":{"start":{"line":219,"column":20},"end":{"line":219,"column":26}},"71":{"start":{"line":220,"column":23},"end":{"line":227,"column":17}},"72":{"start":{"line":221,"column":20},"end":{"line":221,"column":37}},"73":{"start":{"line":222,"column":20},"end":{"line":222,"column":26}},"74":{"start":{"line":223,"column":23},"end":{"line":227,"column":17}},"75":{"start":{"line":224,"column":20},"end":{"line":224,"column":49}},"76":{"start":{"line":225,"column":23},"end":{"line":227,"column":17}},"77":{"start":{"line":226,"column":20},"end":{"line":226,"column":55}},"78":{"start":{"line":228,"column":16},"end":{"line":228,"column":32}},"79":{"start":{"line":235,"column":8},"end":{"line":235,"column":58}},"80":{"start":{"line":241,"column":8},"end":{"line":241,"column":62}},"81":{"start":{"line":255,"column":8},"end":{"line":255,"column":28}},"82":{"start":{"line":257,"column":8},"end":{"line":257,"column":47}},"83":{"start":{"line":259,"column":8},"end":{"line":261,"column":30}},"84":{"start":{"line":264,"column":8},"end":{"line":272,"column":10}},"85":{"start":{"line":275,"column":8},"end":{"line":285,"column":9}},"86":{"start":{"line":277,"column":12},"end":{"line":279,"column":15}},"87":{"start":{"line":281,"column":15},"end":{"line":285,"column":9}},"88":{"start":{"line":282,"column":12},"end":{"line":282,"column":96}},"89":{"start":{"line":284,"column":12},"end":{"line":284,"column":25}},"90":{"start":{"line":287,"column":8},"end":{"line":290,"column":11}},"91":{"start":{"line":291,"column":8},"end":{"line":291,"column":96}},"92":{"start":{"line":294,"column":8},"end":{"line":296,"column":25}},"93":{"start":{"line":301,"column":8},"end":{"line":303,"column":9}},"94":{"start":{"line":302,"column":12},"end":{"line":302,"column":35}},"95":{"start":{"line":311,"column":8},"end":{"line":311,"column":36}},"96":{"start":{"line":313,"column":8},"end":{"line":315,"column":9}},"97":{"start":{"line":314,"column":12},"end":{"line":314,"column":37}},"98":{"start":{"line":316,"column":8},"end":{"line":317,"column":28}},"99":{"start":{"line":318,"column":8},"end":{"line":329,"column":10}},"100":{"start":{"line":321,"column":12},"end":{"line":321,"column":16}},"101":{"start":{"line":323,"column":12},"end":{"line":328,"column":13}},"102":{"start":{"line":324,"column":16},"end":{"line":324,"column":31}},"103":{"start":{"line":325,"column":16},"end":{"line":325,"column":47}},"104":{"start":{"line":326,"column":19},"end":{"line":328,"column":13}},"105":{"start":{"line":327,"column":16},"end":{"line":327,"column":28}},"106":{"start":{"line":331,"column":8},"end":{"line":331,"column":53}},"107":{"start":{"line":339,"column":8},"end":{"line":341,"column":9}},"108":{"start":{"line":340,"column":12},"end":{"line":340,"column":78}},"109":{"start":{"line":343,"column":8},"end":{"line":374,"column":14}},"110":{"start":{"line":354,"column":16},"end":{"line":354,"column":20}},"111":{"start":{"line":355,"column":16},"end":{"line":373,"column":17}},"112":{"start":{"line":357,"column":20},"end":{"line":357,"column":42}},"113":{"start":{"line":359,"column":20},"end":{"line":366,"column":23}},"114":{"start":{"line":368,"column":20},"end":{"line":368,"column":32}},"115":{"start":{"line":369,"column":23},"end":{"line":373,"column":17}},"116":{"start":{"line":372,"column":20},"end":{"line":372,"column":49}},"117":{"start":{"line":376,"column":8},"end":{"line":376,"column":53}},"118":{"start":{"line":383,"column":8},"end":{"line":395,"column":9}},"119":{"start":{"line":384,"column":12},"end":{"line":384,"column":79}},"120":{"start":{"line":385,"column":12},"end":{"line":385,"column":25}},"121":{"start":{"line":386,"column":15},"end":{"line":395,"column":9}},"122":{"start":{"line":387,"column":12},"end":{"line":387,"column":73}},"123":{"start":{"line":388,"column":12},"end":{"line":388,"column":25}},"124":{"start":{"line":389,"column":15},"end":{"line":395,"column":9}},"125":{"start":{"line":390,"column":12},"end":{"line":390,"column":75}},"126":{"start":{"line":391,"column":12},"end":{"line":391,"column":25}},"127":{"start":{"line":392,"column":15},"end":{"line":395,"column":9}},"128":{"start":{"line":393,"column":12},"end":{"line":393,"column":54}},"129":{"start":{"line":394,"column":12},"end":{"line":394,"column":25}},"130":{"start":{"line":397,"column":8},"end":{"line":400,"column":25}},"131":{"start":{"line":401,"column":8},"end":{"line":426,"column":14}},"132":{"start":{"line":409,"column":16},"end":{"line":409,"column":20}},"133":{"start":{"line":410,"column":16},"end":{"line":425,"column":17}},"134":{"start":{"line":412,"column":20},"end":{"line":412,"column":43}},"135":{"start":{"line":414,"column":20},"end":{"line":421,"column":23}},"136":{"start":{"line":422,"column":20},"end":{"line":422,"column":32}},"137":{"start":{"line":423,"column":23},"end":{"line":425,"column":17}},"138":{"start":{"line":424,"column":20},"end":{"line":424,"column":33}},"139":{"start":{"line":428,"column":8},"end":{"line":436,"column":15}},"140":{"start":{"line":430,"column":16},"end":{"line":433,"column":19}},"141":{"start":{"line":435,"column":16},"end":{"line":435,"column":61}},"142":{"start":{"line":441,"column":8},"end":{"line":447,"column":9}},"143":{"start":{"line":442,"column":12},"end":{"line":442,"column":79}},"144":{"start":{"line":443,"column":12},"end":{"line":443,"column":25}},"145":{"start":{"line":444,"column":15},"end":{"line":447,"column":9}},"146":{"start":{"line":445,"column":12},"end":{"line":445,"column":75}},"147":{"start":{"line":446,"column":12},"end":{"line":446,"column":25}},"148":{"start":{"line":448,"column":8},"end":{"line":470,"column":14}},"149":{"start":{"line":459,"column":16},"end":{"line":459,"column":20}},"150":{"start":{"line":460,"column":16},"end":{"line":469,"column":17}},"151":{"start":{"line":461,"column":20},"end":{"line":463,"column":23}},"152":{"start":{"line":464,"column":20},"end":{"line":464,"column":32}},"153":{"start":{"line":465,"column":23},"end":{"line":469,"column":17}},"154":{"start":{"line":466,"column":20},"end":{"line":466,"column":32}},"155":{"start":{"line":467,"column":23},"end":{"line":469,"column":17}},"156":{"start":{"line":468,"column":20},"end":{"line":468,"column":33}},"157":{"start":{"line":472,"column":8},"end":{"line":480,"column":15}},"158":{"start":{"line":474,"column":16},"end":{"line":477,"column":19}},"159":{"start":{"line":479,"column":16},"end":{"line":479,"column":61}},"160":{"start":{"line":488,"column":8},"end":{"line":497,"column":9}},"161":{"start":{"line":489,"column":12},"end":{"line":489,"column":79}},"162":{"start":{"line":490,"column":12},"end":{"line":490,"column":25}},"163":{"start":{"line":491,"column":15},"end":{"line":497,"column":9}},"164":{"start":{"line":492,"column":12},"end":{"line":492,"column":75}},"165":{"start":{"line":493,"column":12},"end":{"line":493,"column":25}},"166":{"start":{"line":494,"column":15},"end":{"line":497,"column":9}},"167":{"start":{"line":495,"column":12},"end":{"line":495,"column":55}},"168":{"start":{"line":496,"column":12},"end":{"line":496,"column":25}},"169":{"start":{"line":499,"column":8},"end":{"line":528,"column":14}},"170":{"start":{"line":509,"column":16},"end":{"line":509,"column":20}},"171":{"start":{"line":510,"column":16},"end":{"line":527,"column":17}},"172":{"start":{"line":512,"column":20},"end":{"line":514,"column":23}},"173":{"start":{"line":515,"column":20},"end":{"line":515,"column":32}},"174":{"start":{"line":517,"column":23},"end":{"line":527,"column":17}},"175":{"start":{"line":519,"column":20},"end":{"line":519,"column":61}},"176":{"start":{"line":521,"column":20},"end":{"line":523,"column":23}},"177":{"start":{"line":524,"column":20},"end":{"line":524,"column":32}},"178":{"start":{"line":525,"column":23},"end":{"line":527,"column":17}},"179":{"start":{"line":526,"column":20},"end":{"line":526,"column":33}},"180":{"start":{"line":530,"column":8},"end":{"line":538,"column":15}},"181":{"start":{"line":532,"column":16},"end":{"line":535,"column":19}},"182":{"start":{"line":537,"column":16},"end":{"line":537,"column":61}},"183":{"start":{"line":545,"column":8},"end":{"line":551,"column":9}},"184":{"start":{"line":546,"column":12},"end":{"line":546,"column":79}},"185":{"start":{"line":547,"column":12},"end":{"line":547,"column":25}},"186":{"start":{"line":548,"column":15},"end":{"line":551,"column":9}},"187":{"start":{"line":549,"column":12},"end":{"line":549,"column":75}},"188":{"start":{"line":550,"column":12},"end":{"line":550,"column":25}},"189":{"start":{"line":553,"column":8},"end":{"line":572,"column":14}},"190":{"start":{"line":563,"column":16},"end":{"line":563,"column":20}},"191":{"start":{"line":564,"column":16},"end":{"line":571,"column":17}},"192":{"start":{"line":565,"column":20},"end":{"line":565,"column":48}},"193":{"start":{"line":566,"column":20},"end":{"line":566,"column":32}},"194":{"start":{"line":567,"column":23},"end":{"line":571,"column":17}},"195":{"start":{"line":568,"column":20},"end":{"line":568,"column":32}},"196":{"start":{"line":569,"column":23},"end":{"line":571,"column":17}},"197":{"start":{"line":570,"column":20},"end":{"line":570,"column":33}},"198":{"start":{"line":574,"column":8},"end":{"line":582,"column":15}},"199":{"start":{"line":576,"column":16},"end":{"line":579,"column":19}},"200":{"start":{"line":581,"column":16},"end":{"line":581,"column":61}},"201":{"start":{"line":588,"column":8},"end":{"line":591,"column":16}},"202":{"start":{"line":592,"column":8},"end":{"line":604,"column":9}},"203":{"start":{"line":593,"column":12},"end":{"line":593,"column":65}},"204":{"start":{"line":594,"column":12},"end":{"line":594,"column":25}},"205":{"start":{"line":595,"column":15},"end":{"line":604,"column":9}},"206":{"start":{"line":596,"column":12},"end":{"line":596,"column":117}},"207":{"start":{"line":597,"column":12},"end":{"line":597,"column":25}},"208":{"start":{"line":598,"column":15},"end":{"line":604,"column":9}},"209":{"start":{"line":599,"column":12},"end":{"line":599,"column":68}},"210":{"start":{"line":600,"column":12},"end":{"line":600,"column":25}},"211":{"start":{"line":601,"column":15},"end":{"line":604,"column":9}},"212":{"start":{"line":602,"column":12},"end":{"line":602,"column":116}},"213":{"start":{"line":603,"column":12},"end":{"line":603,"column":25}},"214":{"start":{"line":607,"column":8},"end":{"line":620,"column":9}},"215":{"start":{"line":608,"column":12},"end":{"line":608,"column":44}},"216":{"start":{"line":609,"column":12},"end":{"line":609,"column":30}},"217":{"start":{"line":611,"column":12},"end":{"line":616,"column":15}},"218":{"start":{"line":618,"column":12},"end":{"line":618,"column":60}},"219":{"start":{"line":619,"column":12},"end":{"line":619,"column":25}},"220":{"start":{"line":624,"column":8},"end":{"line":626,"column":16}},"221":{"start":{"line":628,"column":8},"end":{"line":644,"column":9}},"222":{"start":{"line":629,"column":12},"end":{"line":629,"column":65}},"223":{"start":{"line":630,"column":12},"end":{"line":630,"column":25}},"224":{"start":{"line":631,"column":15},"end":{"line":644,"column":9}},"225":{"start":{"line":632,"column":12},"end":{"line":632,"column":115}},"226":{"start":{"line":633,"column":12},"end":{"line":633,"column":25}},"227":{"start":{"line":634,"column":15},"end":{"line":644,"column":9}},"228":{"start":{"line":636,"column":12},"end":{"line":636,"column":53}},"229":{"start":{"line":637,"column":12},"end":{"line":637,"column":25}},"230":{"start":{"line":638,"column":15},"end":{"line":644,"column":9}},"231":{"start":{"line":639,"column":12},"end":{"line":639,"column":66}},"232":{"start":{"line":640,"column":12},"end":{"line":640,"column":25}},"233":{"start":{"line":641,"column":15},"end":{"line":644,"column":9}},"234":{"start":{"line":642,"column":12},"end":{"line":642,"column":118}},"235":{"start":{"line":645,"column":8},"end":{"line":660,"column":9}},"236":{"start":{"line":646,"column":12},"end":{"line":646,"column":46}},"237":{"start":{"line":648,"column":12},"end":{"line":648,"column":30}},"238":{"start":{"line":650,"column":12},"end":{"line":655,"column":15}},"239":{"start":{"line":658,"column":12},"end":{"line":658,"column":60}},"240":{"start":{"line":659,"column":12},"end":{"line":659,"column":25}},"241":{"start":{"line":666,"column":8},"end":{"line":675,"column":9}},"242":{"start":{"line":667,"column":12},"end":{"line":667,"column":79}},"243":{"start":{"line":668,"column":12},"end":{"line":668,"column":25}},"244":{"start":{"line":669,"column":15},"end":{"line":675,"column":9}},"245":{"start":{"line":670,"column":12},"end":{"line":670,"column":75}},"246":{"start":{"line":671,"column":12},"end":{"line":671,"column":25}},"247":{"start":{"line":672,"column":15},"end":{"line":675,"column":9}},"248":{"start":{"line":673,"column":12},"end":{"line":673,"column":70}},"249":{"start":{"line":674,"column":12},"end":{"line":674,"column":25}},"250":{"start":{"line":677,"column":8},"end":{"line":677,"column":63}},"251":{"start":{"line":679,"column":8},"end":{"line":698,"column":9}},"252":{"start":{"line":681,"column":12},"end":{"line":681,"column":18}},"253":{"start":{"line":683,"column":12},"end":{"line":683,"column":18}},"254":{"start":{"line":685,"column":12},"end":{"line":685,"column":18}},"255":{"start":{"line":687,"column":12},"end":{"line":687,"column":18}},"256":{"start":{"line":689,"column":12},"end":{"line":689,"column":18}},"257":{"start":{"line":691,"column":12},"end":{"line":696,"column":21}},"258":{"start":{"line":697,"column":12},"end":{"line":697,"column":25}},"259":{"start":{"line":700,"column":8},"end":{"line":734,"column":14}},"260":{"start":{"line":711,"column":16},"end":{"line":711,"column":20}},"261":{"start":{"line":712,"column":16},"end":{"line":733,"column":17}},"262":{"start":{"line":714,"column":20},"end":{"line":716,"column":21}},"263":{"start":{"line":715,"column":24},"end":{"line":715,"column":56}},"264":{"start":{"line":718,"column":20},"end":{"line":718,"column":43}},"265":{"start":{"line":719,"column":20},"end":{"line":721,"column":23}},"266":{"start":{"line":723,"column":20},"end":{"line":723,"column":32}},"267":{"start":{"line":724,"column":23},"end":{"line":733,"column":17}},"268":{"start":{"line":725,"column":20},"end":{"line":725,"column":37}},"269":{"start":{"line":726,"column":20},"end":{"line":726,"column":43}},"270":{"start":{"line":727,"column":20},"end":{"line":729,"column":23}},"271":{"start":{"line":730,"column":20},"end":{"line":730,"column":32}},"272":{"start":{"line":731,"column":23},"end":{"line":733,"column":17}},"273":{"start":{"line":732,"column":20},"end":{"line":732,"column":33}},"274":{"start":{"line":735,"column":8},"end":{"line":747,"column":15}},"275":{"start":{"line":737,"column":16},"end":{"line":740,"column":19}},"276":{"start":{"line":742,"column":16},"end":{"line":744,"column":17}},"277":{"start":{"line":743,"column":20},"end":{"line":743,"column":104}},"278":{"start":{"line":746,"column":16},"end":{"line":746,"column":61}},"279":{"start":{"line":753,"column":8},"end":{"line":771,"column":9}},"280":{"start":{"line":754,"column":12},"end":{"line":754,"column":79}},"281":{"start":{"line":755,"column":12},"end":{"line":755,"column":25}},"282":{"start":{"line":756,"column":15},"end":{"line":771,"column":9}},"283":{"start":{"line":757,"column":12},"end":{"line":757,"column":75}},"284":{"start":{"line":758,"column":12},"end":{"line":758,"column":25}},"285":{"start":{"line":759,"column":15},"end":{"line":771,"column":9}},"286":{"start":{"line":760,"column":12},"end":{"line":760,"column":72}},"287":{"start":{"line":761,"column":12},"end":{"line":761,"column":25}},"288":{"start":{"line":762,"column":15},"end":{"line":771,"column":9}},"289":{"start":{"line":763,"column":12},"end":{"line":770,"column":13}},"290":{"start":{"line":765,"column":16},"end":{"line":765,"column":22}},"291":{"start":{"line":767,"column":16},"end":{"line":767,"column":22}},"292":{"start":{"line":769,"column":16},"end":{"line":769,"column":91}},"293":{"start":{"line":773,"column":8},"end":{"line":792,"column":14}},"294":{"start":{"line":783,"column":16},"end":{"line":783,"column":20}},"295":{"start":{"line":784,"column":16},"end":{"line":791,"column":17}},"296":{"start":{"line":785,"column":20},"end":{"line":787,"column":23}},"297":{"start":{"line":788,"column":20},"end":{"line":788,"column":32}},"298":{"start":{"line":789,"column":23},"end":{"line":791,"column":17}},"299":{"start":{"line":790,"column":20},"end":{"line":790,"column":33}},"300":{"start":{"line":793,"column":8},"end":{"line":801,"column":15}},"301":{"start":{"line":795,"column":16},"end":{"line":798,"column":19}},"302":{"start":{"line":800,"column":16},"end":{"line":800,"column":61}},"303":{"start":{"line":809,"column":8},"end":{"line":824,"column":9}},"304":{"start":{"line":811,"column":12},"end":{"line":811,"column":79}},"305":{"start":{"line":812,"column":12},"end":{"line":812,"column":25}},"306":{"start":{"line":814,"column":15},"end":{"line":824,"column":9}},"307":{"start":{"line":816,"column":12},"end":{"line":816,"column":75}},"308":{"start":{"line":817,"column":12},"end":{"line":817,"column":25}},"309":{"start":{"line":819,"column":15},"end":{"line":824,"column":9}},"310":{"start":{"line":821,"column":12},"end":{"line":821,"column":96}},"311":{"start":{"line":822,"column":12},"end":{"line":822,"column":25}},"312":{"start":{"line":826,"column":8},"end":{"line":863,"column":14}},"313":{"start":{"line":837,"column":16},"end":{"line":837,"column":20}},"314":{"start":{"line":838,"column":16},"end":{"line":862,"column":17}},"315":{"start":{"line":841,"column":20},"end":{"line":842,"column":63}},"316":{"start":{"line":841,"column":42},"end":{"line":841,"column":69}},"317":{"start":{"line":842,"column":39},"end":{"line":842,"column":61}},"318":{"start":{"line":844,"column":20},"end":{"line":846,"column":23}},"319":{"start":{"line":848,"column":20},"end":{"line":848,"column":32}},"320":{"start":{"line":850,"column":23},"end":{"line":862,"column":17}},"321":{"start":{"line":852,"column":20},"end":{"line":852,"column":39}},"322":{"start":{"line":854,"column":20},"end":{"line":854,"column":69}},"323":{"start":{"line":854,"column":44},"end":{"line":854,"column":67}},"324":{"start":{"line":855,"column":20},"end":{"line":857,"column":23}},"325":{"start":{"line":859,"column":20},"end":{"line":859,"column":32}},"326":{"start":{"line":860,"column":23},"end":{"line":862,"column":17}},"327":{"start":{"line":861,"column":20},"end":{"line":861,"column":33}},"328":{"start":{"line":865,"column":8},"end":{"line":873,"column":15}},"329":{"start":{"line":867,"column":16},"end":{"line":870,"column":19}},"330":{"start":{"line":872,"column":16},"end":{"line":872,"column":61}},"331":{"start":{"line":880,"column":8},"end":{"line":889,"column":9}},"332":{"start":{"line":881,"column":12},"end":{"line":881,"column":75}},"333":{"start":{"line":882,"column":12},"end":{"line":882,"column":25}},"334":{"start":{"line":883,"column":15},"end":{"line":889,"column":9}},"335":{"start":{"line":884,"column":12},"end":{"line":884,"column":75}},"336":{"start":{"line":885,"column":12},"end":{"line":885,"column":25}},"337":{"start":{"line":886,"column":15},"end":{"line":889,"column":9}},"338":{"start":{"line":887,"column":12},"end":{"line":887,"column":117}},"339":{"start":{"line":891,"column":8},"end":{"line":911,"column":14}},"340":{"start":{"line":901,"column":16},"end":{"line":901,"column":20}},"341":{"start":{"line":902,"column":16},"end":{"line":907,"column":17}},"342":{"start":{"line":903,"column":20},"end":{"line":905,"column":23}},"343":{"start":{"line":906,"column":20},"end":{"line":906,"column":32}},"344":{"start":{"line":908,"column":16},"end":{"line":910,"column":17}},"345":{"start":{"line":909,"column":20},"end":{"line":909,"column":33}},"346":{"start":{"line":913,"column":8},"end":{"line":921,"column":15}},"347":{"start":{"line":915,"column":16},"end":{"line":918,"column":19}},"348":{"start":{"line":920,"column":16},"end":{"line":920,"column":61}},"349":{"start":{"line":927,"column":8},"end":{"line":932,"column":9}},"350":{"start":{"line":928,"column":12},"end":{"line":928,"column":72}},"351":{"start":{"line":929,"column":12},"end":{"line":929,"column":25}},"352":{"start":{"line":930,"column":15},"end":{"line":932,"column":9}},"353":{"start":{"line":931,"column":12},"end":{"line":931,"column":33}},"354":{"start":{"line":934,"column":8},"end":{"line":945,"column":9}},"355":{"start":{"line":935,"column":12},"end":{"line":935,"column":54}},"356":{"start":{"line":936,"column":12},"end":{"line":936,"column":30}},"357":{"start":{"line":937,"column":12},"end":{"line":942,"column":15}},"358":{"start":{"line":944,"column":12},"end":{"line":944,"column":67}},"359":{"start":{"line":948,"column":8},"end":{"line":948,"column":51}},"360":{"start":{"line":951,"column":8},"end":{"line":951,"column":39}},"361":{"start":{"line":958,"column":8},"end":{"line":964,"column":9}},"362":{"start":{"line":959,"column":12},"end":{"line":959,"column":79}},"363":{"start":{"line":960,"column":12},"end":{"line":960,"column":25}},"364":{"start":{"line":961,"column":15},"end":{"line":964,"column":9}},"365":{"start":{"line":962,"column":12},"end":{"line":962,"column":87}},"366":{"start":{"line":963,"column":12},"end":{"line":963,"column":25}},"367":{"start":{"line":966,"column":8},"end":{"line":969,"column":9}},"368":{"start":{"line":967,"column":12},"end":{"line":967,"column":89}},"369":{"start":{"line":968,"column":12},"end":{"line":968,"column":25}},"370":{"start":{"line":971,"column":8},"end":{"line":974,"column":9}},"371":{"start":{"line":972,"column":12},"end":{"line":972,"column":104}},"372":{"start":{"line":973,"column":12},"end":{"line":973,"column":25}},"373":{"start":{"line":976,"column":8},"end":{"line":997,"column":14}},"374":{"start":{"line":986,"column":16},"end":{"line":986,"column":20}},"375":{"start":{"line":987,"column":16},"end":{"line":993,"column":17}},"376":{"start":{"line":988,"column":20},"end":{"line":991,"column":23}},"377":{"start":{"line":992,"column":20},"end":{"line":992,"column":32}},"378":{"start":{"line":994,"column":16},"end":{"line":996,"column":17}},"379":{"start":{"line":995,"column":20},"end":{"line":995,"column":33}},"380":{"start":{"line":999,"column":8},"end":{"line":1007,"column":15}},"381":{"start":{"line":1001,"column":16},"end":{"line":1004,"column":19}},"382":{"start":{"line":1006,"column":16},"end":{"line":1006,"column":72}},"383":{"start":{"line":1011,"column":8},"end":{"line":1017,"column":9}},"384":{"start":{"line":1012,"column":12},"end":{"line":1012,"column":79}},"385":{"start":{"line":1013,"column":12},"end":{"line":1013,"column":25}},"386":{"start":{"line":1014,"column":15},"end":{"line":1017,"column":9}},"387":{"start":{"line":1015,"column":12},"end":{"line":1015,"column":87}},"388":{"start":{"line":1016,"column":12},"end":{"line":1016,"column":25}},"389":{"start":{"line":1019,"column":8},"end":{"line":1045,"column":14}},"390":{"start":{"line":1029,"column":16},"end":{"line":1029,"column":20}},"391":{"start":{"line":1030,"column":16},"end":{"line":1041,"column":17}},"392":{"start":{"line":1031,"column":20},"end":{"line":1031,"column":40}},"393":{"start":{"line":1032,"column":20},"end":{"line":1039,"column":23}},"394":{"start":{"line":1040,"column":20},"end":{"line":1040,"column":32}},"395":{"start":{"line":1042,"column":16},"end":{"line":1044,"column":17}},"396":{"start":{"line":1043,"column":20},"end":{"line":1043,"column":33}},"397":{"start":{"line":1049,"column":8},"end":{"line":1057,"column":15}},"398":{"start":{"line":1051,"column":16},"end":{"line":1054,"column":19}},"399":{"start":{"line":1056,"column":16},"end":{"line":1056,"column":72}},"400":{"start":{"line":1062,"column":8},"end":{"line":1078,"column":9}},"401":{"start":{"line":1064,"column":12},"end":{"line":1068,"column":21}},"402":{"start":{"line":1070,"column":12},"end":{"line":1070,"column":85}},"403":{"start":{"line":1072,"column":12},"end":{"line":1072,"column":38}},"404":{"start":{"line":1074,"column":15},"end":{"line":1078,"column":9}},"405":{"start":{"line":1075,"column":12},"end":{"line":1075,"column":38}},"406":{"start":{"line":1077,"column":12},"end":{"line":1077,"column":60}},"407":{"start":{"line":1083,"column":8},"end":{"line":1089,"column":9}},"408":{"start":{"line":1084,"column":12},"end":{"line":1084,"column":44}},"409":{"start":{"line":1085,"column":12},"end":{"line":1085,"column":58}},"410":{"start":{"line":1086,"column":12},"end":{"line":1086,"column":28}},"411":{"start":{"line":1088,"column":12},"end":{"line":1088,"column":21}},"412":{"start":{"line":1093,"column":8},"end":{"line":1093,"column":26}},"413":{"start":{"line":1095,"column":8},"end":{"line":1132,"column":18}},"414":{"start":{"line":1097,"column":12},"end":{"line":1127,"column":14}},"415":{"start":{"line":1111,"column":24},"end":{"line":1111,"column":56}},"416":{"start":{"line":1111,"column":43},"end":{"line":1111,"column":56}},"417":{"start":{"line":1113,"column":24},"end":{"line":1122,"column":44}},"418":{"start":{"line":1114,"column":28},"end":{"line":1120,"column":31}},"419":{"start":{"line":1129,"column":12},"end":{"line":1129,"column":53}},"420":{"start":{"line":1130,"column":12},"end":{"line":1130,"column":52}},"421":{"start":{"line":1136,"column":0},"end":{"line":1136,"column":26}}},"branchMap":{"1":{"line":61,"type":"if","locations":[{"start":{"line":61,"column":20},"end":{"line":61,"column":20}},{"start":{"line":61,"column":20},"end":{"line":61,"column":20}}]},"2":{"line":70,"type":"if","locations":[{"start":{"line":70,"column":16},"end":{"line":70,"column":16}},{"start":{"line":70,"column":16},"end":{"line":70,"column":16}}]},"3":{"line":82,"type":"if","locations":[{"start":{"line":82,"column":12},"end":{"line":82,"column":12}},{"start":{"line":82,"column":12},"end":{"line":82,"column":12}}]},"4":{"line":106,"type":"if","locations":[{"start":{"line":106,"column":8},"end":{"line":106,"column":8}},{"start":{"line":106,"column":8},"end":{"line":106,"column":8}}]},"5":{"line":113,"type":"if","locations":[{"start":{"line":113,"column":8},"end":{"line":113,"column":8}},{"start":{"line":113,"column":8},"end":{"line":113,"column":8}}]},"6":{"line":113,"type":"binary-expr","locations":[{"start":{"line":113,"column":13},"end":{"line":113,"column":23}},{"start":{"line":113,"column":27},"end":{"line":113,"column":38}},{"start":{"line":114,"column":13},"end":{"line":114,"column":21}},{"start":{"line":114,"column":25},"end":{"line":114,"column":34}},{"start":{"line":115,"column":13},"end":{"line":115,"column":38}}]},"7":{"line":136,"type":"switch","locations":[{"start":{"line":137,"column":8},"end":{"line":139,"column":18}},{"start":{"line":140,"column":8},"end":{"line":142,"column":18}},{"start":{"line":143,"column":8},"end":{"line":145,"column":18}},{"start":{"line":146,"column":8},"end":{"line":147,"column":58}}]},"8":{"line":171,"type":"cond-expr","locations":[{"start":{"line":171,"column":55},"end":{"line":171,"column":59}},{"start":{"line":171,"column":62},"end":{"line":171,"column":67}}]},"9":{"line":214,"type":"if","locations":[{"start":{"line":214,"column":16},"end":{"line":214,"column":16}},{"start":{"line":214,"column":16},"end":{"line":214,"column":16}}]},"10":{"line":217,"type":"if","locations":[{"start":{"line":217,"column":23},"end":{"line":217,"column":23}},{"start":{"line":217,"column":23},"end":{"line":217,"column":23}}]},"11":{"line":220,"type":"if","locations":[{"start":{"line":220,"column":23},"end":{"line":220,"column":23}},{"start":{"line":220,"column":23},"end":{"line":220,"column":23}}]},"12":{"line":223,"type":"if","locations":[{"start":{"line":223,"column":23},"end":{"line":223,"column":23}},{"start":{"line":223,"column":23},"end":{"line":223,"column":23}}]},"13":{"line":225,"type":"if","locations":[{"start":{"line":225,"column":23},"end":{"line":225,"column":23}},{"start":{"line":225,"column":23},"end":{"line":225,"column":23}}]},"14":{"line":275,"type":"if","locations":[{"start":{"line":275,"column":8},"end":{"line":275,"column":8}},{"start":{"line":275,"column":8},"end":{"line":275,"column":8}}]},"15":{"line":275,"type":"binary-expr","locations":[{"start":{"line":275,"column":12},"end":{"line":275,"column":20}},{"start":{"line":275,"column":24},"end":{"line":275,"column":47}}]},"16":{"line":281,"type":"if","locations":[{"start":{"line":281,"column":15},"end":{"line":281,"column":15}},{"start":{"line":281,"column":15},"end":{"line":281,"column":15}}]},"17":{"line":281,"type":"binary-expr","locations":[{"start":{"line":281,"column":19},"end":{"line":281,"column":27}},{"start":{"line":281,"column":32},"end":{"line":281,"column":56}}]},"18":{"line":313,"type":"if","locations":[{"start":{"line":313,"column":8},"end":{"line":313,"column":8}},{"start":{"line":313,"column":8},"end":{"line":313,"column":8}}]},"19":{"line":323,"type":"if","locations":[{"start":{"line":323,"column":12},"end":{"line":323,"column":12}},{"start":{"line":323,"column":12},"end":{"line":323,"column":12}}]},"20":{"line":326,"type":"if","locations":[{"start":{"line":326,"column":19},"end":{"line":326,"column":19}},{"start":{"line":326,"column":19},"end":{"line":326,"column":19}}]},"21":{"line":326,"type":"binary-expr","locations":[{"start":{"line":326,"column":24},"end":{"line":326,"column":59}},{"start":{"line":326,"column":65},"end":{"line":326,"column":73}}]},"22":{"line":339,"type":"if","locations":[{"start":{"line":339,"column":8},"end":{"line":339,"column":8}},{"start":{"line":339,"column":8},"end":{"line":339,"column":8}}]},"23":{"line":355,"type":"if","locations":[{"start":{"line":355,"column":16},"end":{"line":355,"column":16}},{"start":{"line":355,"column":16},"end":{"line":355,"column":16}}]},"24":{"line":369,"type":"if","locations":[{"start":{"line":369,"column":23},"end":{"line":369,"column":23}},{"start":{"line":369,"column":23},"end":{"line":369,"column":23}}]},"25":{"line":383,"type":"if","locations":[{"start":{"line":383,"column":8},"end":{"line":383,"column":8}},{"start":{"line":383,"column":8},"end":{"line":383,"column":8}}]},"26":{"line":386,"type":"if","locations":[{"start":{"line":386,"column":15},"end":{"line":386,"column":15}},{"start":{"line":386,"column":15},"end":{"line":386,"column":15}}]},"27":{"line":389,"type":"if","locations":[{"start":{"line":389,"column":15},"end":{"line":389,"column":15}},{"start":{"line":389,"column":15},"end":{"line":389,"column":15}}]},"28":{"line":392,"type":"if","locations":[{"start":{"line":392,"column":15},"end":{"line":392,"column":15}},{"start":{"line":392,"column":15},"end":{"line":392,"column":15}}]},"29":{"line":410,"type":"if","locations":[{"start":{"line":410,"column":16},"end":{"line":410,"column":16}},{"start":{"line":410,"column":16},"end":{"line":410,"column":16}}]},"30":{"line":423,"type":"if","locations":[{"start":{"line":423,"column":23},"end":{"line":423,"column":23}},{"start":{"line":423,"column":23},"end":{"line":423,"column":23}}]},"31":{"line":441,"type":"if","locations":[{"start":{"line":441,"column":8},"end":{"line":441,"column":8}},{"start":{"line":441,"column":8},"end":{"line":441,"column":8}}]},"32":{"line":444,"type":"if","locations":[{"start":{"line":444,"column":15},"end":{"line":444,"column":15}},{"start":{"line":444,"column":15},"end":{"line":444,"column":15}}]},"33":{"line":460,"type":"if","locations":[{"start":{"line":460,"column":16},"end":{"line":460,"column":16}},{"start":{"line":460,"column":16},"end":{"line":460,"column":16}}]},"34":{"line":460,"type":"binary-expr","locations":[{"start":{"line":460,"column":20},"end":{"line":460,"column":44}},{"start":{"line":460,"column":48},"end":{"line":460,"column":58}}]},"35":{"line":465,"type":"if","locations":[{"start":{"line":465,"column":23},"end":{"line":465,"column":23}},{"start":{"line":465,"column":23},"end":{"line":465,"column":23}}]},"36":{"line":465,"type":"binary-expr","locations":[{"start":{"line":465,"column":27},"end":{"line":465,"column":51}},{"start":{"line":465,"column":55},"end":{"line":465,"column":64}}]},"37":{"line":467,"type":"if","locations":[{"start":{"line":467,"column":23},"end":{"line":467,"column":23}},{"start":{"line":467,"column":23},"end":{"line":467,"column":23}}]},"38":{"line":488,"type":"if","locations":[{"start":{"line":488,"column":8},"end":{"line":488,"column":8}},{"start":{"line":488,"column":8},"end":{"line":488,"column":8}}]},"39":{"line":491,"type":"if","locations":[{"start":{"line":491,"column":15},"end":{"line":491,"column":15}},{"start":{"line":491,"column":15},"end":{"line":491,"column":15}}]},"40":{"line":494,"type":"if","locations":[{"start":{"line":494,"column":15},"end":{"line":494,"column":15}},{"start":{"line":494,"column":15},"end":{"line":494,"column":15}}]},"41":{"line":510,"type":"if","locations":[{"start":{"line":510,"column":16},"end":{"line":510,"column":16}},{"start":{"line":510,"column":16},"end":{"line":510,"column":16}}]},"42":{"line":510,"type":"binary-expr","locations":[{"start":{"line":510,"column":20},"end":{"line":510,"column":44}},{"start":{"line":510,"column":48},"end":{"line":510,"column":69}}]},"43":{"line":517,"type":"if","locations":[{"start":{"line":517,"column":23},"end":{"line":517,"column":23}},{"start":{"line":517,"column":23},"end":{"line":517,"column":23}}]},"44":{"line":517,"type":"binary-expr","locations":[{"start":{"line":517,"column":27},"end":{"line":517,"column":51}},{"start":{"line":517,"column":55},"end":{"line":517,"column":75}}]},"45":{"line":525,"type":"if","locations":[{"start":{"line":525,"column":23},"end":{"line":525,"column":23}},{"start":{"line":525,"column":23},"end":{"line":525,"column":23}}]},"46":{"line":545,"type":"if","locations":[{"start":{"line":545,"column":8},"end":{"line":545,"column":8}},{"start":{"line":545,"column":8},"end":{"line":545,"column":8}}]},"47":{"line":548,"type":"if","locations":[{"start":{"line":548,"column":15},"end":{"line":548,"column":15}},{"start":{"line":548,"column":15},"end":{"line":548,"column":15}}]},"48":{"line":564,"type":"if","locations":[{"start":{"line":564,"column":16},"end":{"line":564,"column":16}},{"start":{"line":564,"column":16},"end":{"line":564,"column":16}}]},"49":{"line":564,"type":"binary-expr","locations":[{"start":{"line":564,"column":20},"end":{"line":564,"column":44}},{"start":{"line":564,"column":48},"end":{"line":564,"column":68}}]},"50":{"line":567,"type":"if","locations":[{"start":{"line":567,"column":23},"end":{"line":567,"column":23}},{"start":{"line":567,"column":23},"end":{"line":567,"column":23}}]},"51":{"line":567,"type":"binary-expr","locations":[{"start":{"line":567,"column":27},"end":{"line":567,"column":51}},{"start":{"line":567,"column":55},"end":{"line":567,"column":76}}]},"52":{"line":569,"type":"if","locations":[{"start":{"line":569,"column":23},"end":{"line":569,"column":23}},{"start":{"line":569,"column":23},"end":{"line":569,"column":23}}]},"53":{"line":592,"type":"if","locations":[{"start":{"line":592,"column":8},"end":{"line":592,"column":8}},{"start":{"line":592,"column":8},"end":{"line":592,"column":8}}]},"54":{"line":595,"type":"if","locations":[{"start":{"line":595,"column":15},"end":{"line":595,"column":15}},{"start":{"line":595,"column":15},"end":{"line":595,"column":15}}]},"55":{"line":595,"type":"binary-expr","locations":[{"start":{"line":595,"column":19},"end":{"line":595,"column":34}},{"start":{"line":595,"column":39},"end":{"line":595,"column":44}},{"start":{"line":595,"column":48},"end":{"line":595,"column":61}}]},"56":{"line":598,"type":"if","locations":[{"start":{"line":598,"column":15},"end":{"line":598,"column":15}},{"start":{"line":598,"column":15},"end":{"line":598,"column":15}}]},"57":{"line":598,"type":"binary-expr","locations":[{"start":{"line":598,"column":19},"end":{"line":598,"column":33}},{"start":{"line":598,"column":37},"end":{"line":598,"column":42}}]},"58":{"line":601,"type":"if","locations":[{"start":{"line":601,"column":15},"end":{"line":601,"column":15}},{"start":{"line":601,"column":15},"end":{"line":601,"column":15}}]},"59":{"line":601,"type":"binary-expr","locations":[{"start":{"line":601,"column":20},"end":{"line":601,"column":24}},{"start":{"line":601,"column":28},"end":{"line":601,"column":40}},{"start":{"line":601,"column":45},"end":{"line":601,"column":72}}]},"60":{"line":628,"type":"if","locations":[{"start":{"line":628,"column":8},"end":{"line":628,"column":8}},{"start":{"line":628,"column":8},"end":{"line":628,"column":8}}]},"61":{"line":631,"type":"if","locations":[{"start":{"line":631,"column":15},"end":{"line":631,"column":15}},{"start":{"line":631,"column":15},"end":{"line":631,"column":15}}]},"62":{"line":631,"type":"binary-expr","locations":[{"start":{"line":631,"column":19},"end":{"line":631,"column":34}},{"start":{"line":631,"column":39},"end":{"line":631,"column":45}}]},"63":{"line":634,"type":"if","locations":[{"start":{"line":634,"column":15},"end":{"line":634,"column":15}},{"start":{"line":634,"column":15},"end":{"line":634,"column":15}}]},"64":{"line":634,"type":"binary-expr","locations":[{"start":{"line":634,"column":19},"end":{"line":634,"column":34}},{"start":{"line":634,"column":39},"end":{"line":634,"column":45}},{"start":{"line":634,"column":49},"end":{"line":634,"column":66}}]},"65":{"line":638,"type":"if","locations":[{"start":{"line":638,"column":15},"end":{"line":638,"column":15}},{"start":{"line":638,"column":15},"end":{"line":638,"column":15}}]},"66":{"line":638,"type":"binary-expr","locations":[{"start":{"line":638,"column":19},"end":{"line":638,"column":38}},{"start":{"line":638,"column":43},"end":{"line":638,"column":49}}]},"67":{"line":641,"type":"if","locations":[{"start":{"line":641,"column":15},"end":{"line":641,"column":15}},{"start":{"line":641,"column":15},"end":{"line":641,"column":15}}]},"68":{"line":641,"type":"binary-expr","locations":[{"start":{"line":641,"column":19},"end":{"line":641,"column":34}},{"start":{"line":641,"column":38},"end":{"line":641,"column":66}}]},"69":{"line":666,"type":"if","locations":[{"start":{"line":666,"column":8},"end":{"line":666,"column":8}},{"start":{"line":666,"column":8},"end":{"line":666,"column":8}}]},"70":{"line":669,"type":"if","locations":[{"start":{"line":669,"column":15},"end":{"line":669,"column":15}},{"start":{"line":669,"column":15},"end":{"line":669,"column":15}}]},"71":{"line":672,"type":"if","locations":[{"start":{"line":672,"column":15},"end":{"line":672,"column":15}},{"start":{"line":672,"column":15},"end":{"line":672,"column":15}}]},"72":{"line":679,"type":"switch","locations":[{"start":{"line":680,"column":8},"end":{"line":681,"column":18}},{"start":{"line":682,"column":8},"end":{"line":683,"column":18}},{"start":{"line":684,"column":8},"end":{"line":685,"column":18}},{"start":{"line":686,"column":8},"end":{"line":687,"column":18}},{"start":{"line":688,"column":8},"end":{"line":689,"column":18}},{"start":{"line":690,"column":8},"end":{"line":697,"column":25}}]},"73":{"line":712,"type":"if","locations":[{"start":{"line":712,"column":16},"end":{"line":712,"column":16}},{"start":{"line":712,"column":16},"end":{"line":712,"column":16}}]},"74":{"line":712,"type":"binary-expr","locations":[{"start":{"line":712,"column":20},"end":{"line":712,"column":44}},{"start":{"line":712,"column":48},"end":{"line":712,"column":70}}]},"75":{"line":714,"type":"if","locations":[{"start":{"line":714,"column":20},"end":{"line":714,"column":20}},{"start":{"line":714,"column":20},"end":{"line":714,"column":20}}]},"76":{"line":724,"type":"if","locations":[{"start":{"line":724,"column":23},"end":{"line":724,"column":23}},{"start":{"line":724,"column":23},"end":{"line":724,"column":23}}]},"77":{"line":724,"type":"binary-expr","locations":[{"start":{"line":724,"column":27},"end":{"line":724,"column":51}},{"start":{"line":724,"column":55},"end":{"line":724,"column":63}}]},"78":{"line":731,"type":"if","locations":[{"start":{"line":731,"column":23},"end":{"line":731,"column":23}},{"start":{"line":731,"column":23},"end":{"line":731,"column":23}}]},"79":{"line":742,"type":"if","locations":[{"start":{"line":742,"column":16},"end":{"line":742,"column":16}},{"start":{"line":742,"column":16},"end":{"line":742,"column":16}}]},"80":{"line":753,"type":"if","locations":[{"start":{"line":753,"column":8},"end":{"line":753,"column":8}},{"start":{"line":753,"column":8},"end":{"line":753,"column":8}}]},"81":{"line":756,"type":"if","locations":[{"start":{"line":756,"column":15},"end":{"line":756,"column":15}},{"start":{"line":756,"column":15},"end":{"line":756,"column":15}}]},"82":{"line":759,"type":"if","locations":[{"start":{"line":759,"column":15},"end":{"line":759,"column":15}},{"start":{"line":759,"column":15},"end":{"line":759,"column":15}}]},"83":{"line":762,"type":"if","locations":[{"start":{"line":762,"column":15},"end":{"line":762,"column":15}},{"start":{"line":762,"column":15},"end":{"line":762,"column":15}}]},"84":{"line":763,"type":"switch","locations":[{"start":{"line":764,"column":12},"end":{"line":765,"column":22}},{"start":{"line":766,"column":12},"end":{"line":767,"column":22}},{"start":{"line":768,"column":12},"end":{"line":769,"column":91}}]},"85":{"line":784,"type":"if","locations":[{"start":{"line":784,"column":16},"end":{"line":784,"column":16}},{"start":{"line":784,"column":16},"end":{"line":784,"column":16}}]},"86":{"line":789,"type":"if","locations":[{"start":{"line":789,"column":23},"end":{"line":789,"column":23}},{"start":{"line":789,"column":23},"end":{"line":789,"column":23}}]},"87":{"line":809,"type":"if","locations":[{"start":{"line":809,"column":8},"end":{"line":809,"column":8}},{"start":{"line":809,"column":8},"end":{"line":809,"column":8}}]},"88":{"line":814,"type":"if","locations":[{"start":{"line":814,"column":15},"end":{"line":814,"column":15}},{"start":{"line":814,"column":15},"end":{"line":814,"column":15}}]},"89":{"line":819,"type":"if","locations":[{"start":{"line":819,"column":15},"end":{"line":819,"column":15}},{"start":{"line":819,"column":15},"end":{"line":819,"column":15}}]},"90":{"line":819,"type":"binary-expr","locations":[{"start":{"line":819,"column":19},"end":{"line":819,"column":28}},{"start":{"line":819,"column":32},"end":{"line":819,"column":56}}]},"91":{"line":838,"type":"if","locations":[{"start":{"line":838,"column":16},"end":{"line":838,"column":16}},{"start":{"line":838,"column":16},"end":{"line":838,"column":16}}]},"92":{"line":838,"type":"binary-expr","locations":[{"start":{"line":838,"column":20},"end":{"line":838,"column":44}},{"start":{"line":838,"column":48},"end":{"line":838,"column":61}}]},"93":{"line":850,"type":"if","locations":[{"start":{"line":850,"column":23},"end":{"line":850,"column":23}},{"start":{"line":850,"column":23},"end":{"line":850,"column":23}}]},"94":{"line":850,"type":"binary-expr","locations":[{"start":{"line":850,"column":27},"end":{"line":850,"column":51}},{"start":{"line":850,"column":55},"end":{"line":850,"column":69}}]},"95":{"line":860,"type":"if","locations":[{"start":{"line":860,"column":23},"end":{"line":860,"column":23}},{"start":{"line":860,"column":23},"end":{"line":860,"column":23}}]},"96":{"line":880,"type":"if","locations":[{"start":{"line":880,"column":8},"end":{"line":880,"column":8}},{"start":{"line":880,"column":8},"end":{"line":880,"column":8}}]},"97":{"line":880,"type":"binary-expr","locations":[{"start":{"line":880,"column":12},"end":{"line":880,"column":17}},{"start":{"line":880,"column":21},"end":{"line":880,"column":26}}]},"98":{"line":883,"type":"if","locations":[{"start":{"line":883,"column":15},"end":{"line":883,"column":15}},{"start":{"line":883,"column":15},"end":{"line":883,"column":15}}]},"99":{"line":886,"type":"if","locations":[{"start":{"line":886,"column":15},"end":{"line":886,"column":15}},{"start":{"line":886,"column":15},"end":{"line":886,"column":15}}]},"100":{"line":886,"type":"binary-expr","locations":[{"start":{"line":886,"column":19},"end":{"line":886,"column":23}},{"start":{"line":886,"column":27},"end":{"line":886,"column":54}}]},"101":{"line":902,"type":"if","locations":[{"start":{"line":902,"column":16},"end":{"line":902,"column":16}},{"start":{"line":902,"column":16},"end":{"line":902,"column":16}}]},"102":{"line":908,"type":"if","locations":[{"start":{"line":908,"column":16},"end":{"line":908,"column":16}},{"start":{"line":908,"column":16},"end":{"line":908,"column":16}}]},"103":{"line":927,"type":"if","locations":[{"start":{"line":927,"column":8},"end":{"line":927,"column":8}},{"start":{"line":927,"column":8},"end":{"line":927,"column":8}}]},"104":{"line":930,"type":"if","locations":[{"start":{"line":930,"column":15},"end":{"line":930,"column":15}},{"start":{"line":930,"column":15},"end":{"line":930,"column":15}}]},"105":{"line":930,"type":"binary-expr","locations":[{"start":{"line":930,"column":20},"end":{"line":930,"column":24}},{"start":{"line":930,"column":29},"end":{"line":930,"column":49}},{"start":{"line":930,"column":53},"end":{"line":930,"column":72}}]},"106":{"line":958,"type":"if","locations":[{"start":{"line":958,"column":8},"end":{"line":958,"column":8}},{"start":{"line":958,"column":8},"end":{"line":958,"column":8}}]},"107":{"line":961,"type":"if","locations":[{"start":{"line":961,"column":15},"end":{"line":961,"column":15}},{"start":{"line":961,"column":15},"end":{"line":961,"column":15}}]},"108":{"line":961,"type":"binary-expr","locations":[{"start":{"line":961,"column":19},"end":{"line":961,"column":23}},{"start":{"line":961,"column":27},"end":{"line":961,"column":42}}]},"109":{"line":966,"type":"if","locations":[{"start":{"line":966,"column":8},"end":{"line":966,"column":8}},{"start":{"line":966,"column":8},"end":{"line":966,"column":8}}]},"110":{"line":971,"type":"if","locations":[{"start":{"line":971,"column":8},"end":{"line":971,"column":8}},{"start":{"line":971,"column":8},"end":{"line":971,"column":8}}]},"111":{"line":987,"type":"if","locations":[{"start":{"line":987,"column":16},"end":{"line":987,"column":16}},{"start":{"line":987,"column":16},"end":{"line":987,"column":16}}]},"112":{"line":994,"type":"if","locations":[{"start":{"line":994,"column":16},"end":{"line":994,"column":16}},{"start":{"line":994,"column":16},"end":{"line":994,"column":16}}]},"113":{"line":1011,"type":"if","locations":[{"start":{"line":1011,"column":8},"end":{"line":1011,"column":8}},{"start":{"line":1011,"column":8},"end":{"line":1011,"column":8}}]},"114":{"line":1014,"type":"if","locations":[{"start":{"line":1014,"column":15},"end":{"line":1014,"column":15}},{"start":{"line":1014,"column":15},"end":{"line":1014,"column":15}}]},"115":{"line":1014,"type":"binary-expr","locations":[{"start":{"line":1014,"column":19},"end":{"line":1014,"column":23}},{"start":{"line":1014,"column":27},"end":{"line":1014,"column":42}}]},"116":{"line":1030,"type":"if","locations":[{"start":{"line":1030,"column":16},"end":{"line":1030,"column":16}},{"start":{"line":1030,"column":16},"end":{"line":1030,"column":16}}]},"117":{"line":1042,"type":"if","locations":[{"start":{"line":1042,"column":16},"end":{"line":1042,"column":16}},{"start":{"line":1042,"column":16},"end":{"line":1042,"column":16}}]},"118":{"line":1062,"type":"if","locations":[{"start":{"line":1062,"column":8},"end":{"line":1062,"column":8}},{"start":{"line":1062,"column":8},"end":{"line":1062,"column":8}}]},"119":{"line":1074,"type":"if","locations":[{"start":{"line":1074,"column":15},"end":{"line":1074,"column":15}},{"start":{"line":1074,"column":15},"end":{"line":1074,"column":15}}]},"120":{"line":1111,"type":"if","locations":[{"start":{"line":1111,"column":24},"end":{"line":1111,"column":24}},{"start":{"line":1111,"column":24},"end":{"line":1111,"column":24}}]}}},"/root/PERSONAL_PROJECTS/duty/src/readtodo.js":{"path":"/root/PERSONAL_PROJECTS/duty/src/readtodo.js","s":{"1":1,"2":1,"3":0,"4":0,"5":0,"6":0,"7":0,"8":0,"9":0,"10":0,"11":0,"12":0,"13":0,"14":0,"15":0,"16":0,"17":0,"18":0,"19":0,"20":0,"21":0,"22":0,"23":0,"24":0,"25":0,"26":0,"27":0,"28":0,"29":0,"30":0,"31":0,"32":0,"33":0,"34":0,"35":0,"36":0,"37":0,"38":0,"39":0,"40":0,"41":0,"42":0,"43":0,"44":0,"45":0,"46":0,"47":0,"48":0,"49":0,"50":0,"51":0,"52":0,"53":0,"54":0,"55":0,"56":0,"57":0,"58":0,"59":0,"60":0,"61":0,"62":0,"63":0,"64":0,"65":0,"66":0,"67":0,"68":0,"69":0,"70":0,"71":0,"72":0,"73":0,"74":0,"75":0,"76":0,"77":0,"78":0,"79":0,"80":0,"81":0,"82":0,"83":0,"84":0,"85":0,"86":0,"87":0,"88":0,"89":0,"90":0,"91":0,"92":0,"93":0,"94":0,"95":0,"96":0,"97":0,"98":0,"99":0,"100":0,"101":0,"102":0,"103":0,"104":0,"105":0,"106":0,"107":0,"108":0,"109":0,"110":0,"111":0,"112":0,"113":0,"114":0,"115":0,"116":0,"117":0,"118":0,"119":0,"120":0,"121":0,"122":0,"123":0,"124":0,"125":0,"126":0,"127":0,"128":0,"129":0,"130":0,"131":0,"132":0,"133":0,"134":0,"135":0,"136":0,"137":1},"b":{"1":[0,0],"2":[0,0],"3":[0,0],"4":[0,0],"5":[0,0],"6":[0,0],"7":[0,0],"8":[0,0],"9":[0,0],"10":[0,0],"11":[0,0],"12":[0,0],"13":[0,0],"14":[0,0],"15":[0,0],"16":[0,0],"17":[0,0],"18":[0,0],"19":[0,0],"20":[0,0],"21":[0,0],"22":[0,0],"23":[0,0],"24":[0,0],"25":[0,0,0],"26":[0,0],"27":[0,0],"28":[0,0],"29":[0,0],"30":[0,0,0,0,0,0],"31":[0,0],"32":[0,0,0],"33":[0,0],"34":[0,0],"35":[0,0],"36":[0,0],"37":[0,0],"38":[0,0],"39":[0,0],"40":[0,0],"41":[0,0],"42":[0,0],"43":[0,0],"44":[0,0],"45":[0,0],"46":[0,0],"47":[0,0],"48":[0,0,0,0],"49":[0,0],"50":[0,0,0],"51":[0,0],"52":[0,0],"53":[0,0],"54":[0,0]},"f":{"1":0,"2":0,"3":0,"4":0,"5":0,"6":0,"7":0,"8":0,"9":0,"10":0,"11":0,"12":0,"13":0,"14":0,"15":0,"16":0},"fnMap":{"1":{"name":"(anonymous_1)","line":9,"loc":{"start":{"line":9,"column":15},"end":{"line":9,"column":18}}},"2":{"name":"(anonymous_2)","line":10,"loc":{"start":{"line":10,"column":21},"end":{"line":10,"column":24}}},"3":{"name":"(anonymous_3)","line":13,"loc":{"start":{"line":13,"column":25},"end":{"line":13,"column":28}}},"4":{"name":"(anonymous_4)","line":27,"loc":{"start":{"line":27,"column":26},"end":{"line":27,"column":39}}},"5":{"name":"(anonymous_5)","line":47,"loc":{"start":{"line":47,"column":26},"end":{"line":47,"column":37}}},"6":{"name":"(anonymous_6)","line":51,"loc":{"start":{"line":51,"column":21},"end":{"line":51,"column":101}}},"7":{"name":"(anonymous_7)","line":89,"loc":{"start":{"line":89,"column":14},"end":{"line":89,"column":48}}},"8":{"name":"(anonymous_8)","line":107,"loc":{"start":{"line":107,"column":7},"end":{"line":107,"column":10}}},"9":{"name":"(anonymous_9)","line":116,"loc":{"start":{"line":116,"column":16},"end":{"line":116,"column":19}}},"10":{"name":"(anonymous_10)","line":127,"loc":{"start":{"line":127,"column":8},"end":{"line":127,"column":20}}},"11":{"name":"(anonymous_11)","line":142,"loc":{"start":{"line":142,"column":7},"end":{"line":142,"column":10}}},"12":{"name":"(anonymous_12)","line":177,"loc":{"start":{"line":177,"column":12},"end":{"line":177,"column":27}}},"13":{"name":"(anonymous_13)","line":202,"loc":{"start":{"line":202,"column":11},"end":{"line":202,"column":25}}},"14":{"name":"(anonymous_14)","line":238,"loc":{"start":{"line":238,"column":13},"end":{"line":238,"column":16}}},"15":{"name":"(anonymous_15)","line":262,"loc":{"start":{"line":262,"column":16},"end":{"line":262,"column":19}}},"16":{"name":"(anonymous_16)","line":287,"loc":{"start":{"line":287,"column":8},"end":{"line":287,"column":11}}}},"statementMap":{"1":{"start":{"line":5,"column":0},"end":{"line":5,"column":33}},"2":{"start":{"line":6,"column":0},"end":{"line":6,"column":33}},"3":{"start":{"line":11,"column":8},"end":{"line":11,"column":30}},"4":{"start":{"line":14,"column":8},"end":{"line":14,"column":33}},"5":{"start":{"line":15,"column":8},"end":{"line":25,"column":10}},"6":{"start":{"line":29,"column":8},"end":{"line":29,"column":50}},"7":{"start":{"line":31,"column":8},"end":{"line":31,"column":56}},"8":{"start":{"line":32,"column":8},"end":{"line":32,"column":50}},"9":{"start":{"line":34,"column":8},"end":{"line":34,"column":71}},"10":{"start":{"line":36,"column":8},"end":{"line":36,"column":81}},"11":{"start":{"line":38,"column":8},"end":{"line":44,"column":9}},"12":{"start":{"line":39,"column":12},"end":{"line":39,"column":47}},"13":{"start":{"line":40,"column":15},"end":{"line":44,"column":9}},"14":{"start":{"line":41,"column":12},"end":{"line":41,"column":64}},"15":{"start":{"line":42,"column":15},"end":{"line":44,"column":9}},"16":{"start":{"line":43,"column":12},"end":{"line":43,"column":45}},"17":{"start":{"line":48,"column":8},"end":{"line":48,"column":73}},"18":{"start":{"line":53,"column":8},"end":{"line":66,"column":16}},"19":{"start":{"line":68,"column":8},"end":{"line":68,"column":49}},"20":{"start":{"line":73,"column":8},"end":{"line":86,"column":3}},"21":{"start":{"line":90,"column":8},"end":{"line":90,"column":42}},"22":{"start":{"line":91,"column":8},"end":{"line":91,"column":25}},"23":{"start":{"line":92,"column":8},"end":{"line":92,"column":33}},"24":{"start":{"line":93,"column":8},"end":{"line":93,"column":36}},"25":{"start":{"line":94,"column":8},"end":{"line":94,"column":27}},"26":{"start":{"line":95,"column":8},"end":{"line":95,"column":24}},"27":{"start":{"line":97,"column":8},"end":{"line":97,"column":87}},"28":{"start":{"line":98,"column":8},"end":{"line":98,"column":82}},"29":{"start":{"line":100,"column":8},"end":{"line":103,"column":9}},"30":{"start":{"line":101,"column":12},"end":{"line":101,"column":37}},"31":{"start":{"line":102,"column":12},"end":{"line":102,"column":20}},"32":{"start":{"line":105,"column":8},"end":{"line":105,"column":26}},"33":{"start":{"line":109,"column":8},"end":{"line":109,"column":50}},"34":{"start":{"line":111,"column":8},"end":{"line":114,"column":11}},"35":{"start":{"line":112,"column":12},"end":{"line":112,"column":57}},"36":{"start":{"line":113,"column":12},"end":{"line":113,"column":81}},"37":{"start":{"line":117,"column":8},"end":{"line":117,"column":50}},"38":{"start":{"line":118,"column":8},"end":{"line":125,"column":11}},"39":{"start":{"line":119,"column":12},"end":{"line":122,"column":13}},"40":{"start":{"line":120,"column":16},"end":{"line":120,"column":62}},"41":{"start":{"line":121,"column":16},"end":{"line":121,"column":85}},"42":{"start":{"line":124,"column":12},"end":{"line":124,"column":94}},"43":{"start":{"line":129,"column":8},"end":{"line":129,"column":50}},"44":{"start":{"line":131,"column":8},"end":{"line":140,"column":11}},"45":{"start":{"line":133,"column":12},"end":{"line":137,"column":13}},"46":{"start":{"line":135,"column":16},"end":{"line":135,"column":62}},"47":{"start":{"line":136,"column":16},"end":{"line":136,"column":85}},"48":{"start":{"line":139,"column":12},"end":{"line":139,"column":94}},"49":{"start":{"line":144,"column":8},"end":{"line":165,"column":14}},"50":{"start":{"line":148,"column":16},"end":{"line":148,"column":20}},"51":{"start":{"line":149,"column":16},"end":{"line":158,"column":17}},"52":{"start":{"line":150,"column":20},"end":{"line":153,"column":21}},"53":{"start":{"line":151,"column":24},"end":{"line":151,"column":45}},"54":{"start":{"line":152,"column":24},"end":{"line":152,"column":52}},"55":{"start":{"line":155,"column":20},"end":{"line":155,"column":65}},"56":{"start":{"line":156,"column":20},"end":{"line":156,"column":89}},"57":{"start":{"line":157,"column":20},"end":{"line":157,"column":32}},"58":{"start":{"line":159,"column":16},"end":{"line":164,"column":17}},"59":{"start":{"line":161,"column":20},"end":{"line":161,"column":46}},"60":{"start":{"line":161,"column":33},"end":{"line":161,"column":46}},"61":{"start":{"line":163,"column":20},"end":{"line":163,"column":51}},"62":{"start":{"line":171,"column":8},"end":{"line":174,"column":15}},"63":{"start":{"line":173,"column":16},"end":{"line":173,"column":75}},"64":{"start":{"line":179,"column":8},"end":{"line":195,"column":14}},"65":{"start":{"line":182,"column":16},"end":{"line":182,"column":20}},"66":{"start":{"line":183,"column":16},"end":{"line":188,"column":17}},"67":{"start":{"line":184,"column":20},"end":{"line":184,"column":34}},"68":{"start":{"line":186,"column":20},"end":{"line":186,"column":65}},"69":{"start":{"line":187,"column":20},"end":{"line":187,"column":89}},"70":{"start":{"line":190,"column":16},"end":{"line":194,"column":17}},"71":{"start":{"line":191,"column":20},"end":{"line":191,"column":33}},"72":{"start":{"line":192,"column":23},"end":{"line":194,"column":17}},"73":{"start":{"line":193,"column":20},"end":{"line":193,"column":32}},"74":{"start":{"line":197,"column":8},"end":{"line":200,"column":15}},"75":{"start":{"line":199,"column":16},"end":{"line":199,"column":69}},"76":{"start":{"line":204,"column":8},"end":{"line":204,"column":50}},"77":{"start":{"line":205,"column":8},"end":{"line":214,"column":9}},"78":{"start":{"line":206,"column":23},"end":{"line":206,"column":29}},"79":{"start":{"line":207,"column":23},"end":{"line":207,"column":29}},"80":{"start":{"line":208,"column":24},"end":{"line":208,"column":30}},"81":{"start":{"line":209,"column":21},"end":{"line":209,"column":27}},"82":{"start":{"line":210,"column":22},"end":{"line":210,"column":28}},"83":{"start":{"line":212,"column":12},"end":{"line":212,"column":64}},"84":{"start":{"line":213,"column":12},"end":{"line":213,"column":25}},"85":{"start":{"line":216,"column":8},"end":{"line":230,"column":14}},"86":{"start":{"line":218,"column":16},"end":{"line":218,"column":20}},"87":{"start":{"line":219,"column":16},"end":{"line":223,"column":17}},"88":{"start":{"line":220,"column":20},"end":{"line":220,"column":34}},"89":{"start":{"line":221,"column":20},"end":{"line":221,"column":65}},"90":{"start":{"line":222,"column":20},"end":{"line":222,"column":89}},"91":{"start":{"line":225,"column":16},"end":{"line":229,"column":17}},"92":{"start":{"line":226,"column":20},"end":{"line":226,"column":33}},"93":{"start":{"line":227,"column":23},"end":{"line":229,"column":17}},"94":{"start":{"line":228,"column":20},"end":{"line":228,"column":32}},"95":{"start":{"line":232,"column":8},"end":{"line":235,"column":15}},"96":{"start":{"line":234,"column":16},"end":{"line":234,"column":68}},"97":{"start":{"line":239,"column":8},"end":{"line":254,"column":14}},"98":{"start":{"line":242,"column":16},"end":{"line":242,"column":20}},"99":{"start":{"line":243,"column":16},"end":{"line":247,"column":17}},"100":{"start":{"line":244,"column":20},"end":{"line":244,"column":34}},"101":{"start":{"line":245,"column":20},"end":{"line":245,"column":65}},"102":{"start":{"line":246,"column":20},"end":{"line":246,"column":89}},"103":{"start":{"line":249,"column":16},"end":{"line":253,"column":17}},"104":{"start":{"line":250,"column":20},"end":{"line":250,"column":33}},"105":{"start":{"line":251,"column":23},"end":{"line":253,"column":17}},"106":{"start":{"line":252,"column":20},"end":{"line":252,"column":32}},"107":{"start":{"line":256,"column":8},"end":{"line":259,"column":15}},"108":{"start":{"line":258,"column":16},"end":{"line":258,"column":67}},"109":{"start":{"line":264,"column":8},"end":{"line":279,"column":14}},"110":{"start":{"line":267,"column":16},"end":{"line":267,"column":20}},"111":{"start":{"line":268,"column":16},"end":{"line":272,"column":17}},"112":{"start":{"line":269,"column":20},"end":{"line":269,"column":34}},"113":{"start":{"line":270,"column":20},"end":{"line":270,"column":65}},"114":{"start":{"line":271,"column":20},"end":{"line":271,"column":89}},"115":{"start":{"line":274,"column":16},"end":{"line":278,"column":17}},"116":{"start":{"line":275,"column":20},"end":{"line":275,"column":33}},"117":{"start":{"line":276,"column":23},"end":{"line":278,"column":17}},"118":{"start":{"line":277,"column":20},"end":{"line":277,"column":32}},"119":{"start":{"line":281,"column":8},"end":{"line":284,"column":15}},"120":{"start":{"line":283,"column":16},"end":{"line":283,"column":67}},"121":{"start":{"line":288,"column":8},"end":{"line":309,"column":14}},"122":{"start":{"line":292,"column":16},"end":{"line":292,"column":20}},"123":{"start":{"line":293,"column":16},"end":{"line":302,"column":17}},"124":{"start":{"line":295,"column":20},"end":{"line":295,"column":34}},"125":{"start":{"line":296,"column":20},"end":{"line":296,"column":65}},"126":{"start":{"line":297,"column":20},"end":{"line":297,"column":89}},"127":{"start":{"line":298,"column":23},"end":{"line":302,"column":17}},"128":{"start":{"line":299,"column":20},"end":{"line":299,"column":34}},"129":{"start":{"line":300,"column":20},"end":{"line":300,"column":65}},"130":{"start":{"line":301,"column":20},"end":{"line":301,"column":89}},"131":{"start":{"line":304,"column":16},"end":{"line":308,"column":17}},"132":{"start":{"line":305,"column":20},"end":{"line":305,"column":33}},"133":{"start":{"line":306,"column":23},"end":{"line":308,"column":17}},"134":{"start":{"line":307,"column":20},"end":{"line":307,"column":32}},"135":{"start":{"line":311,"column":8},"end":{"line":314,"column":15}},"136":{"start":{"line":313,"column":16},"end":{"line":313,"column":84}},"137":{"start":{"line":319,"column":0},"end":{"line":319,"column":26}}},"branchMap":{"1":{"line":38,"type":"if","locations":[{"start":{"line":38,"column":8},"end":{"line":38,"column":8}},{"start":{"line":38,"column":8},"end":{"line":38,"column":8}}]},"2":{"line":40,"type":"if","locations":[{"start":{"line":40,"column":15},"end":{"line":40,"column":15}},{"start":{"line":40,"column":15},"end":{"line":40,"column":15}}]},"3":{"line":42,"type":"if","locations":[{"start":{"line":42,"column":15},"end":{"line":42,"column":15}},{"start":{"line":42,"column":15},"end":{"line":42,"column":15}}]},"4":{"line":48,"type":"cond-expr","locations":[{"start":{"line":48,"column":45},"end":{"line":48,"column":55}},{"start":{"line":48,"column":58},"end":{"line":48,"column":71}}]},"5":{"line":75,"type":"cond-expr","
[...]
":293,"column":59},"end":{"line":293,"column":76}},{"start":{"line":293,"column":80},"end":{"line":293,"column":114}}]},"49":{"line":298,"type":"if","locations":[{"start":{"line":298,"column":23},"end":{"line":298,"column":23}},{"start":{"line":298,"column":23},"end":{"line":298,"column":23}}]},"50":{"line":298,"type":"binary-expr","locations":[{"start":{"line":298,"column":29},"end":{"line":298,"column":38}},{"start":{"line":298,"column":42},"end":{"line":298,"column":60}},{"start":{"line":298,"column":65},"end":{"line":298,"column":83}}]},"51":{"line":304,"type":"if","locations":[{"start":{"line":304,"column":16},"end":{"line":304,"column":16}},{"start":{"line":304,"column":16},"end":{"line":304,"column":16}}]},"52":{"line":304,"type":"binary-expr","locations":[{"start":{"line":304,"column":21},"end":{"line":304,"column":29}},{"start":{"line":304,"column":33},"end":{"line":304,"column":68}}]},"53":{"line":306,"type":"if","locations":[{"start":{"line":306,"column":23},"end":{"line":306,"column":23}},{"start":{"line":306,"column":23},"end":{"line":306,"column":23}}]},"54":{"line":306,"type":"binary-expr","locations":[{"start":{"line":306,"column":28},"end":{"line":306,"column":34}},{"start":{"line":306,"column":38},"end":{"line":306,"column":73}}]}}},"/root/PERSONAL_PROJECTS/duty/src/deletetodo.js":{"path":"/root/PERSONAL_PROJECTS/duty/src/deletetodo.js","s":{"1":0,"2":0,"3":0,"4":0,"5":0,"6":0,"7":0,"8":0,"9":0,"10":0,"11":0,"12":0,"13":0,"14":0,"15":0,"16":0,"17":0,"18":0,"19":0,"20":0,"21":0,"22":0,"23":0,"24":0,"25":0,"26":0,"27":0,"28":0,"29":0,"30":0,"31":0,"32":0,"33":0,"34":0,"35":0,"36":0,"37":0,"38":0,"39":0,"40":0,"41":0,"42":0,"43":0,"44":0,"45":0,"46":0,"47":0,"48":0,"49":0,"50":0,"51":0,"52":0,"53":0,"54":0,"55":0,"56":0,"57":0,"58":0,"59":0,"60":0,"61":0,"62":0,"63":0,"64":0,"65":1},"b":{"1":[0,0],"2":[0,0],"3":[0,0],"4":[0,0],"5":[0,0],"6":[0,0],"7":[0,0],"8":[0,0],"9":[0,0],"10":[0,0],"11":[0,0],"12":[0,0],"13":[0,0],"14":[0,0],"15":[0,0],"16":[0,0],"17":[0,0],"18":[0,0]},"f":{"1":0,"2":0,"3":0,"4":0,"5":0,"6":0,"7":0,"8":0},"fnMap":{"1":{"name":"(anonymous_1)","line":2,"loc":{"start":{"line":2,"column":15},"end":{"line":2,"column":18}}},"2":{"name":"(anonymous_2)","line":3,"loc":{"start":{"line":3,"column":21},"end":{"line":3,"column":24}}},"3":{"name":"(anonymous_3)","line":6,"loc":{"start":{"line":6,"column":16},"end":{"line":11,"column":7}}},"4":{"name":"(anonymous_4)","line":27,"loc":{"start":{"line":27,"column":7},"end":{"line":27,"column":10}}},"5":{"name":"(anonymous_5)","line":49,"loc":{"start":{"line":49,"column":8},"end":{"line":49,"column":11}}},"6":{"name":"(anonymous_6)","line":84,"loc":{"start":{"line":84,"column":13},"end":{"line":84,"column":16}}},"7":{"name":"(anonymous_7)","line":123,"loc":{"start":{"line":123,"column":8},"end":{"line":123,"column":11}}},"8":{"name":"(anonymous_8)","line":164,"loc":{"start":{"line":164,"column":12},"end":{"line":164,"column":15}}}},"statementMap":{"1":{"start":{"line":4,"column":8},"end":{"line":4,"column":32}},"2":{"start":{"line":13,"column":8},"end":{"line":16,"column":26}},"3":{"start":{"line":18,"column":8},"end":{"line":18,"column":25}},"4":{"start":{"line":19,"column":8},"end":{"line":19,"column":33}},"5":{"start":{"line":20,"column":8},"end":{"line":20,"column":35}},"6":{"start":{"line":21,"column":8},"end":{"line":21,"column":27}},"7":{"start":{"line":22,"column":8},"end":{"line":22,"column":24}},"8":{"start":{"line":23,"column":8},"end":{"line":23,"column":33}},"9":{"start":{"line":25,"column":8},"end":{"line":25,"column":26}},"10":{"start":{"line":29,"column":8},"end":{"line":36,"column":17}},"11":{"start":{"line":38,"column":8},"end":{"line":38,"column":34}},"12":{"start":{"line":40,"column":8},"end":{"line":40,"column":23}},"13":{"start":{"line":42,"column":8},"end":{"line":45,"column":11}},"14":{"start":{"line":47,"column":8},"end":{"line":47,"column":20}},"15":{"start":{"line":50,"column":8},"end":{"line":72,"column":14}},"16":{"start":{"line":65,"column":16},"end":{"line":65,"column":20}},"17":{"start":{"line":66,"column":16},"end":{"line":71,"column":17}},"18":{"start":{"line":67,"column":20},"end":{"line":67,"column":43}},"19":{"start":{"line":68,"column":20},"end":{"line":68,"column":32}},"20":{"start":{"line":69,"column":23},"end":{"line":71,"column":17}},"21":{"start":{"line":70,"column":20},"end":{"line":70,"column":33}},"22":{"start":{"line":74,"column":8},"end":{"line":82,"column":15}},"23":{"start":{"line":76,"column":16},"end":{"line":79,"column":19}},"24":{"start":{"line":81,"column":16},"end":{"line":81,"column":61}},"25":{"start":{"line":85,"column":8},"end":{"line":110,"column":14}},"26":{"start":{"line":98,"column":16},"end":{"line":98,"column":20}},"27":{"start":{"line":99,"column":16},"end":{"line":103,"column":17}},"28":{"start":{"line":100,"column":20},"end":{"line":100,"column":43}},"29":{"start":{"line":101,"column":20},"end":{"line":101,"column":36}},"30":{"start":{"line":102,"column":20},"end":{"line":102,"column":24}},"31":{"start":{"line":105,"column":16},"end":{"line":109,"column":17}},"32":{"start":{"line":106,"column":20},"end":{"line":106,"column":33}},"33":{"start":{"line":107,"column":23},"end":{"line":109,"column":17}},"34":{"start":{"line":108,"column":20},"end":{"line":108,"column":32}},"35":{"start":{"line":112,"column":8},"end":{"line":121,"column":15}},"36":{"start":{"line":114,"column":16},"end":{"line":117,"column":19}},"37":{"start":{"line":118,"column":16},"end":{"line":118,"column":76}},"38":{"start":{"line":120,"column":16},"end":{"line":120,"column":59}},"39":{"start":{"line":125,"column":8},"end":{"line":151,"column":14}},"40":{"start":{"line":139,"column":16},"end":{"line":139,"column":20}},"41":{"start":{"line":140,"column":16},"end":{"line":144,"column":17}},"42":{"start":{"line":141,"column":20},"end":{"line":141,"column":43}},"43":{"start":{"line":142,"column":20},"end":{"line":142,"column":34}},"44":{"start":{"line":143,"column":20},"end":{"line":143,"column":24}},"45":{"start":{"line":146,"column":16},"end":{"line":150,"column":17}},"46":{"start":{"line":147,"column":20},"end":{"line":147,"column":33}},"47":{"start":{"line":148,"column":23},"end":{"line":150,"column":17}},"48":{"start":{"line":149,"column":20},"end":{"line":149,"column":32}},"49":{"start":{"line":153,"column":8},"end":{"line":162,"column":15}},"50":{"start":{"line":155,"column":16},"end":{"line":158,"column":19}},"51":{"start":{"line":161,"column":16},"end":{"line":161,"column":84}},"52":{"start":{"line":165,"column":8},"end":{"line":193,"column":14}},"53":{"start":{"line":180,"column":16},"end":{"line":180,"column":20}},"54":{"start":{"line":182,"column":16},"end":{"line":186,"column":17}},"55":{"start":{"line":183,"column":20},"end":{"line":183,"column":43}},"56":{"start":{"line":184,"column":20},"end":{"line":184,"column":36}},"57":{"start":{"line":185,"column":20},"end":{"line":185,"column":24}},"58":{"start":{"line":188,"column":16},"end":{"line":192,"column":17}},"59":{"start":{"line":189,"column":20},"end":{"line":189,"column":33}},"60":{"start":{"line":190,"column":23},"end":{"line":192,"column":17}},"61":{"start":{"line":191,"column":20},"end":{"line":191,"column":32}},"62":{"start":{"line":195,"column":8},"end":{"line":203,"column":15}},"63":{"start":{"line":197,"column":16},"end":{"line":200,"column":19}},"64":{"start":{"line":202,"column":16},"end":{"line":202,"column":65}},"65":{"start":{"line":207,"column":0},"end":{"line":207,"column":28}}},"branchMap":{"1":{"line":66,"type":"if","locations":[{"start":{"line":66,"column":16},"end":{"line":66,"column":16}},{"start":{"line":66,"column":16},"end":{"line":66,"column":16}}]},"2":{"line":69,"type":"if","locations":[{"start":{"line":69,"column":23},"end":{"line":69,"column":23}},{"start":{"line":69,"column":23},"end":{"line":69,"column":23}}]},"3":{"line":99,"type":"if","locations":[{"start":{"line":99,"column":16},"end":{"line":99,"column":16}},{"start":{"line":99,"column":16},"end":{"line":99,"column":16}}]},"4":{"line":105,"type":"if","locations":[{"start":{"line":105,"column":16},"end":{"line":105,"column":16}},{"start":{"line":105,"column":16},"end":{"line":105,"column":16}}]},"5":{"line":105,"type":"binary-expr","locations":[{"start":{"line":105,"column":20},"end":{"line":105,"column":29}},{"start":{"line":105,"column":33},"end":{"line":105,"column":68}}]},"6":{"line":107,"type":"if","locations":[{"start":{"line":107,"column":23},"end":{"line":107,"column":23}},{"start":{"line":107,"column":23},"end":{"line":107,"column":23}}]},"7":{"line":107,"type":"binary-expr","locations":[{"start":{"line":107,"column":27},"end":{"line":107,"column":35}},{"start":{"line":107,"column":39},"end":{"line":107,"column":74}}]},"8":{"line":140,"type":"if","locations":[{"start":{"line":140,"column":16},"end":{"line":140,"column":16}},{"start":{"line":140,"column":16},"end":{"line":140,"column":16}}]},"9":{"line":146,"type":"if","locations":[{"start":{"line":146,"column":16},"end":{"line":146,"column":16}},{"start":{"line":146,"column":16},"end":{"line":146,"column":16}}]},"10":{"line":146,"type":"binary-expr","locations":[{"start":{"line":146,"column":20},"end":{"line":146,"column":27}},{"start":{"line":146,"column":31},"end":{"line":146,"column":66}}]},"11":{"line":148,"type":"if","locations":[{"start":{"line":148,"column":23},"end":{"line":148,"column":23}},{"start":{"line":148,"column":23},"end":{"line":148,"column":23}}]},"12":{"line":148,"type":"binary-expr","locations":[{"start":{"line":148,"column":27},"end":{"line":148,"column":33}},{"start":{"line":148,"column":37},"end":{"line":148,"column":72}}]},"13":{"line":182,"type":"if","locations":[{"start":{"line":182,"column":16},"end":{"line":182,"column":16}},{"start":{"line":182,"column":16},"end":{"line":182,"column":16}}]},"14":{"line":182,"type":"binary-expr","locations":[{"start":{"line":182,"column":20},"end":{"line":182,"column":29}},{"start":{"line":182,"column":33},"end":{"line":182,"column":61}}]},"15":{"line":188,"type":"if","locations":[{"start":{"line":188,"column":16},"end":{"line":188,"column":16}},{"start":{"line":188,"column":16},"end":{"line":188,"column":16}}]},"16":{"line":188,"type":"binary-expr","locations":[{"start":{"line":188,"column":20},"end":{"line":188,"column":55}},{"start":{"line":188,"column":60},"end":{"line":188,"column":69}}]},"17":{"line":190,"type":"if","locations":[{"start":{"line":190,"column":23},"end":{"line":190,"column":23}},{"start":{"line":190,"column":23},"end":{"line":190,"column":23}}]},"18":{"line":190,"type":"binary-expr","locations":[{"start":{"line":190,"column":27},"end":{"line":190,"column":62}},{"start":{"line":190,"column":67},"end":{"line":190,"column":75}}]}}},"/root/PERSONAL_PROJECTS/duty/src/exporttodo.js":{"path":"/root/PERSONAL_PROJECTS/duty/src/exporttodo.js","s":{"1":1,"2":1,"3":1,"4":1,"5":0,"6":0,"7":0,"8":0,"9":0,"10":0,"11":0,"12":0,"13":0,"14":0,"15":0,"16":0,"17":0,"18":0,"19":0,"20":0,"21":0,"22":0,"23":0,"24":0,"25":0,"26":0,"27":0,"28":0,"29":0,"30":0,"31":0,"32":0,"33":0,"34":0,"35":0,"36":0,"37":0,"38":0,"39":0,"40":0,"41":0,"42":0,"43":0,"44":0,"45":0,"46":0,"47":0,"48":0,"49":0,"50":0,"51":0,"52":0,"53":0,"54":0,"55":0,"56":0,"57":0,"58":0,"59":0,"60":0,"61":0,"62":0,"63":0,"64":0,"65":0,"66":0,"67":1},"b":{"1":[0,0],"2":[0,0],"3":[0,0],"4":[0,0],"5":[0,0],"6":[0,0],"7":[0,0]},"f":{"1":0,"2":0,"3":0,"4":0,"5":0,"6":0,"7":0,"8":0},"fnMap":{"1":{"name":"(anonymous_1)","line":8,"loc":{"start":{"line":8,"column":15},"end":{"line":8,"column":18}}},"2":{"name":"(anonymous_2)","line":10,"loc":{"start":{"line":10,"column":23},"end":{"line":10,"column":26}}},"3":{"name":"(anonymous_3)","line":13,"loc":{"start":{"line":13,"column":10},"end":{"line":13,"column":38}}},"4":{"name":"(anonymous_4)","line":24,"loc":{"start":{"line":24,"column":20},"end":{"line":24,"column":46}}},"5":{"name":"(anonymous_5)","line":35,"loc":{"start":{"line":35,"column":23},"end":{"line":35,"column":45}}},"6":{"name":"(anonymous_6)","line":54,"loc":{"start":{"line":54,"column":8},"end":{"line":54,"column":11}}},"7":{"name":"(anonymous_7)","line":129,"loc":{"start":{"line":129,"column":8},"end":{"line":129,"column":11}}},"8":{"name":"(anonymous_8)","line":141,"loc":{"start":{"line":141,"column":7},"end":{"line":141,"column":10}}}},"statementMap":{"1":{"start":{"line":1,"column":0},"end":{"line":1,"column":37}},"2":{"start":{"line":2,"column":0},"end":{"line":2,"column":89}},"3":{"start":{"line":3,"column":0},"end":{"line":3,"column":47}},"4":{"start":{"line":4,"column":0},"end":{"line":4,"column":25}},"5":{"start":{"line":11,"column":8},"end":{"line":11,"column":32}},"6":{"start":{"line":14,"column":8},"end":{"line":14,"column":25}},"7":{"start":{"line":15,"column":8},"end":{"line":15,"column":33}},"8":{"start":{"line":16,"column":8},"end":{"line":16,"column":26}},"9":{"start":{"line":17,"column":8},"end":{"line":18,"column":39}},"10":{"start":{"line":20,"column":8},"end":{"line":20,"column":44}},"11":{"start":{"line":21,"column":8},"end":{"line":21,"column":26}},"12":{"start":{"line":26,"column":8},"end":{"line":31,"column":2}},"13":{"start":{"line":33,"column":8},"end":{"line":33,"column":26}},"14":{"start":{"line":37,"column":8},"end":{"line":37,"column":39}},"15":{"start":{"line":39,"column":8},"end":{"line":47,"column":9}},"16":{"start":{"line":41,"column":12},"end":{"line":45,"column":2}},"17":{"start":{"line":49,"column":8},"end":{"line":49,"column":43}},"18":{"start":{"line":51,"column":8},"end":{"line":51,"column":26}},"19":{"start":{"line":55,"column":8},"end":{"line":67,"column":2}},"20":{"start":{"line":69,"column":8},"end":{"line":69,"column":33}},"21":{"start":{"line":72,"column":8},"end":{"line":110,"column":14}},"22":{"start":{"line":75,"column":16},"end":{"line":75,"column":20}},"23":{"start":{"line":76,"column":16},"end":{"line":76,"column":35}},"24":{"start":{"line":77,"column":16},"end":{"line":83,"column":2}},"25":{"start":{"line":85,"column":16},"end":{"line":91,"column":17}},"26":{"start":{"line":87,"column":20},"end":{"line":87,"column":50}},"27":{"start":{"line":87,"column":40},"end":{"line":87,"column":50}},"28":{"start":{"line":88,"column":20},"end":{"line":88,"column":71}},"29":{"start":{"line":90,"column":20},"end":{"line":90,"column":43}},"30":{"start":{"line":93,"column":16},"end":{"line":93,"column":40}},"31":{"start":{"line":95,"column":16},"end":{"line":95,"column":49}},"32":{"start":{"line":97,"column":16},"end":{"line":97,"column":31}},"33":{"start":{"line":99,"column":16},"end":{"line":109,"column":17}},"34":{"start":{"line":101,"column":20},"end":{"line":105,"column":2}},"35":{"start":{"line":106,"column":20},"end":{"line":106,"column":53}},"36":{"start":{"line":108,"column":20},"end":{"line":108,"column":32}},"37":{"start":{"line":112,"column":8},"end":{"line":127,"column":15}},"38":{"start":{"line":115,"column":16},"end":{"line":117,"column":18}},"39":{"start":{"line":119,"column":16},"end":{"line":121,"column":18}},"40":{"start":{"line":123,"column":16},"end":{"line":123,"column":59}},"41":{"start":{"line":126,"column":16},"end":{"line":126,"column":76}},"42":{"start":{"line":131,"column":8},"end":{"line":131,"column":72}},"43":{"start":{"line":133,"column":8},"end":{"line":138,"column":9}},"44":{"start":{"line":134,"column":12},"end":{"line":134,"column":75}},"45":{"start":{"line":135,"column":12},"end":{"line":135,"column":55}},"46":{"start":{"line":137,"column":12},"end":{"line":137,"column":72}},"47":{"start":{"line":142,"column":8},"end":{"line":145,"column":2}},"48":{"start":{"line":147,"column":8},"end":{"line":147,"column":33}},"49":{"start":{"line":149,"column":8},"end":{"line":191,"column":14}},"50":{"start":{"line":153,"column":16},"end":{"line":153,"column":20}},"51":{"start":{"line":155,"column":16},"end":{"line":155,"column":35}},"52":{"start":{"line":157,"column":16},"end":{"line":159,"column":2}},"53":{"start":{"line":160,"column":16},"end":{"line":171,"column":17}},"54":{"start":{"line":162,"column":20},"end":{"line":162,"column":50}},"55":{"start":{"line":162,"column":40},"end":{"line":162,"column":50}},"56":{"start":{"line":164,"column":20},"end":{"line":170,"column":2}},"57":{"start":{"line":174,"column":16},"end":{"line":176,"column":2}},"58":{"start":{"line":178,"column":16},"end":{"line":178,"column":49}},"59":{"start":{"line":180,"column":16},"end":{"line":180,"column":31}},"60":{"start":{"line":182,"column":16},"end":{"line":190,"column":17}},"61":{"start":{"line":184,"column":20},"end":{"line":186,"column":2}},"62":{"start":{"line":187,"column":20},"end":{"line":187,"column":53}},"63":{"start":{"line":189,"column":20},"end":{"line":189,"column":32}},"64":{"start":{"line":193,"column":8},"end":{"line":199,"column":15}},"65":{"start":{"line":195,"column":16},"end":{"line":195,"column":59}},"66":{"start":{"line":198,"column":16},"end":{"line":198,"column":75}},"67":{"start":{"line":204,"column":0},"end":{"line":204,"column":28}}},"branchMap":{"1":{"line":17,"type":"cond-expr","locations":[{"start":{"line":18,"column":14},"end":{"line":18,"column":31}},{"start":{"line":18,"column":34},"end":{"line":18,"column":38}}]},"2":{"line":29,"type":"cond-expr","locations":[{"start":{"line":29,"column":29},"end":{"line":29,"column":69}},{"start":{"line":29,"column":72},"end":{"line":29,"column":77}}]},"3":{"line":87,"type":"if","locations":[{"start":{"line":87,"column":20},"end":{"line":87,"column":20}},{"start":{"line":87,"column":20},"end":{"line":87,"column":20}}]},"4":{"line":99,"type":"if","locations":[{"start":{"line":99,"column":16},"end":{"line":99,"column":16}},{"start":{"line":99,"column":16},"end":{"line":99,"column":16}}]},"5":{"line":162,"type":"if","locations":[{"start":{"line":162,"column":20},"end":{"line":162,"column":20}},{"start":{"line":162,"column":20},"end":{"line":162,"column":20}}]},"6":{"line":166,"type":"cond-expr","locations":[{"start":{"line":167,"column":10},"end":{"line":167,"column":58}},{"start":{"line":168,"column":10},"end":{"line":168,"column":14}}]},"7":{"line":182,"type":"if","locations":[{"start":{"line":182,"column":16},"end":{"line":182,"column":16}},{"start":{"line":182,"column":16},"end":{"line":182,"column":16}}]}}},"/root/PERSONAL_PROJECTS/duty/src/daemon.js":{"path":"/root/PERSONAL_PROJECTS/duty/src/daemon.js","s":{"1":1,"2":1,"3":1,"4":0,"5":0,"6":0,"7":0,"8":0,"9":0,"10":0,"11":0,"12":0,"13":0},"b":{},"f":{"1":0,"2":0,"3":0,"4":0,"5":0,"6":0},"fnMap":{"1":{"name":"(anonymous_1)","line":5,"loc":{"start":{"line":5,"column":23},"end":{"line":5,"column":34}}},"2":{"name":"(anonymous_2)","line":12,"loc":{"start":{"line":12,"column":15},"end":{"line":12,"column":18}}},"3":{"name":"(anonymous_3)","line":15,"loc":{"start":{"line":15,"column":26},"end":{"line":15,"column":29}}},"4":{"name":"(anonymous_4)","line":27,"loc":{"start":{"line":27,"column":16},"end":{"line":27,"column":19}}},"5":{"name":"(anonymous_5)","line":30,"loc":{"start":{"line":30,"column":18},"end":{"line":30,"column":21}}},"6":{"name":"(anonymous_6)","line":33,"loc":{"start":{"line":33,"column":17},"end":{"line":33,"column":20}}}},"statementMap":{"1":{"start":{"line":1,"column":0},"end":{"line":1,"column":25}},"2":{"start":{"line":2,"column":0},"end":{"line":2,"column":36}},"3":{"start":{"line":4,"column":0},"end":{"line":36,"column":2}},"4":{"start":{"line":10,"column":8},"end":{"line":10,"column":27}},"5":{"start":{"line":13,"column":8},"end":{"line":13,"column":73}},"6":{"start":{"line":16,"column":8},"end":{"line":16,"column":22}},"7":{"start":{"line":17,"column":8},"end":{"line":22,"column":9}},"8":{"start":{"line":18,"column":12},"end":{"line":18,"column":57}},"9":{"start":{"line":20,"column":12},"end":{"line":20,"column":28}},"10":{"start":{"line":21,"column":12},"end":{"line":21,"column":62}},"11":{"start":{"line":24,"column":8},"end":{"line":24,"column":20}},"12":{"start":{"line":28,"column":8},"end":{"line":28,"column":40}},"13":{"start":{"line":34,"column":8},"end":{"line":34,"column":40}}},"branchMap":{}}}