TN:
SF:/root/PERSONAL_PROJECTS/duty/src/utils.js
FN:31,isExists
FN:47,addOption
FN:73,appendOption
FN:95,replaceOption
FN:115,markCompletedOption
FN:137,noteOption
FN:156,removenoteOption
FN:175,dueOption
FN:193,urgencyOption
FN:214,readOption
FN:235,priorityOption
FN:255,categorizeOption
FN:276,setnotifyOption
FN:297,editOption
FN:318,deleteOption
FN:340,exportOption
FN:380,execDaemonOption
FNF:17
FNH:17
FNDA:2,isExists
FNDA:20,addOption
FNDA:3,appendOption
FNDA:4,replaceOption
FNDA:4,markCompletedOption
FNDA:3,noteOption
FNDA:3,removenoteOption
FNDA:5,dueOption
FNDA:9,urgencyOption
FNDA:24,readOption
FNDA:5,priorityOption
FNDA:3,categorizeOption
FNDA:14,setnotifyOption
FNDA:3,editOption
FNDA:15,deleteOption
FNDA:5,exportOption
FNDA:1,execDaemonOption
DA:1,1
DA:2,1
DA:3,1
DA:4,1
DA:5,1
DA:7,1
DA:8,127
DA:11,1
DA:12,92
DA:14,1
DA:15,3
DA:21,1
DA:23,7
DA:24,7
DA:26,7
DA:28,1
DA:29,2
DA:31,1
DA:33,2
DA:35,2
DA:38,0
DA:42,2
DA:47,1
DA:48,20
DA:51,20
DA:54,20
DA:61,20
DA:63,20
DA:67,0
DA:68,0
DA:73,1
DA:75,3
DA:77,3
DA:79,1
DA:84,1
DA:86,1
DA:89,2
DA:95,1
DA:97,4
DA:99,4
DA:101,2
DA:106,2
DA:108,2
DA:111,2
DA:115,1
DA:117,4
DA:119,4
DA:121,2
DA:126,2
DA:128,2
DA:132,2
DA:137,1
DA:138,3
DA:139,3
DA:141,1
DA:146,1
DA:148,1
DA:151,2
DA:156,1
DA:157,3
DA:158,3
DA:160,1
DA:165,1
DA:167,1
DA:170,2
DA:175,1
DA:176,5
DA:178,5
DA:181,2
DA:186,2
DA:187,2
DA:189,3
DA:193,1
DA:194,9
DA:196,9
DA:199,5
DA:204,5
DA:206,5
DA:209,4
DA:210,4
DA:214,1
DA:216,24
DA:218,24
DA:220,16
DA:221,16
DA:222,34
DA:223,34
DA:226,16
DA:229,8
DA:230,8
DA:235,1
DA:236,5
DA:238,5
DA:240,2
DA:245,2
DA:247,2
DA:250,3
DA:251,3
DA:255,1
DA:257,3
DA:259,3
DA:262,1
DA:267,1
DA:268,1
DA:271,2
DA:272,2
DA:276,1
DA:278,14
DA:280,14
DA:283,10
DA:288,10
DA:290,10
DA:292,4
DA:293,4
DA:297,1
DA:299,3
DA:302,3
DA:304,1
DA:309,1
DA:310,1
DA:313,2
DA:314,2
DA:318,1
DA:320,15
DA:323,15
DA:325,7
DA:330,7
DA:332,7
DA:335,8
DA:336,8
DA:340,1
DA:342,5
DA:344,5
DA:347,3
DA:349,3
DA:351,1
DA:353,1
DA:357,1
DA:359,1
DA:361,1
DA:362,1
DA:365,2
DA:366,1
DA:369,2
DA:371,2
DA:374,2
DA:375,2
DA:380,1
DA:382,1
DA:384,0
DA:385,0
DA:387,1
DA:388,1
DA:391,1
LF:154
LH:149
BRDA:12,1,0,0
BRDA:12,1,1,92
BRDA:35,2,0,0
BRDA:35,2,1,2
BRDA:35,3,0,2
BRDA:35,3,1,1
BRDA:35,3,2,1
BRDA:38,4,0,0
BRDA:38,4,1,0
BRDA:223,5,0,0
BRDA:223,5,1,34
BRDA:349,6,0,1
BRDA:349,6,1,2
BRDA:349,7,0,3
BRDA:349,7,1,3
BRDA:365,8,0,1
BRDA:365,8,1,1
BRF:17
BRH:12
end_of_record
TN:
SF:/root/PERSONAL_PROJECTS/duty/src/duty.js
FN:27,(anonymous_1)
FN:42,(anonymous_2)
FN:66,(anonymous_3)
FN:69,(anonymous_4)
FN:110,(anonymous_5)
FN:115,(anonymous_6)
FN:118,(anonymous_7)
FN:121,(anonymous_8)
FN:124,(anonymous_9)
FN:127,(anonymous_10)
FN:130,(anonymous_11)
FN:133,(anonymous_12)
FN:136,(anonymous_13)
FN:139,(anonymous_14)
FN:142,(anonymous_15)
FN:145,(anonymous_16)
FN:148,(anonymous_17)
FN:151,(anonymous_18)
FN:154,(anonymous_19)
FN:157,(anonymous_20)
FN:160,(anonymous_21)
FN:163,(anonymous_22)
FN:260,(anonymous_23)
FN:263,(anonymous_24)
FN:266,(anonymous_25)
FN:273,(anonymous_26)
FN:329,(anonymous_27)
FN:341,(anonymous_28)
FN:370,(anonymous_29)
FN:414,(anonymous_30)
FN:456,(anonymous_31)
FN:491,(anonymous_32)
FN:537,(anonymous_33)
FN:571,(anonymous_34)
FN:612,(anonymous_35)
FN:652,(anonymous_36)
FN:733,(anonymous_37)
FN:780,(anonymous_38)
FN:825,(anonymous_39)
FN:869,(anonymous_40)
FN:900,(anonymous_41)
FN:903,(anonymous_42)
FN:906,(anonymous_43)
FN:953,(anonymous_44)
FN:991,(anonymous_45)
FN:1000,(anonymous_46)
FN:1012,(anonymous_47)
FNF:47
FNH:42
FNDA:84,(anonymous_1)
FNDA:12,(anonymous_2)
FNDA:0,(anonymous_3)
FNDA:4,(anonymous_4)
FNDA:20,(anonymous_5)
FNDA:1,(anonymous_6)
FNDA:18,(anonymous_7)
FNDA:0,(anonymous_8)
FNDA:2,(anonymous_9)
FNDA:2,(anonymous_10)
FNDA:1,(anonymous_11)
FNDA:17,(anonymous_12)
FNDA:1,(anonymous_13)
FNDA:1,(anonymous_14)
FNDA:2,(anonymous_15)
FNDA:2,(anonymous_16)
FNDA:5,(anonymous_17)
FNDA:2,(anonymous_18)
FNDA:1,(anonymous_19)
FNDA:10,(anonymous_20)
FNDA:1,(anonymous_21)
FNDA:87,(anonymous_22)
FNDA:0,(anonymous_23)
FNDA:12,(anonymous_24)
FNDA:55,(anonymous_25)
FNDA:20,(anonymous_26)
FNDA:87,(anonymous_27)
FNDA:20,(anonymous_28)
FNDA:3,(anonymous_29)
FNDA:4,(anonymous_30)
FNDA:4,(anonymous_31)
FNDA:3,(anonymous_32)
FNDA:3,(anonymous_33)
FNDA:24,(anonymous_34)
FNDA:15,(anonymous_35)
FNDA:9,(anonymous_36)
FNDA:5,(anonymous_37)
FNDA:3,(anonymous_38)
FNDA:5,(anonymous_39)
FNDA:5,(anonymous_40)
FNDA:13,(anonymous_41)
FNDA:12,(anonymous_42)
FNDA:14,(anonymous_43)
FNDA:3,(anonymous_44)
FNDA:1,(anonymous_45)
FNDA:0,(anonymous_46)
FNDA:0,(anonymous_47)
DA:1,1
DA:2,1
DA:3,1
DA:4,1
DA:5,1
DA:6,1
DA:9,1
DA:10,1
DA:12,1
DA:17,1
DA:19,1
DA:23,1
DA:34,84
DA:44,12
DA:46,12
DA:47,1
DA:50,11
DA:53,11
DA:59,8
DA:62,3
DA:67,0
DA:79,4
DA:81,2
DA:82,2
DA:84,1
DA:85,1
DA:87,1
DA:88,1
DA:90,0
DA:93,4
DA:99,4
DA:100,4
DA:101,4
DA:108,4
DA:113,20
DA:116,1
DA:119,18
DA:122,0
DA:125,2
DA:128,2
DA:131,1
DA:134,17
DA:137,1
DA:140,1
DA:143,2
DA:146,2
DA:149,5
DA:152,2
DA:155,1
DA:158,10
DA:161,1
DA:165,87
DA:167,87
DA:169,87
DA:176,87
DA:178,87
DA:187,469
DA:189,469
DA:191,1
DA:192,1
DA:194,0
DA:195,0
DA:197,2
DA:198,2
DA:200,18
DA:201,18
DA:203,1
DA:204,1
DA:206,17
DA:207,17
DA:209,2
DA:210,2
DA:212,2
DA:213,2
DA:215,1
DA:216,1
DA:218,1
DA:219,1
DA:221,2
DA:222,2
DA:224,5
DA:225,5
DA:227,2
DA:228,2
DA:230,1
DA:231,1
DA:233,10
DA:234,10
DA:236,1
DA:237,1
DA:239,6
DA:240,6
DA:242,1
DA:243,1
DA:246,396
DA:247,16
DA:248,380
DA:249,3
DA:252,396
DA:254,469
DA:261,0
DA:264,12
DA:270,55
DA:271,55
DA:285,20
DA:287,20
DA:289,20
DA:294,20
DA:305,20
DA:307,20
DA:311,0
DA:313,0
DA:314,0
DA:318,20
DA:323,20
DA:324,20
DA:326,0
DA:330,87
DA:337,87
DA:338,469
DA:347,20
DA:349,20
DA:350,3
DA:352,17
DA:354,17
DA:357,122
DA:359,122
DA:360,0
DA:361,0
DA:362,122
DA:363,17
DA:367,17
DA:375,3
DA:376,1
DA:379,2
DA:390,4
DA:391,4
DA:393,1
DA:395,1
DA:404,1
DA:405,3
DA:408,1
DA:412,2
DA:419,4
DA:420,1
DA:423,3
DA:427,3
DA:435,9
DA:436,9
DA:438,2
DA:440,2
DA:448,2
DA:449,7
DA:450,1
DA:454,3
DA:460,4
DA:462,1
DA:465,3
DA:476,18
DA:477,18
DA:478,2
DA:481,2
DA:482,16
DA:483,0
DA:484,16
DA:485,1
DA:489,3
DA:495,3
DA:496,1
DA:499,2
DA:512,4
DA:513,4
DA:515,1
DA:519,1
DA:521,3
DA:523,0
DA:525,0
DA:528,0
DA:529,3
DA:530,1
DA:534,2
DA:541,3
DA:542,1
DA:545,2
DA:558,4
DA:559,4
DA:560,1
DA:561,1
DA:562,3
DA:563,0
DA:564,3
DA:565,1
DA:569,2
DA:574,24
DA:579,24
DA:581,1
DA:583,23
DA:585,1
DA:587,22
DA:589,2
DA:593,20
DA:595,20
DA:596,20
DA:601,20
DA:609,1
DA:614,15
DA:618,15
DA:620,1
DA:622,14
DA:624,1
DA:626,13
DA:628,1
DA:630,12
DA:632,1
DA:634,11
DA:636,1
DA:640,10
DA:641,10
DA:643,10
DA:645,10
DA:649,1
DA:657,9
DA:658,1
DA:661,8
DA:663,8
DA:665,3
DA:667,1
DA:669,1
DA:671,1
DA:673,1
DA:675,1
DA:683,7
DA:694,21
DA:695,21
DA:697,5
DA:698,1
DA:701,4
DA:703,4
DA:707,4
DA:708,16
DA:710,1
DA:712,1
DA:714,1
DA:719,1
DA:721,15
DA:723,1
DA:729,7
DA:738,5
DA:739,1
DA:742,4
DA:744,2
DA:746,1
DA:748,1
DA:752,3
DA:762,18
DA:763,18
DA:765,2
DA:769,2
DA:771,16
DA:773,1
DA:778,3
DA:785,3
DA:786,1
DA:789,2
DA:803,17
DA:804,17
DA:806,1
DA:807,1
DA:809,1
DA:813,1
DA:815,16
DA:817,1
DA:822,2
DA:830,5
DA:832,1
DA:834,4
DA:836,1
DA:840,3
DA:850,8
DA:851,8
DA:853,2
DA:857,2
DA:860,6
DA:862,1
DA:867,3
DA:874,5
DA:876,5
DA:880,5
DA:882,5
DA:884,5
DA:886,5
DA:895,1
DA:901,13
DA:904,12
DA:911,14
DA:913,1
DA:916,13
DA:918,1
DA:921,12
DA:923,1
DA:926,11
DA:936,65
DA:937,65
DA:939,10
DA:943,10
DA:945,55
DA:946,7
DA:950,11
DA:955,3
DA:956,1
DA:959,2
DA:969,25
DA:970,25
DA:971,1
DA:972,1
DA:980,1
DA:981,24
DA:982,1
DA:988,2
DA:992,1
DA:993,1
DA:996,1
DA:1002,0
DA:1004,0
DA:1006,0
DA:1020,0
DA:1022,0
DA:1023,0
DA:1038,0
DA:1039,0
DA:1045,1
LF:331
LH:306
BRDA:46,1,0,1
BRDA:46,1,1,11
BRDA:53,2,0,8
BRDA:53,2,1,3
BRDA:55,3,0,11
BRDA:55,3,1,11
BRDA:55,3,2,8
BRDA:55,3,3,8
BRDA:55,3,4,8
BRDA:79,4,0,2
BRDA:79,4,1,1
BRDA:79,4,2,1
BRDA:79,4,3,0
BRDA:113,5,0,17
BRDA:113,5,1,3
BRDA:176,6,0,1
BRDA:176,6,1,86
BRDA:189,7,0,1
BRDA:189,7,1,0
BRDA:189,7,2,2
BRDA:189,7,3,18
BRDA:189,7,4,1
BRDA:189,7,5,17
BRDA:189,7,6,2
BRDA:189,7,7,2
BRDA:189,7,8,1
BRDA:189,7,9,1
BRDA:189,7,10,2
BRDA:189,7,11,5
BRDA:189,7,12,2
BRDA:189,7,13,1
BRDA:189,7,14,10
BRDA:189,7,15,1
BRDA:189,7,16,6
BRDA:189,7,17,1
BRDA:189,7,18,396
BRDA:246,8,0,16
BRDA:246,8,1,380
BRDA:246,9,0,396
BRDA:246,9,1,16
BRDA:248,10,0,3
BRDA:248,10,1,377
BRDA:248,11,0,380
BRDA:248,11,1,3
BRDA:305,12,0,20
BRDA:305,12,1,0
BRDA:305,13,0,20
BRDA:305,13,1,20
BRDA:311,14,0,0
BRDA:311,14,1,0
BRDA:311,15,0,0
BRDA:311,15,1,0
BRDA:323,16,0,20
BRDA:323,16,1,0
BRDA:349,17,0,3
BRDA:349,17,1,17
BRDA:359,18,0,0
BRDA:359,18,1,122
BRDA:362,19,0,17
BRDA:362,19,1,105
BRDA:362,20,0,122
BRDA:362,20,1,17
BRDA:375,21,0,1
BRDA:375,21,1,2
BRDA:391,22,0,1
BRDA:391,22,1,3
BRDA:405,23,0,1
BRDA:405,23,1,2
BRDA:419,24,0,1
BRDA:419,24,1,3
BRDA:436,25,0,2
BRDA:436,25,1,7
BRDA:449,26,0,1
BRDA:449,26,1,6
BRDA:460,27,0,1
BRDA:460,27,1,3
BRDA:477,28,0,2
BRDA:477,28,1,16
BRDA:477,29,0,18
BRDA:477,29,1,2
BRDA:482,30,0,0
BRDA:482,30,1,16
BRDA:482,31,0,16
BRDA:482,31,1,0
BRDA:484,32,0,1
BRDA:484,32,1,15
BRDA:495,33,0,1
BRDA:495,33,1,2
BRDA:513,34,0,1
BRDA:513,34,1,3
BRDA:513,35,0,4
BRDA:513,35,1,1
BRDA:521,36,0,0
BRDA:521,36,1,3
BRDA:521,37,0,3
BRDA:521,37,1,0
BRDA:529,38,0,1
BRDA:529,38,1,2
BRDA:541,39,0,1
BRDA:541,39,1,2
BRDA:559,40,0,1
BRDA:559,40,1,3
BRDA:559,41,0,4
BRDA:559,41,1,1
BRDA:562,42,0,0
BRDA:562,42,1,3
BRDA:562,43,0,3
BRDA:562,43,1,0
BRDA:564,44,0,1
BRDA:564,44,1,2
BRDA:579,45,0,1
BRDA:579,45,1,23
BRDA:579,46,0,24
BRDA:579,46,1,6
BRDA:579,46,2,3
BRDA:583,47,0,1
BRDA:583,47,1,22
BRDA:583,48,0,23
BRDA:583,48,1,2
BRDA:587,49,0,2
BRDA:587,49,1,20
BRDA:587,50,0,22
BRDA:587,50,1,18
BRDA:587,50,2,6
BRDA:587,51,0,6
BRDA:587,51,1,2
BRDA:618,52,0,1
BRDA:618,52,1,14
BRDA:618,53,0,15
BRDA:618,53,1,3
BRDA:622,54,0,1
BRDA:622,54,1,13
BRDA:622,55,0,14
BRDA:622,55,1,2
BRDA:626,56,0,1
BRDA:626,56,1,12
BRDA:626,57,0,13
BRDA:626,57,1,6
BRDA:630,58,0,1
BRDA:630,58,1,11
BRDA:630,59,0,12
BRDA:630,59,1,5
BRDA:634,60,0,1
BRDA:634,60,1,10
BRDA:634,61,0,11
BRDA:634,61,1,2
BRDA:657,62,0,1
BRDA:657,62,1,8
BRDA:663,63,0,3
BRDA:663,63,1,1
BRDA:663,63,2,1
BRDA:663,63,3,1
BRDA:663,63,4,1
BRDA:663,63,5,1
BRDA:695,64,0,5
BRDA:695,64,1,16
BRDA:695,65,0,21
BRDA:695,65,1,6
BRDA:697,66,0,1
BRDA:697,66,1,4
BRDA:708,67,0,1
BRDA:708,67,1,15
BRDA:708,68,0,16
BRDA:708,68,1,1
BRDA:721,69,0,1
BRDA:721,69,1,14
BRDA:738,70,0,1
BRDA:738,70,1,4
BRDA:742,71,0,2
BRDA:742,71,1,1
BRDA:742,71,2,1
BRDA:763,72,0,2
BRDA:763,72,1,16
BRDA:771,73,0,1
BRDA:771,73,1,15
BRDA:785,74,0,1
BRDA:785,74,1,2
BRDA:804,75,0,1
BRDA:804,75,1,16
BRDA:815,76,0,1
BRDA:815,76,1,15
BRDA:830,77,0,1
BRDA:830,77,1,4
BRDA:834,78,0,1
BRDA:834,78,1,3
BRDA:851,79,0,2
BRDA:851,79,1,6
BRDA:860,80,0,1
BRDA:860,80,1,5
BRDA:874,81,0,5
BRDA:874,81,1,0
BRDA:874,82,0,5
BRDA:874,82,1,0
BRDA:901,83,0,13
BRDA:901,83,1,6
BRDA:911,84,0,1
BRDA:911,84,1,13
BRDA:916,85,0,1
BRDA:916,85,1,12
BRDA:921,86,0,1
BRDA:921,86,1,11
BRDA:937,87,0,10
BRDA:937,87,1,55
BRDA:945,88,0,7
BRDA:945,88,1,48
BRDA:955,89,0,1
BRDA:955,89,1,2
BRDA:970,90,0,1
BRDA:970,90,1,24
BRDA:981,91,0,1
BRDA:981,91,1,23
BRDA:1020,92,0,0
BRDA:1020,92,1,0
BRF:213
BRH:194
end_of_record
TN:
SF:/root/PERSONAL_PROJECTS/duty/src/readtodo.js
FN:9,(anonymous_1)
FN:10,(anonymous_2)
FN:13,(anonymous_3)
FN:27,(anonymous_4)
FN:46,(anonymous_5)
FN:50,(anonymous_6)
FN:88,(anonymous_7)
FN:109,(anonymous_8)
FN:126,(anonymous_9)
FN:146,(anonymous_10)
FN:169,(anonymous_11)
FN:178,(anonymous_12)
FN:204,(anonymous_13)
FN:223,(anonymous_14)
FN:253,(anonymous_15)
FN:272,(anonymous_16)
FN:292,(anonymous_17)
FNF:17
FNH:12
FNDA:20,(anonymous_1)
FNDA:20,(anonymous_2)
FNDA:0,(anonymous_3)
FNDA:0,(anonymous_4)
FNDA:0,(anonymous_5)
FNDA:0,(anonymous_6)
FNDA:20,(anonymous_7)
FNDA:3,(anonymous_8)
FNDA:2,(anonymous_9)
FNDA:0,(anonymous_10)
FNDA:76,(anonymous_11)
FNDA:1,(anonymous_12)
FNDA:2,(anonymous_13)
FNDA:6,(anonymous_14)
FNDA:1,(anonymous_15)
FNDA:1,(anonymous_16)
FNDA:3,(anonymous_17)
DA:5,1
DA:6,1
DA:11,20
DA:14,0
DA:15,0
DA:29,0
DA:30,0
DA:31,0
DA:33,0
DA:35,0
DA:37,0
DA:38,0
DA:39,0
DA:40,0
DA:41,0
DA:42,0
DA:47,0
DA:52,0
DA:67,0
DA:72,0
DA:89,20
DA:90,20
DA:91,20
DA:92,20
DA:93,20
DA:94,20
DA:96,20
DA:97,20
DA:99,20
DA:100,8
DA:104,12
DA:111,3
DA:115,11
DA:116,11
DA:117,11
DA:119,11
DA:121,11
DA:124,3
DA:127,2
DA:132,8
DA:133,8
DA:134,4
DA:135,4
DA:139,8
DA:141,8
DA:144,2
DA:148,0
DA:153,0
DA:155,0
DA:156,0
DA:157,0
DA:161,0
DA:163,0
DA:167,0
DA:170,76
DA:171,2
DA:172,74
DA:174,16
DA:176,58
DA:180,1
DA:186,4
DA:188,4
DA:189,1
DA:190,1
DA:195,4
DA:197,4
DA:201,1
DA:206,2
DA:210,6
DA:211,6
DA:212,1
DA:213,1
DA:216,6
DA:218,6
DA:221,2
DA:225,6
DA:226,6
DA:227,1
DA:228,1
DA:229,1
DA:230,1
DA:231,1
DA:233,1
DA:236,5
DA:239,25
DA:240,25
DA:241,5
DA:242,5
DA:245,25
DA:247,25
DA:250,5
DA:254,1
DA:258,4
DA:259,4
DA:260,1
DA:261,1
DA:264,4
DA:266,4
DA:269,1
DA:274,1
DA:278,4
DA:279,4
DA:280,3
DA:281,3
DA:284,4
DA:286,4
DA:289,1
DA:293,3
DA:298,14
DA:299,14
DA:301,2
DA:302,2
DA:303,12
DA:304,4
DA:305,4
DA:306,8
DA:307,2
DA:308,2
DA:311,14
DA:313,14
DA:316,3
DA:321,1
LF:122
LH:97
BRDA:37,1,0,0
BRDA:37,1,1,0
BRDA:39,2,0,0
BRDA:39,2,1,0
BRDA:41,3,0,0
BRDA:41,3,1,0
BRDA:47,4,0,0
BRDA:47,4,1,0
BRDA:74,5,0,0
BRDA:74,5,1,0
BRDA:75,6,0,0
BRDA:75,6,1,0
BRDA:76,7,0,0
BRDA:76,7,1,0
BRDA:77,8,0,0
BRDA:77,8,1,0
BRDA:78,9,0,0
BRDA:78,9,1,0
BRDA:79,10,0,0
BRDA:79,10,1,0
BRDA:80,11,0,0
BRDA:80,11,1,0
BRDA:83,12,0,0
BRDA:83,12,1,0
BRDA:84,13,0,0
BRDA:84,13,1,0
BRDA:97,14,0,8
BRDA:97,14,1,12
BRDA:99,15,0,8
BRDA:99,15,1,12
BRDA:115,16,0,11
BRDA:115,16,1,0
BRDA:121,17,0,3
BRDA:121,17,1,8
BRDA:132,18,0,8
BRDA:132,18,1,0
BRDA:133,19,0,4
BRDA:133,19,1,4
BRDA:141,20,0,2
BRDA:141,20,1,6
BRDA:153,21,0,0
BRDA:153,21,1,0
BRDA:155,22,0,0
BRDA:155,22,1,0
BRDA:155,23,0,0
BRDA:155,23,1,0
BRDA:163,24,0,0
BRDA:163,24,1,0
BRDA:170,25,0,2
BRDA:170,25,1,74
BRDA:170,26,0,76
BRDA:170,26,1,24
BRDA:172,27,0,16
BRDA:172,27,1,58
BRDA:172,28,0,74
BRDA:172,28,1,52
BRDA:186,29,0,4
BRDA:186,29,1,0
BRDA:188,30,0,1
BRDA:188,30,1,3
BRDA:188,31,0,4
BRDA:188,31,1,2
BRDA:197,32,0,1
BRDA:197,32,1,3
BRDA:211,33,0,1
BRDA:211,33,1,5
BRDA:211,34,0,6
BRDA:211,34,1,6
BRDA:211,34,2,6
BRDA:218,35,0,2
BRDA:218,35,1,4
BRDA:226,36,0,1
BRDA:226,36,1,1
BRDA:226,36,2,1
BRDA:226,36,3,1
BRDA:226,36,4,1
BRDA:226,36,5,1
BRDA:240,37,0,5
BRDA:240,37,1,20
BRDA:240,38,0,25
BRDA:240,38,1,5
BRDA:240,38,2,5
BRDA:247,39,0,5
BRDA:247,39,1,20
BRDA:259,40,0,1
BRDA:259,40,1,3
BRDA:266,41,0,1
BRDA:266,41,1,3
BRDA:279,42,0,3
BRDA:279,42,1,1
BRDA:286,43,0,1
BRDA:286,43,1,3
BRDA:299,44,0,2
BRDA:299,44,1,12
BRDA:299,45,0,14
BRDA:299,45,1,9
BRDA:299,45,2,9
BRDA:299,45,3,5
BRDA:303,46,0,4
BRDA:303,46,1,8
BRDA:303,47,0,12
BRDA:303,47,1,7
BRDA:303,47,2,7
BRDA:306,48,0,2
BRDA:306,48,1,6
BRDA:306,49,0,8
BRDA:306,49,1,5
BRDA:306,49,2,5
BRDA:313,50,0,3
BRDA:313,50,1,11
BRF:110
BRH:73
end_of_record
TN:
SF:/root/PERSONAL_PROJECTS/duty/src/deletetodo.js
FN:2,(anonymous_1)
FN:3,(anonymous_2)
FN:6,(anonymous_3)
FN:28,(anonymous_4)
FN:43,(anonymous_5)
FN:46,(anonymous_6)
FN:49,(anonymous_7)
FN:73,(anonymous_8)
FN:110,(anonymous_9)
FN:150,(anonymous_10)
FN:193,(anonymous_11)
FNF:11
FNH:11
FNDA:10,(anonymous_1)
FNDA:10,(anonymous_2)
FNDA:10,(anonymous_3)
FNDA:40,(anonymous_4)
FNDA:6,(anonymous_5)
FNDA:1,(anonymous_6)
FNDA:1,(anonymous_7)
FNDA:4,(anonymous_8)
FNDA:2,(anonymous_9)
FNDA:1,(anonymous_10)
FNDA:1,(anonymous_11)
DA:4,10
DA:13,10
DA:18,10
DA:19,10
DA:20,10
DA:21,10
DA:22,10
DA:23,10
DA:25,10
DA:30,40
DA:32,1
DA:34,39
DA:36,3
DA:40,36
DA:44,6
DA:47,1
DA:51,1
DA:60,1
DA:62,1
DA:65,1
DA:74,4
DA:89,35
DA:90,35
DA:91,3
DA:92,3
DA:93,32
DA:94,1
DA:98,4
DA:111,2
DA:124,26
DA:125,26
DA:126,2
DA:127,2
DA:128,2
DA:131,26
DA:134,26
DA:137,2
DA:152,1
DA:166,13
DA:167,13
DA:168,13
DA:169,13
DA:170,13
DA:173,13
DA:176,13
DA:180,1
DA:194,1
DA:209,1
DA:211,1
DA:213,1
DA:214,1
DA:215,1
DA:218,1
DA:221,1
DA:225,1
DA:238,1
LF:56
LH:56
BRDA:30,1,0,1
BRDA:30,1,1,39
BRDA:30,2,0,40
BRDA:30,2,1,13
BRDA:34,3,0,3
BRDA:34,3,1,36
BRDA:34,4,0,39
BRDA:34,4,1,27
BRDA:90,5,0,3
BRDA:90,5,1,32
BRDA:93,6,0,1
BRDA:93,6,1,31
BRDA:125,7,0,2
BRDA:125,7,1,24
BRDA:134,8,0,2
BRDA:134,8,1,24
BRDA:167,9,0,13
BRDA:167,9,1,0
BRDA:176,10,0,1
BRDA:176,10,1,12
BRDA:211,11,0,1
BRDA:211,11,1,0
BRDA:211,12,0,1
BRDA:211,12,1,1
BRDA:221,13,0,1
BRDA:221,13,1,0
BRF:26
BRH:23
end_of_record
TN:
SF:/root/PERSONAL_PROJECTS/duty/src/exporttodo.js
FN:9,(anonymous_1)
FN:11,(anonymous_2)
FN:14,(anonymous_3)
FN:25,(anonymous_4)
FN:36,(anonymous_5)
FN:55,(anonymous_6)
FN:119,(anonymous_7)
FN:128,(anonymous_8)
FNF:8
FNH:8
FNDA:5,(anonymous_1)
FNDA:5,(anonymous_2)
FNDA:5,(anonymous_3)
FNDA:8,(anonymous_4)
FNDA:2,(anonymous_5)
FNDA:2,(anonymous_6)
FNDA:1,(anonymous_7)
FNDA:1,(anonymous_8)
DA:1,1
DA:2,1
DA:3,1
DA:4,1
DA:12,5
DA:15,5
DA:16,5
DA:17,5
DA:18,5
DA:21,5
DA:22,5
DA:27,8
DA:34,8
DA:38,2
DA:40,2
DA:42,2
DA:50,2
DA:52,2
DA:57,2
DA:72,2
DA:75,2
DA:78,1
DA:79,1
DA:80,1
DA:89,1
DA:91,8
DA:92,8
DA:94,8
DA:97,1
DA:99,1
DA:101,1
DA:103,1
DA:105,1
DA:110,1
DA:112,1
DA:116,2
DA:121,1
DA:123,1
DA:124,1
DA:129,1
DA:134,1
DA:136,1
DA:140,1
DA:142,1
DA:144,1
DA:147,1
DA:149,8
DA:151,8
DA:161,1
DA:165,1
DA:167,1
DA:169,1
DA:171,1
DA:174,1
DA:176,1
DA:180,1
DA:185,1
LF:57
LH:57
BRDA:18,1,0,5
BRDA:18,1,1,0
BRDA:30,2,0,1
BRDA:30,2,1,7
BRDA:91,3,0,0
BRDA:91,3,1,8
BRDA:103,4,0,1
BRDA:103,4,1,0
BRDA:149,5,0,0
BRDA:149,5,1,8
BRDA:153,6,0,1
BRDA:153,6,1,7
BRDA:169,7,0,1
BRDA:169,7,1,0
BRF:14
BRH:9
end_of_record
TN:
SF:/root/PERSONAL_PROJECTS/duty/src/daemon.js
FN:5,(anonymous_1)
FN:12,(anonymous_2)
FN:15,(anonymous_3)
FN:26,(anonymous_4)
FN:29,(anonymous_5)
FN:32,(anonymous_6)
FNF:6
FNH:0
FNDA:0,(anonymous_1)
FNDA:0,(anonymous_2)
FNDA:0,(anonymous_3)
FNDA:0,(anonymous_4)
FNDA:0,(anonymous_5)
FNDA:0,(anonymous_6)
DA:1,1
DA:2,1
DA:4,1
DA:10,0
DA:13,0
DA:16,0
DA:17,0
DA:18,0
DA:20,0
DA:23,0
DA:27,0
DA:33,0
LF:12
LH:3
BRF:0
BRH:0
end_of_record
