TN:
SF:/root/PERSONAL_PROJECTS/duty/src/utils.js
FN:31,isExists
FN:48,addOption
FN:73,appendOption
FN:95,replaceOption
FN:115,markCompletedOption
FN:137,noteOption
FN:156,removenoteOption
FN:175,dueOption
FN:193,urgencyOption
FN:214,readOption
FN:235,priorityOption
FNF:11
FNH:11
FNDA:2,isExists
FNDA:13,addOption
FNDA:3,appendOption
FNDA:4,replaceOption
FNDA:3,markCompletedOption
FNDA:3,noteOption
FNDA:3,removenoteOption
FNDA:6,dueOption
FNDA:9,urgencyOption
FNDA:23,readOption
FNDA:5,priorityOption
DA:1,1
DA:2,1
DA:3,1
DA:4,1
DA:5,1
DA:7,1
DA:8,72
DA:11,1
DA:12,40
DA:14,1
DA:15,3
DA:21,1
DA:23,6
DA:24,6
DA:26,6
DA:28,1
DA:29,2
DA:31,1
DA:33,2
DA:36,2
DA:39,0
DA:43,2
DA:48,1
DA:49,13
DA:52,13
DA:55,10
DA:62,10
DA:64,10
DA:68,3
DA:73,1
DA:75,3
DA:77,3
DA:79,1
DA:84,1
DA:86,1
DA:89,2
DA:95,1
DA:97,4
DA:99,4
DA:101,2
DA:106,2
DA:108,2
DA:111,2
DA:115,1
DA:117,3
DA:119,3
DA:121,1
DA:126,1
DA:128,1
DA:132,2
DA:137,1
DA:138,3
DA:139,3
DA:141,1
DA:146,1
DA:148,1
DA:151,2
DA:156,1
DA:157,3
DA:158,3
DA:160,1
DA:165,1
DA:167,1
DA:170,2
DA:175,1
DA:176,6
DA:178,6
DA:181,3
DA:186,3
DA:187,3
DA:189,3
DA:193,1
DA:194,9
DA:196,9
DA:199,5
DA:204,5
DA:206,5
DA:209,4
DA:210,4
DA:214,1
DA:216,23
DA:218,23
DA:220,16
DA:221,16
DA:222,31
DA:223,31
DA:226,16
DA:229,7
DA:230,7
DA:235,1
DA:236,5
DA:238,5
DA:240,2
DA:245,2
DA:247,2
DA:251,3
DA:252,3
DA:255,1
LF:98
LH:97
BRDA:12,1,0,0
BRDA:12,1,1,40
BRDA:36,2,0,0
BRDA:36,2,1,2
BRDA:36,3,0,2
BRDA:36,3,1,1
BRDA:36,3,2,1
BRDA:39,4,0,0
BRDA:39,4,1,0
BRDA:223,5,0,0
BRDA:223,5,1,31
BRF:11
BRH:6
end_of_record
TN:
SF:/root/PERSONAL_PROJECTS/duty/src/duty.js
FN:28,(anonymous_1)
FN:44,(anonymous_2)
FN:102,(anonymous_3)
FN:124,(anonymous_4)
FN:127,(anonymous_5)
FN:169,(anonymous_6)
FN:174,(anonymous_7)
FN:177,(anonymous_8)
FN:180,(anonymous_9)
FN:183,(anonymous_10)
FN:186,(anonymous_11)
FN:189,(anonymous_12)
FN:192,(anonymous_13)
FN:195,(anonymous_14)
FN:198,(anonymous_15)
FN:201,(anonymous_16)
FN:204,(anonymous_17)
FN:207,(anonymous_18)
FN:210,(anonymous_19)
FN:213,(anonymous_20)
FN:289,(anonymous_21)
FN:292,(anonymous_22)
FN:295,(anonymous_23)
FN:301,(anonymous_24)
FN:352,(anonymous_25)
FN:364,(anonymous_26)
FN:393,(anonymous_27)
FN:437,(anonymous_28)
FN:479,(anonymous_29)
FN:514,(anonymous_30)
FN:556,(anonymous_31)
FN:587,(anonymous_32)
FN:623,(anonymous_33)
FN:663,(anonymous_34)
FN:734,(anonymous_35)
FN:776,(anonymous_36)
FN:848,(anonymous_37)
FN:883,(anonymous_38)
FN:907,(anonymous_39)
FN:910,(anonymous_40)
FN:913,(anonymous_41)
FN:970,(anonymous_42)
FN:1020,(anonymous_43)
FN:1042,(anonymous_44)
FN:1052,(anonymous_45)
FN:1063,(anonymous_46)
FNF:46
FNH:35
FNDA:54,(anonymous_1)
FNDA:0,(anonymous_2)
FNDA:11,(anonymous_3)
FNDA:0,(anonymous_4)
FNDA:3,(anonymous_5)
FNDA:13,(anonymous_6)
FNDA:1,(anonymous_7)
FNDA:8,(anonymous_8)
FNDA:3,(anonymous_9)
FNDA:1,(anonymous_10)
FNDA:2,(anonymous_11)
FNDA:1,(anonymous_12)
FNDA:9,(anonymous_13)
FNDA:1,(anonymous_14)
FNDA:1,(anonymous_15)
FNDA:3,(anonymous_16)
FNDA:1,(anonymous_17)
FNDA:5,(anonymous_18)
FNDA:2,(anonymous_19)
FNDA:62,(anonymous_20)
FNDA:0,(anonymous_21)
FNDA:8,(anonymous_22)
FNDA:26,(anonymous_23)
FNDA:10,(anonymous_24)
FNDA:62,(anonymous_25)
FNDA:13,(anonymous_26)
FNDA:3,(anonymous_27)
FNDA:4,(anonymous_28)
FNDA:3,(anonymous_29)
FNDA:3,(anonymous_30)
FNDA:3,(anonymous_31)
FNDA:23,(anonymous_32)
FNDA:0,(anonymous_33)
FNDA:9,(anonymous_34)
FNDA:5,(anonymous_35)
FNDA:0,(anonymous_36)
FNDA:6,(anonymous_37)
FNDA:0,(anonymous_38)
FNDA:8,(anonymous_39)
FNDA:8,(anonymous_40)
FNDA:8,(anonymous_41)
FNDA:0,(anonymous_42)
FNDA:0,(anonymous_43)
FNDA:0,(anonymous_44)
FNDA:0,(anonymous_45)
FNDA:0,(anonymous_46)
DA:1,1
DA:2,1
DA:3,1
DA:4,1
DA:5,1
DA:6,1
DA:9,1
DA:10,1
DA:12,1
DA:18,1
DA:20,1
DA:24,1
DA:35,54
DA:46,0
DA:57,0
DA:59,0
DA:61,0
DA:62,0
DA:63,0
DA:66,0
DA:70,0
DA:71,0
DA:76,0
DA:78,0
DA:82,0
DA:83,0
DA:85,0
DA:87,0
DA:91,0
DA:94,0
DA:96,0
DA:98,0
DA:104,11
DA:106,11
DA:107,0
DA:110,11
DA:113,11
DA:116,8
DA:120,3
DA:125,0
DA:137,3
DA:139,2
DA:140,2
DA:142,1
DA:143,1
DA:145,0
DA:146,0
DA:148,0
DA:151,3
DA:157,3
DA:158,3
DA:159,3
DA:166,3
DA:172,13
DA:175,1
DA:178,8
DA:181,3
DA:184,1
DA:187,2
DA:190,1
DA:193,9
DA:196,1
DA:199,1
DA:202,3
DA:205,1
DA:208,5
DA:211,2
DA:217,62
DA:219,62
DA:221,62
DA:224,62
DA:233,265
DA:235,265
DA:237,1
DA:238,1
DA:240,3
DA:241,3
DA:243,1
DA:244,1
DA:246,8
DA:247,8
DA:249,1
DA:250,1
DA:252,9
DA:253,9
DA:255,2
DA:256,2
DA:258,1
DA:259,1
DA:261,1
DA:262,1
DA:264,1
DA:265,1
DA:267,3
DA:268,3
DA:270,5
DA:271,5
DA:273,2
DA:274,2
DA:277,227
DA:278,16
DA:281,227
DA:283,265
DA:290,0
DA:293,8
DA:299,26
DA:313,10
DA:315,10
DA:317,10
DA:322,10
DA:333,10
DA:335,10
DA:339,0
DA:340,0
DA:342,0
DA:345,10
DA:349,10
DA:350,10
DA:353,62
DA:360,62
DA:361,265
DA:370,13
DA:372,13
DA:373,1
DA:375,12
DA:377,12
DA:380,52
DA:382,52
DA:383,3
DA:384,3
DA:385,49
DA:386,9
DA:390,12
DA:398,3
DA:399,1
DA:402,2
DA:413,4
DA:414,4
DA:416,1
DA:418,1
DA:427,1
DA:428,3
DA:431,1
DA:435,2
DA:442,4
DA:443,1
DA:446,3
DA:450,3
DA:458,11
DA:459,11
DA:461,2
DA:463,2
DA:471,2
DA:472,9
DA:473,1
DA:477,3
DA:483,3
DA:485,1
DA:488,2
DA:499,4
DA:500,4
DA:501,1
DA:504,1
DA:505,3
DA:506,0
DA:507,3
DA:508,1
DA:512,2
DA:518,3
DA:519,1
DA:522,2
DA:532,4
DA:533,4
DA:535,1
DA:538,1
DA:540,3
DA:542,0
DA:544,0
DA:547,0
DA:548,3
DA:549,1
DA:553,2
DA:560,3
DA:561,1
DA:564,2
DA:574,4
DA:575,4
DA:576,1
DA:577,1
DA:578,3
DA:579,0
DA:580,3
DA:581,1
DA:585,2
DA:590,23
DA:595,23
DA:596,1
DA:597,22
DA:598,1
DA:599,21
DA:600,2
DA:604,19
DA:606,19
DA:607,19
DA:612,19
DA:620,1
DA:625,0
DA:629,0
DA:630,0
DA:631,0
DA:632,0
DA:633,0
DA:634,0
DA:635,0
DA:637,0
DA:638,0
DA:639,0
DA:640,0
DA:641,0
DA:642,0
DA:643,0
DA:646,0
DA:647,0
DA:649,0
DA:651,0
DA:659,0
DA:660,0
DA:668,9
DA:669,1
DA:672,8
DA:674,8
DA:676,3
DA:678,1
DA:680,1
DA:682,1
DA:684,1
DA:686,1
DA:694,7
DA:705,21
DA:706,21
DA:708,5
DA:709,1
DA:712,4
DA:713,4
DA:717,4
DA:718,16
DA:719,1
DA:720,1
DA:721,1
DA:724,1
DA:726,15
DA:727,1
DA:732,7
DA:739,5
DA:740,1
DA:743,4
DA:745,2
DA:747,1
DA:749,1
DA:753,3
DA:763,24
DA:764,24
DA:765,2
DA:768,2
DA:769,22
DA:770,1
DA:774,3
DA:781,0
DA:783,0
DA:784,0
DA:786,0
DA:788,0
DA:789,0
DA:791,0
DA:793,0
DA:794,0
DA:798,0
DA:809,0
DA:810,0
DA:813,0
DA:814,0
DA:816,0
DA:820,0
DA:822,0
DA:824,0
DA:826,0
DA:827,0
DA:831,0
DA:832,0
DA:833,0
DA:837,0
DA:839,0
DA:844,0
DA:853,6
DA:854,1
DA:855,5
DA:856,1
DA:859,4
DA:869,15
DA:870,15
DA:871,3
DA:874,3
DA:876,12
DA:877,1
DA:881,4
DA:887,0
DA:888,0
DA:889,0
DA:890,0
DA:891,0
DA:894,0
DA:895,0
DA:896,0
DA:897,0
DA:904,0
DA:908,8
DA:911,8
DA:918,8
DA:919,0
DA:920,0
DA:921,8
DA:922,0
DA:923,0
DA:926,8
DA:927,0
DA:928,0
DA:931,8
DA:932,0
DA:933,0
DA:936,8
DA:946,32
DA:947,32
DA:948,8
DA:952,8
DA:954,24
DA:955,6
DA:959,8
DA:961,0
DA:966,0
DA:971,0
DA:972,0
DA:973,0
DA:974,0
DA:975,0
DA:976,0
DA:979,0
DA:989,0
DA:990,0
DA:991,0
DA:992,0
DA:1000,0
DA:1002,0
DA:1003,0
DA:1009,0
DA:1011,0
DA:1016,0
DA:1022,0
DA:1024,0
DA:1030,0
DA:1032,0
DA:1034,0
DA:1035,0
DA:1037,0
DA:1043,0
DA:1044,0
DA:1045,0
DA:1046,0
DA:1048,0
DA:1053,0
DA:1055,0
DA:1057,0
DA:1071,0
DA:1073,0
DA:1074,0
DA:1089,0
DA:1090,0
DA:1096,1
LF:377
LH:240
BRDA:61,1,0,0
BRDA:61,1,1,0
BRDA:70,2,0,0
BRDA:70,2,1,0
BRDA:82,3,0,0
BRDA:82,3,1,0
BRDA:106,4,0,0
BRDA:106,4,1,11
BRDA:113,5,0,8
BRDA:113,5,1,3
BRDA:113,6,0,11
BRDA:113,6,1,11
BRDA:113,6,2,8
BRDA:113,6,3,8
BRDA:113,6,4,8
BRDA:137,7,0,2
BRDA:137,7,1,1
BRDA:137,7,2,0
BRDA:137,7,3,0
BRDA:172,8,0,12
BRDA:172,8,1,1
BRDA:235,9,0,1
BRDA:235,9,1,3
BRDA:235,9,2,1
BRDA:235,9,3,8
BRDA:235,9,4,1
BRDA:235,9,5,9
BRDA:235,9,6,2
BRDA:235,9,7,1
BRDA:235,9,8,1
BRDA:235,9,9,1
BRDA:235,9,10,3
BRDA:235,9,11,5
BRDA:235,9,12,2
BRDA:235,9,13,227
BRDA:277,10,0,16
BRDA:277,10,1,211
BRDA:277,11,0,227
BRDA:277,11,1,16
BRDA:333,12,0,10
BRDA:333,12,1,0
BRDA:333,13,0,10
BRDA:333,13,1,10
BRDA:339,14,0,0
BRDA:339,14,1,0
BRDA:339,15,0,0
BRDA:339,15,1,0
BRDA:349,16,0,0
BRDA:349,16,1,10
BRDA:372,17,0,1
BRDA:372,17,1,12
BRDA:382,18,0,3
BRDA:382,18,1,49
BRDA:385,19,0,9
BRDA:385,19,1,40
BRDA:385,20,0,49
BRDA:385,20,1,9
BRDA:398,21,0,1
BRDA:398,21,1,2
BRDA:414,22,0,1
BRDA:414,22,1,3
BRDA:428,23,0,1
BRDA:428,23,1,2
BRDA:442,24,0,1
BRDA:442,24,1,3
BRDA:459,25,0,2
BRDA:459,25,1,9
BRDA:472,26,0,1
BRDA:472,26,1,8
BRDA:483,27,0,1
BRDA:483,27,1,2
BRDA:500,28,0,1
BRDA:500,28,1,3
BRDA:500,29,0,4
BRDA:500,29,1,1
BRDA:505,30,0,0
BRDA:505,30,1,3
BRDA:505,31,0,3
BRDA:505,31,1,0
BRDA:507,32,0,1
BRDA:507,32,1,2
BRDA:518,33,0,1
BRDA:518,33,1,2
BRDA:533,34,0,1
BRDA:533,34,1,3
BRDA:533,35,0,4
BRDA:533,35,1,1
BRDA:540,36,0,0
BRDA:540,36,1,3
BRDA:540,37,0,3
BRDA:540,37,1,0
BRDA:548,38,0,1
BRDA:548,38,1,2
BRDA:560,39,0,1
BRDA:560,39,1,2
BRDA:575,40,0,1
BRDA:575,40,1,3
BRDA:575,41,0,4
BRDA:575,41,1,1
BRDA:578,42,0,0
BRDA:578,42,1,3
BRDA:578,43,0,3
BRDA:578,43,1,0
BRDA:580,44,0,1
BRDA:580,44,1,2
BRDA:595,45,0,1
BRDA:595,45,1,22
BRDA:595,46,0,23
BRDA:595,46,1,6
BRDA:595,46,2,3
BRDA:597,47,0,1
BRDA:597,47,1,21
BRDA:597,48,0,22
BRDA:597,48,1,2
BRDA:599,49,0,2
BRDA:599,49,1,19
BRDA:599,50,0,21
BRDA:599,50,1,17
BRDA:599,50,2,6
BRDA:599,51,0,6
BRDA:599,51,1,2
BRDA:629,52,0,0
BRDA:629,52,1,0
BRDA:632,53,0,0
BRDA:632,53,1,0
BRDA:632,54,0,0
BRDA:632,54,1,0
BRDA:635,55,0,0
BRDA:635,55,1,0
BRDA:635,56,0,0
BRDA:635,56,1,0
BRDA:635,56,2,0
BRDA:639,57,0,0
BRDA:639,57,1,0
BRDA:639,58,0,0
BRDA:639,58,1,0
BRDA:642,59,0,0
BRDA:642,59,1,0
BRDA:642,60,0,0
BRDA:642,60,1,0
BRDA:668,61,0,1
BRDA:668,61,1,8
BRDA:674,62,0,3
BRDA:674,62,1,1
BRDA:674,62,2,1
BRDA:674,62,3,1
BRDA:674,62,4,1
BRDA:674,62,5,1
BRDA:706,63,0,5
BRDA:706,63,1,16
BRDA:706,64,0,21
BRDA:706,64,1,6
BRDA:708,65,0,1
BRDA:708,65,1,4
BRDA:718,66,0,1
BRDA:718,66,1,15
BRDA:718,67,0,16
BRDA:718,67,1,1
BRDA:726,68,0,1
BRDA:726,68,1,14
BRDA:739,69,0,1
BRDA:739,69,1,4
BRDA:743,70,0,2
BRDA:743,70,1,1
BRDA:743,70,2,1
BRDA:764,71,0,2
BRDA:764,71,1,22
BRDA:769,72,0,1
BRDA:769,72,1,21
BRDA:781,73,0,0
BRDA:781,73,1,0
BRDA:786,74,0,0
BRDA:786,74,1,0
BRDA:791,75,0,0
BRDA:791,75,1,0
BRDA:791,76,0,0
BRDA:791,76,1,0
BRDA:810,77,0,0
BRDA:810,77,1,0
BRDA:810,78,0,0
BRDA:810,78,1,0
BRDA:822,79,0,0
BRDA:822,79,1,0
BRDA:822,80,0,0
BRDA:822,80,1,0
BRDA:832,81,0,0
BRDA:832,81,1,0
BRDA:853,82,0,1
BRDA:853,82,1,5
BRDA:855,83,0,1
BRDA:855,83,1,4
BRDA:870,84,0,3
BRDA:870,84,1,12
BRDA:876,85,0,1
BRDA:876,85,1,11
BRDA:887,86,0,0
BRDA:887,86,1,0
BRDA:890,87,0,0
BRDA:890,87,1,0
BRDA:890,88,0,0
BRDA:890,88,1,0
BRDA:890,88,2,0
BRDA:908,89,0,8
BRDA:908,89,1,4
BRDA:918,90,0,0
BRDA:918,90,1,8
BRDA:921,91,0,0
BRDA:921,91,1,8
BRDA:921,92,0,8
BRDA:921,92,1,8
BRDA:926,93,0,0
BRDA:926,93,1,8
BRDA:931,94,0,0
BRDA:931,94,1,8
BRDA:947,95,0,8
BRDA:947,95,1,24
BRDA:954,96,0,6
BRDA:954,96,1,18
BRDA:971,97,0,0
BRDA:971,97,1,0
BRDA:974,98,0,0
BRDA:974,98,1,0
BRDA:974,99,0,0
BRDA:974,99,1,0
BRDA:990,100,0,0
BRDA:990,100,1,0
BRDA:1002,101,0,0
BRDA:1002,101,1,0
BRDA:1022,102,0,0
BRDA:1022,102,1,0
BRDA:1034,103,0,0
BRDA:1034,103,1,0
BRDA:1071,104,0,0
BRDA:1071,104,1,0
BRF:234
BRH:149
end_of_record
TN:
SF:/root/PERSONAL_PROJECTS/duty/src/readtodo.js
FN:9,(anonymous_1)
FN:10,(anonymous_2)
FN:13,(anonymous_3)
FN:27,(anonymous_4)
FN:46,(anonymous_5)
FN:50,(anonymous_6)
FN:88,(anonymous_7)
FN:109,(anonymous_8)
FN:126,(anonymous_9)
FN:146,(anonymous_10)
FN:168,(anonymous_11)
FN:177,(anonymous_12)
FN:203,(anonymous_13)
FN:222,(anonymous_14)
FN:252,(anonymous_15)
FN:271,(anonymous_16)
FN:291,(anonymous_17)
FNF:17
FNH:15
FNDA:19,(anonymous_1)
FNDA:19,(anonymous_2)
FNDA:3,(anonymous_3)
FNDA:3,(anonymous_4)
FNDA:0,(anonymous_5)
FNDA:0,(anonymous_6)
FNDA:19,(anonymous_7)
FNDA:1,(anonymous_8)
FNDA:2,(anonymous_9)
FNDA:1,(anonymous_10)
FNDA:94,(anonymous_11)
FNDA:1,(anonymous_12)
FNDA:2,(anonymous_13)
FNDA:6,(anonymous_14)
FNDA:1,(anonymous_15)
FNDA:1,(anonymous_16)
FNDA:3,(anonymous_17)
DA:5,1
DA:6,1
DA:11,19
DA:14,3
DA:15,3
DA:29,3
DA:30,3
DA:31,3
DA:33,3
DA:35,3
DA:37,3
DA:38,2
DA:39,1
DA:40,1
DA:41,0
DA:42,0
DA:47,0
DA:52,0
DA:67,0
DA:72,0
DA:89,19
DA:90,19
DA:91,19
DA:92,19
DA:93,19
DA:94,19
DA:96,19
DA:97,19
DA:99,19
DA:100,9
DA:104,10
DA:111,1
DA:114,3
DA:115,3
DA:116,2
DA:117,2
DA:119,3
DA:121,3
DA:124,1
DA:127,2
DA:131,7
DA:132,7
DA:133,5
DA:134,5
DA:135,5
DA:139,7
DA:141,7
DA:144,2
DA:148,1
DA:153,5
DA:154,5
DA:155,1
DA:156,1
DA:160,5
DA:162,5
DA:166,1
DA:169,94
DA:170,1
DA:171,93
DA:173,16
DA:175,77
DA:179,1
DA:185,6
DA:187,6
DA:188,1
DA:189,1
DA:194,6
DA:196,6
DA:200,1
DA:205,2
DA:209,6
DA:210,6
DA:211,1
DA:212,1
DA:215,6
DA:217,6
DA:220,2
DA:224,6
DA:225,6
DA:226,1
DA:227,1
DA:228,1
DA:229,1
DA:230,1
DA:232,1
DA:235,5
DA:238,35
DA:239,35
DA:240,5
DA:241,5
DA:244,35
DA:246,35
DA:249,5
DA:253,1
DA:257,6
DA:258,6
DA:259,1
DA:260,1
DA:263,6
DA:265,6
DA:268,1
DA:273,1
DA:277,6
DA:278,6
DA:279,5
DA:280,5
DA:283,6
DA:285,6
DA:288,1
DA:292,3
DA:297,20
DA:298,20
DA:300,2
DA:301,2
DA:302,18
DA:303,6
DA:304,6
DA:305,12
DA:306,2
DA:307,2
DA:310,20
DA:312,20
DA:315,3
DA:320,1
LF:124
LH:118
BRDA:37,1,0,2
BRDA:37,1,1,1
BRDA:39,2,0,1
BRDA:39,2,1,0
BRDA:41,3,0,0
BRDA:41,3,1,0
BRDA:47,4,0,0
BRDA:47,4,1,0
BRDA:74,5,0,0
BRDA:74,5,1,0
BRDA:75,6,0,0
BRDA:75,6,1,0
BRDA:76,7,0,0
BRDA:76,7,1,0
BRDA:77,8,0,0
BRDA:77,8,1,0
BRDA:78,9,0,0
BRDA:78,9,1,0
BRDA:79,10,0,0
BRDA:79,10,1,0
BRDA:80,11,0,0
BRDA:80,11,1,0
BRDA:83,12,0,0
BRDA:83,12,1,0
BRDA:84,13,0,0
BRDA:84,13,1,0
BRDA:97,14,0,9
BRDA:97,14,1,10
BRDA:99,15,0,9
BRDA:99,15,1,10
BRDA:115,16,0,2
BRDA:115,16,1,1
BRDA:121,17,0,1
BRDA:121,17,1,2
BRDA:132,18,0,5
BRDA:132,18,1,2
BRDA:133,19,0,5
BRDA:133,19,1,0
BRDA:141,20,0,2
BRDA:141,20,1,5
BRDA:153,21,0,5
BRDA:153,21,1,0
BRDA:154,22,0,1
BRDA:154,22,1,4
BRDA:154,23,0,5
BRDA:154,23,1,2
BRDA:162,24,0,1
BRDA:162,24,1,4
BRDA:169,25,0,1
BRDA:169,25,1,93
BRDA:169,26,0,94
BRDA:169,26,1,26
BRDA:171,27,0,16
BRDA:171,27,1,77
BRDA:171,28,0,93
BRDA:171,28,1,68
BRDA:185,29,0,6
BRDA:185,29,1,0
BRDA:187,30,0,1
BRDA:187,30,1,5
BRDA:187,31,0,6
BRDA:187,31,1,3
BRDA:196,32,0,1
BRDA:196,32,1,5
BRDA:210,33,0,1
BRDA:210,33,1,5
BRDA:210,34,0,6
BRDA:210,34,1,6
BRDA:210,34,2,6
BRDA:217,35,0,2
BRDA:217,35,1,4
BRDA:225,36,0,1
BRDA:225,36,1,1
BRDA:225,36,2,1
BRDA:225,36,3,1
BRDA:225,36,4,1
BRDA:225,36,5,1
BRDA:239,37,0,5
BRDA:239,37,1,30
BRDA:239,38,0,35
BRDA:239,38,1,5
BRDA:239,38,2,5
BRDA:246,39,0,5
BRDA:246,39,1,30
BRDA:258,40,0,1
BRDA:258,40,1,5
BRDA:265,41,0,1
BRDA:265,41,1,5
BRDA:278,42,0,5
BRDA:278,42,1,1
BRDA:285,43,0,1
BRDA:285,43,1,5
BRDA:298,44,0,2
BRDA:298,44,1,18
BRDA:298,45,0,20
BRDA:298,45,1,13
BRDA:298,45,2,13
BRDA:298,45,3,7
BRDA:302,46,0,6
BRDA:302,46,1,12
BRDA:302,47,0,18
BRDA:302,47,1,11
BRDA:302,47,2,11
BRDA:305,48,0,2
BRDA:305,48,1,10
BRDA:305,49,0,12
BRDA:305,49,1,7
BRDA:305,49,2,7
BRDA:312,50,0,3
BRDA:312,50,1,17
BRF:110
BRH:84
end_of_record
TN:
SF:/root/PERSONAL_PROJECTS/duty/src/deletetodo.js
FN:2,(anonymous_1)
FN:3,(anonymous_2)
FN:6,(anonymous_3)
FN:27,(anonymous_4)
FN:49,(anonymous_5)
FN:84,(anonymous_6)
FN:123,(anonymous_7)
FN:164,(anonymous_8)
FNF:8
FNH:0
FNDA:0,(anonymous_1)
FNDA:0,(anonymous_2)
FNDA:0,(anonymous_3)
FNDA:0,(anonymous_4)
FNDA:0,(anonymous_5)
FNDA:0,(anonymous_6)
FNDA:0,(anonymous_7)
FNDA:0,(anonymous_8)
DA:4,0
DA:13,0
DA:18,0
DA:19,0
DA:20,0
DA:21,0
DA:22,0
DA:23,0
DA:25,0
DA:29,0
DA:38,0
DA:40,0
DA:42,0
DA:47,0
DA:50,0
DA:65,0
DA:66,0
DA:67,0
DA:68,0
DA:69,0
DA:70,0
DA:74,0
DA:76,0
DA:81,0
DA:85,0
DA:98,0
DA:99,0
DA:100,0
DA:101,0
DA:102,0
DA:105,0
DA:106,0
DA:107,0
DA:108,0
DA:112,0
DA:114,0
DA:118,0
DA:120,0
DA:125,0
DA:139,0
DA:140,0
DA:141,0
DA:142,0
DA:143,0
DA:146,0
DA:147,0
DA:148,0
DA:149,0
DA:153,0
DA:155,0
DA:161,0
DA:165,0
DA:180,0
DA:182,0
DA:183,0
DA:184,0
DA:185,0
DA:188,0
DA:189,0
DA:190,0
DA:191,0
DA:195,0
DA:197,0
DA:202,0
DA:207,1
LF:65
LH:1
BRDA:66,1,0,0
BRDA:66,1,1,0
BRDA:69,2,0,0
BRDA:69,2,1,0
BRDA:99,3,0,0
BRDA:99,3,1,0
BRDA:105,4,0,0
BRDA:105,4,1,0
BRDA:105,5,0,0
BRDA:105,5,1,0
BRDA:107,6,0,0
BRDA:107,6,1,0
BRDA:107,7,0,0
BRDA:107,7,1,0
BRDA:140,8,0,0
BRDA:140,8,1,0
BRDA:146,9,0,0
BRDA:146,9,1,0
BRDA:146,10,0,0
BRDA:146,10,1,0
BRDA:148,11,0,0
BRDA:148,11,1,0
BRDA:148,12,0,0
BRDA:148,12,1,0
BRDA:182,13,0,0
BRDA:182,13,1,0
BRDA:182,14,0,0
BRDA:182,14,1,0
BRDA:188,15,0,0
BRDA:188,15,1,0
BRDA:188,16,0,0
BRDA:188,16,1,0
BRDA:190,17,0,0
BRDA:190,17,1,0
BRDA:190,18,0,0
BRDA:190,18,1,0
BRF:36
BRH:0
end_of_record
TN:
SF:/root/PERSONAL_PROJECTS/duty/src/exporttodo.js
FN:8,(anonymous_1)
FN:10,(anonymous_2)
FN:13,(anonymous_3)
FN:24,(anonymous_4)
FN:35,(anonymous_5)
FN:54,(anonymous_6)
FN:129,(anonymous_7)
FN:141,(anonymous_8)
FNF:8
FNH:0
FNDA:0,(anonymous_1)
FNDA:0,(anonymous_2)
FNDA:0,(anonymous_3)
FNDA:0,(anonymous_4)
FNDA:0,(anonymous_5)
FNDA:0,(anonymous_6)
FNDA:0,(anonymous_7)
FNDA:0,(anonymous_8)
DA:1,1
DA:2,1
DA:3,1
DA:4,1
DA:11,0
DA:14,0
DA:15,0
DA:16,0
DA:17,0
DA:20,0
DA:21,0
DA:26,0
DA:33,0
DA:37,0
DA:39,0
DA:41,0
DA:49,0
DA:51,0
DA:55,0
DA:69,0
DA:72,0
DA:75,0
DA:76,0
DA:77,0
DA:85,0
DA:87,0
DA:88,0
DA:90,0
DA:93,0
DA:95,0
DA:97,0
DA:99,0
DA:101,0
DA:106,0
DA:108,0
DA:112,0
DA:115,0
DA:119,0
DA:123,0
DA:126,0
DA:131,0
DA:133,0
DA:134,0
DA:135,0
DA:137,0
DA:142,0
DA:147,0
DA:149,0
DA:153,0
DA:155,0
DA:157,0
DA:160,0
DA:162,0
DA:164,0
DA:174,0
DA:178,0
DA:180,0
DA:182,0
DA:184,0
DA:187,0
DA:189,0
DA:193,0
DA:195,0
DA:198,0
DA:204,1
LF:65
LH:5
BRDA:17,1,0,0
BRDA:17,1,1,0
BRDA:29,2,0,0
BRDA:29,2,1,0
BRDA:87,3,0,0
BRDA:87,3,1,0
BRDA:99,4,0,0
BRDA:99,4,1,0
BRDA:162,5,0,0
BRDA:162,5,1,0
BRDA:166,6,0,0
BRDA:166,6,1,0
BRDA:182,7,0,0
BRDA:182,7,1,0
BRF:14
BRH:0
end_of_record
TN:
SF:/root/PERSONAL_PROJECTS/duty/src/daemon.js
FN:5,(anonymous_1)
FN:12,(anonymous_2)
FN:15,(anonymous_3)
FN:27,(anonymous_4)
FN:30,(anonymous_5)
FN:33,(anonymous_6)
FNF:6
FNH:0
FNDA:0,(anonymous_1)
FNDA:0,(anonymous_2)
FNDA:0,(anonymous_3)
FNDA:0,(anonymous_4)
FNDA:0,(anonymous_5)
FNDA:0,(anonymous_6)
DA:1,1
DA:2,1
DA:4,1
DA:10,0
DA:13,0
DA:16,0
DA:17,0
DA:18,0
DA:20,0
DA:21,0
DA:24,0
DA:28,0
DA:34,0
LF:13
LH:3
BRF:0
BRH:0
end_of_record
